#
# A fatal error has been detected by the Java Runtime Environment:
#
#  SIGSEGV (0xb) at pc=0x00000001351fa860, pid=37974, tid=6659
#
# JRE version: OpenJDK Runtime Environment Corretto-11.0.18.10.1 (11.0.18+10) (build 11.0.18+10-LTS)
# Java VM: OpenJDK 64-Bit Server VM Corretto-11.0.18.10.1 (11.0.18+10-LTS, mixed mode, tiered, compressed oops, g1 gc, bsd-amd64)
# Problematic frame:
# C  [libgdx-box2d64.dylib+0x12860]  _ZN7b2Joint7DestroyEPS_P16b2BlockAllocator+0x10
#
# No core dump will be written. Core dumps have been disabled. To enable core dumping, try "ulimit -c unlimited" before starting Java again
#
# If you would like to submit a bug report, please visit:
#   https://github.com/corretto/corretto-11/issues/
# The crash happened outside the Java Virtual Machine in native code.
# See problematic frame for where to report the bug.
#

---------------  S U M M A R Y ------------

Command Line: -Dfile.encoding=UTF-8 -Duser.country=US -Duser.language=en -Duser.variant edu.cornell.gdiac.physics.desktop.DesktopLauncher

Host: MacBookAir9,1 x86_64 1100 MHz, 4 cores, 8G, Darwin 21.6.0
Time: Thu Feb 23 17:29:22 2023 EST elapsed time: 21.623653 seconds (0d 0h 0m 21s)

---------------  T H R E A D  ---------------

Current thread (0x00007f8c9b81d000):  JavaThread "main" [_thread_in_native, id=6659, stack(0x00007000030aa000,0x00007000031aa000)]

Stack: [0x00007000030aa000,0x00007000031aa000],  sp=0x00007000031a9510,  free space=1021k
Native frames: (J=compiled Java code, A=aot compiled Java code, j=interpreted, Vv=VM code, C=native code)
C  [libgdx-box2d64.dylib+0x12860]  _ZN7b2Joint7DestroyEPS_P16b2BlockAllocator+0x10
C  [libgdx-box2d64.dylib+0x1eae4]  _ZN7b2World12DestroyJointEP7b2Joint+0x124
C  [libgdx-box2d64.dylib+0x24b12]  Java_com_badlogic_gdx_physics_box2d_World_jniDestroyJoint+0x62
j  com.badlogic.gdx.physics.box2d.World.jniDestroyJoint(JJ)V+0
j  com.badlogic.gdx.physics.box2d.World.destroyJoint(Lcom/badlogic/gdx/physics/box2d/Joint;)V+64
J 1591 c1 edu.cornell.gdiac.physics.ragdoll.RagdollController.update(F)V (169 bytes) @ 0x0000000111a26dcc [0x0000000111a265c0+0x000000000000080c]
J 1582 c1 edu.cornell.gdiac.physics.WorldController.render(F)V (31 bytes) @ 0x0000000111a22a54 [0x0000000111a22800+0x0000000000000254]
J 1496 c1 lwjgl3.Lwjgl3Window.update()Z (217 bytes) @ 0x0000000111a05c0c [0x0000000111a04940+0x00000000000012cc]
j  lwjgl3.Lwjgl3Application.loop()V+109
j  lwjgl3.Lwjgl3Application.<init>(Lcom/badlogic/gdx/ApplicationListener;Llwjgl3/Lwjgl3ApplicationConfiguration;)V+224
j  edu.cornell.gdiac.backend.GDXApp.<init>(Lcom/badlogic/gdx/ApplicationListener;Ledu/cornell/gdiac/backend/GDXAppSettings;)V+6
j  edu.cornell.gdiac.physics.desktop.DesktopLauncher.main([Ljava/lang/String;)V+44
v  ~StubRoutines::call_stub
V  [libjvm.dylib+0x3c978f]  _ZN9JavaCalls11call_helperEP9JavaValueRK12methodHandleP17JavaCallArgumentsP6Thread+0x257
V  [libjvm.dylib+0x40f61e]  _ZL17jni_invoke_staticP7JNIEnv_P9JavaValueP8_jobject11JNICallTypeP10_jmethodIDP18JNI_ArgumentPusherP6Thread+0x115
V  [libjvm.dylib+0x4123dd]  jni_CallStaticVoidMethod+0x165
C  [libjli.dylib+0x5e1c]  JavaMain+0xaae
C  [libjli.dylib+0x7fe8]  ThreadJavaMain+0x9
C  [libsystem_pthread.dylib+0x64e1]  _pthread_start+0x7d
C  [libsystem_pthread.dylib+0x1f6b]  thread_start+0xf

Java frames: (J=compiled Java code, j=interpreted, Vv=VM code)
j  com.badlogic.gdx.physics.box2d.World.jniDestroyJoint(JJ)V+0
j  com.badlogic.gdx.physics.box2d.World.destroyJoint(Lcom/badlogic/gdx/physics/box2d/Joint;)V+64
J 1591 c1 edu.cornell.gdiac.physics.ragdoll.RagdollController.update(F)V (169 bytes) @ 0x0000000111a26dcc [0x0000000111a265c0+0x000000000000080c]
J 1582 c1 edu.cornell.gdiac.physics.WorldController.render(F)V (31 bytes) @ 0x0000000111a22a54 [0x0000000111a22800+0x0000000000000254]
J 1496 c1 lwjgl3.Lwjgl3Window.update()Z (217 bytes) @ 0x0000000111a05c0c [0x0000000111a04940+0x00000000000012cc]
j  lwjgl3.Lwjgl3Application.loop()V+109
j  lwjgl3.Lwjgl3Application.<init>(Lcom/badlogic/gdx/ApplicationListener;Llwjgl3/Lwjgl3ApplicationConfiguration;)V+224
j  edu.cornell.gdiac.backend.GDXApp.<init>(Lcom/badlogic/gdx/ApplicationListener;Ledu/cornell/gdiac/backend/GDXAppSettings;)V+6
j  edu.cornell.gdiac.physics.desktop.DesktopLauncher.main([Ljava/lang/String;)V+44
v  ~StubRoutines::call_stub

siginfo: si_signo: 11 (SIGSEGV), si_code: 0 (unknown), si_addr: 0x0000000000000000

Register to memory mapping:

RAX=0x00007f8c9d58cb00 points into unknown readable memory: 0x00007f8c9d58cc00 | 00 cc 58 9d 8c 7f 00 00
RBX=0x00007f8c9d58ca00 points into unknown readable memory: 0x00007f8c9d58cb00 | 00 cb 58 9d 8c 7f 00 00
RCX=0x0 is NULL
RDX=0x00007f8c9d58ca40 points into unknown readable memory: 0x00007f8c9ac5d3c0 | c0 d3 c5 9a 8c 7f 00 00
RSP=0x00007000031a9510 is pointing into the stack for thread: 0x00007f8c9b81d000
RBP=0x00007000031a9520 is pointing into the stack for thread: 0x00007f8c9b81d000
RSI=0x00007f8c9f3b1000 points into unknown readable memory: 0x00007f8c9ad90200 | 00 02 d9 9a 8c 7f 00 00
RDI=0x00007f8c9d58ca00 points into unknown readable memory: 0x00007f8c9d58cb00 | 00 cb 58 9d 8c 7f 00 00
R8 =0x0000000000000188 is an unknown value
R9 =0x000000000000016c is an unknown value
R10=0x00000001111a79e1 is at code_begin+897 in an Interpreter codelet
method entry point (kind = native)  [0x00000001111a7660, 0x00000001111a7fe0]  2432 bytes
R11=0x0000000000000102 is an unknown value
R12=0x00007f8c9ac5ca00 points into unknown readable memory: 0x0000003600000002 | 02 00 00 00 36 00 00 00
R13={method} {0x0000000134e12cd0} 'jniDestroyJoint' '(JJ)V' in 'com/badlogic/gdx/physics/box2d/World'
R14=0x00007f8c9f3b1000 points into unknown readable memory: 0x00007f8c9ad90200 | 00 02 d9 9a 8c 7f 00 00
R15=0x00007f8c9b81d000 is a thread


Registers:
RAX=0x00007f8c9d58cb00, RBX=0x00007f8c9d58ca00, RCX=0x0000000000000000, RDX=0x00007f8c9d58ca40
RSP=0x00007000031a9510, RBP=0x00007000031a9520, RSI=0x00007f8c9f3b1000, RDI=0x00007f8c9d58ca00
R8 =0x0000000000000188, R9 =0x000000000000016c, R10=0x00000001111a79e1, R11=0x0000000000000102
R12=0x00007f8c9ac5ca00, R13=0x0000000134e12cd0, R14=0x00007f8c9f3b1000, R15=0x00007f8c9b81d000
RIP=0x00000001351fa860, EFLAGS=0x0000000000010202, ERR=0x0000000000000000
  TRAPNO=0x000000000000000d

Top of Stack: (sp=0x00007000031a9510)
0x00007000031a9510:   00007f8c9ac5d3c0 00007f8c9f3b1000
0x00007000031a9520:   00007000031a9550 0000000135206ae4
0x00007000031a9530:   00007f8c9f3b1000 0000000000000000
0x00007000031a9540:   00007f8c9d58ca00 00007f8c9b81d000
0x00007000031a9550:   00007000031a95a0 000000013520cb12
0x00007000031a9560:   0000000135220ba0 00007f8c9b81d348
0x00007000031a9570:   00007000031a9668 0000000135220be0
0x00007000031a9580:   00007f8c9b81d348 00007000031a9668
0x00007000031a9590:   0000000134e12cd0 00007000031a9668
0x00007000031a95a0:   00007000031a9628 00000001111a7a10
0x00007000031a95b0:   0000010000000100 0000600003e90280
0x00007000031a95c0:   00007000031a96b8 0000000111a342a4
0x00007000031a95d0:   00007000031a9670 00000007863c1140
0x00007000031a95e0:   00007000031a95e0 0000000000000000
0x00007000031a95f0:   00007000031a9668 0000000134e23528
0x00007000031a9600:   0000000000000000 0000000786f7c380
0x00007000031a9610:   0000000134e12cd0 0000000000000000
0x00007000031a9620:   00007000031a9648 00007000031a96b8
0x00007000031a9630:   00000001111a2267 0000000000000000
0x00007000031a9640:   00000001111a4ab8 00007f8c9d58ca00
0x00007000031a9650:   0000000000000000 00007f8c9f3b1000
0x00007000031a9660:   0000000000000000 00000007862099d0
0x00007000031a9670:   00007000031a9670 0000000134e12c18
0x00007000031a9680:   00007000031a96d0 0000000134e23528
0x00007000031a9690:   0000000135ffc950 0000000786f7c380
0x00007000031a96a0:   0000000134e12c40 00007000031a9648
0x00007000031a96b0:   00007000031a96e0 00007000031a9940
0x00007000031a96c0:   0000000111a26dcc 000000078624ac50
0x00007000031a96d0:   00000007862099d0 0000000111a26dcc
0x00007000031a96e0:   0000000c000006e6 00000007863c1098
0x00007000031a96f0:   0000000786e5d7a8 0000000786e5d7c8
0x00007000031a9700:   0000000000000000 0000000000000000 

Instructions: (pc=0x00000001351fa860)
0x00000001351fa760:   00 00 e9 af 00 00 00 48 89 f7 be 00 01 00 00 e8
0x00000001351fa770:   ac 91 ff ff 48 89 c3 48 89 c7 4c 89 f6 e8 9e 35
0x00000001351fa780:   00 00 e9 8f 00 00 00 48 89 f7 be 10 01 00 00 e8
0x00000001351fa790:   8c 91 ff ff 48 89 c3 48 89 c7 4c 89 f6 e8 ce 66
0x00000001351fa7a0:   00 00 eb 72 48 89 f7 be 60 01 00 00 e8 6f 91 ff
0x00000001351fa7b0:   ff 48 89 c3 48 89 c7 4c 89 f6 e8 71 e9 ff ff eb
0x00000001351fa7c0:   55 48 89 f7 be 20 01 00 00 e8 52 91 ff ff 48 89
0x00000001351fa7d0:   c3 48 89 c7 4c 89 f6 e8 b4 79 00 00 eb 38 48 89
0x00000001351fa7e0:   f7 be f0 00 00 00 e8 35 91 ff ff 48 89 c3 48 89
0x00000001351fa7f0:   c7 4c 89 f6 e8 47 dc ff ff eb 1b 48 89 f7 be 00
0x00000001351fa800:   01 00 00 e8 18 91 ff ff 48 89 c3 48 89 c7 4c 89
0x00000001351fa810:   f6 e8 2a 02 00 00 48 89 d8 5b 41 5e 5d c3 e8 6d
0x00000001351fa820:   59 01 00 90 a3 fe ff ff 23 ff ff ff 03 ff ff ff
0x00000001351fa830:   43 ff ff ff c3 fe ff ff 80 ff ff ff 9d ff ff ff
0x00000001351fa840:   63 ff ff ff ba ff ff ff e3 fe ff ff d7 ff ff ff
0x00000001351fa850:   55 48 89 e5 41 56 53 49 89 f6 48 89 fb 48 8b 07
0x00000001351fa860:   ff 50 30 8b 43 08 ff c8 83 f8 0b 73 1b 48 98 48
0x00000001351fa870:   8d 0d c2 6b 01 00 8b 14 81 4c 89 f7 48 89 de 5b
0x00000001351fa880:   41 5e 5d e9 88 92 ff ff e8 33 59 01 00 0f 1f 00
0x00000001351fa890:   55 48 89 e5 48 8b 05 9d 57 02 00 48 83 c0 10 48
0x00000001351fa8a0:   89 07 48 8b 46 10 48 8b 4e 18 48 39 c8 74 78 8b
0x00000001351fa8b0:   16 89 57 08 48 c7 47 10 00 00 00 00 48 c7 47 18
0x00000001351fa8c0:   00 00 00 00 48 89 47 60 48 89 4f 68 c7 47 70 00
0x00000001351fa8d0:   00 00 00 8a 46 20 88 47 75 c6 47 74 00 48 8b 46
0x00000001351fa8e0:   08 48 89 47 78 48 c7 47 20 00 00 00 00 48 c7 47
0x00000001351fa8f0:   28 00 00 00 00 48 c7 47 30 00 00 00 00 48 c7 47
0x00000001351fa900:   38 00 00 00 00 48 c7 47 40 00 00 00 00 48 c7 47
0x00000001351fa910:   48 00 00 00 00 48 c7 47 50 00 00 00 00 48 c7 47
0x00000001351fa920:   58 00 00 00 00 5d c3 e8 c4 58 01 00 0f 1f 40 00
0x00000001351fa930:   55 48 89 e5 48 8b 47 60 f6 40 04 20 75 04 31 c0
0x00000001351fa940:   5d c3 48 8b 47 68 8a 40 04 24 20 c0 e8 05 5d c3
0x00000001351fa950:   55 48 89 e5 48 8d 3d aa 84 01 00 31 c0 5d e9 ad 


Stack slot to memory mapping:
stack at sp + 0 slots: 0x00007f8c9ac5d3c0 points into unknown readable memory: 0x0000002600000000 | 00 00 00 00 26 00 00 00
stack at sp + 1 slots: 0x00007f8c9f3b1000 points into unknown readable memory: 0x00007f8c9ad90200 | 00 02 d9 9a 8c 7f 00 00
stack at sp + 2 slots: 0x00007000031a9550 is pointing into the stack for thread: 0x00007f8c9b81d000
stack at sp + 3 slots: 0x0000000135206ae4: _ZN7b2World12DestroyJointEP7b2Joint+0x124 in /private/var/folders/d8/ytkn1yr527j_46_g5hgwkt6c0000gn/T/libgdxneelin2/1b27cc55/libgdx-box2d64.dylib at 0x00000001351e8000
stack at sp + 4 slots: 0x00007f8c9f3b1000 points into unknown readable memory: 0x00007f8c9ad90200 | 00 02 d9 9a 8c 7f 00 00
stack at sp + 5 slots: 0x0 is NULL
stack at sp + 6 slots: 0x00007f8c9d58ca00 points into unknown readable memory: 0x00007f8c9d58cb00 | 00 cb 58 9d 8c 7f 00 00
stack at sp + 7 slots: 0x00007f8c9b81d000 is a thread


---------------  P R O C E S S  ---------------

Threads class SMR info:
_java_thread_list=0x0000600000526f00, length=13, elements={
0x00007f8c9b81d000, 0x00007f8c9c038000, 0x00007f8c9c039000, 0x00007f8c9d019800,
0x00007f8c9d026000, 0x00007f8c9d01a800, 0x00007f8c9d029000, 0x00007f8c9b869000,
0x00007f8c9b8b4800, 0x00007f8c9d136800, 0x00007f8c9ba57800, 0x00007f8c9bad3000,
0x00007f8c9d56f800
}

Java Threads: ( => current thread )
=>0x00007f8c9b81d000 JavaThread "main" [_thread_in_native, id=6659, stack(0x00007000030aa000,0x00007000031aa000)]
  0x00007f8c9c038000 JavaThread "Reference Handler" daemon [_thread_blocked, id=17923, stack(0x00007000037bf000,0x00007000038bf000)]
  0x00007f8c9c039000 JavaThread "Finalizer" daemon [_thread_blocked, id=17667, stack(0x00007000038c2000,0x00007000039c2000)]
  0x00007f8c9d019800 JavaThread "Signal Dispatcher" daemon [_thread_blocked, id=14851, stack(0x0000700003acb000,0x0000700003bcb000)]
  0x00007f8c9d026000 JavaThread "Service Thread" daemon [_thread_blocked, id=22019, stack(0x0000700003bce000,0x0000700003cce000)]
  0x00007f8c9d01a800 JavaThread "C2 CompilerThread0" daemon [_thread_blocked, id=43011, stack(0x0000700003cd1000,0x0000700003dd1000)]
  0x00007f8c9d029000 JavaThread "C1 CompilerThread0" daemon [_thread_blocked, id=42499, stack(0x0000700003dd4000,0x0000700003ed4000)]
  0x00007f8c9b869000 JavaThread "Sweeper thread" daemon [_thread_blocked, id=22787, stack(0x0000700003ed7000,0x0000700003fd7000)]
  0x00007f8c9b8b4800 JavaThread "Common-Cleaner" daemon [_thread_blocked, id=41219, stack(0x00007000040dd000,0x00007000041dd000)]
  0x00007f8c9d136800 JavaThread "AppKit Thread" daemon [_thread_in_native, id=259, stack(0x00007ff7b8ba1000,0x00007ff7b93a1000)]
  0x00007f8c9ba57800 JavaThread "AWT-Shutdown" [_thread_blocked, id=34819, stack(0x0000700004263000,0x0000700004363000)]
  0x00007f8c9bad3000 JavaThread "AWT-EventQueue-0" [_thread_blocked, id=77059, stack(0x0000700004572000,0x0000700004672000)]
  0x00007f8c9d56f800 JavaThread "AssetManager" daemon [_thread_blocked, id=107011, stack(0x0000700004c8d000,0x0000700004d8d000)]

Other Threads:
  0x00007f8c9c008800 VMThread "VM Thread" [stack: 0x00007000036bc000,0x00007000037bc000] [id=18691]
  0x00007f8c9b8b2000 WatcherThread [stack: 0x0000700003fda000,0x00007000040da000] [id=41475]
  0x00007f8c9b82d000 GCTaskThread "GC Thread#0" [stack: 0x00007000031ad000,0x00007000032ad000] [id=20739]
  0x00007f8c9aabc000 GCTaskThread "GC Thread#1" [stack: 0x0000700004675000,0x0000700004775000] [id=73483]
  0x00007f8c9aabd000 GCTaskThread "GC Thread#2" [stack: 0x0000700004778000,0x0000700004878000] [id=73227]
  0x00007f8c9aabd800 GCTaskThread "GC Thread#3" [stack: 0x000070000487b000,0x000070000497b000] [id=53251]
  0x00007f8c9b84e000 ConcurrentGCThread "G1 Main Marker" [stack: 0x00007000032b0000,0x00007000033b0000] [id=20483]
  0x00007f8c9b84e800 ConcurrentGCThread "G1 Conc#0" [stack: 0x00007000033b3000,0x00007000034b3000] [id=12547]
  0x00007f8c9a864800 ConcurrentGCThread "G1 Refine#0" [stack: 0x00007000034b6000,0x00007000035b6000] [id=12803]
  0x00007f8c9d008800 ConcurrentGCThread "G1 Young RemSet Sampling" [stack: 0x00007000035b9000,0x00007000036b9000] [id=13059]

Threads with active compile tasks:

VM state:not at safepoint (normal execution)

VM Mutex/Monitor currently owned by a thread: None

Heap address: 0x0000000780000000, size: 2048 MB, Compressed Oops mode: Zero based, Oop shift amount: 3
Narrow klass base: 0x0000000800000000, Narrow klass shift: 0
Compressed class space size: 1073741824 Address: 0x0000000800000000

Heap:
 garbage-first heap   total 131072K, used 42923K [0x0000000780000000, 0x0000000800000000)
  region size 1024K, 30 young (30720K), 2 survivors (2048K)
 Metaspace       used 15858K, capacity 16092K, committed 16640K, reserved 1064960K
  class space    used 1325K, capacity 1417K, committed 1536K, reserved 1048576K
Heap Regions: E=young(eden), S=young(survivor), O=old, HS=humongous(starts), HC=humongous(continues), CS=collection set, F=free, A=archive, TAMS=top-at-mark-start (previous, next)
|   0|0x0000000780000000, 0x0000000780100000, 0x0000000780100000|100%|HS|  |TAMS 0x0000000780000000, 0x0000000780000000| Complete 
|   1|0x0000000780100000, 0x0000000780200000, 0x0000000780200000|100%|HS|  |TAMS 0x0000000780100000, 0x0000000780100000| Complete 
|   2|0x0000000780200000, 0x0000000780300000, 0x0000000780300000|100%|HS|  |TAMS 0x0000000780200000, 0x0000000780200000| Complete 
|   3|0x0000000780300000, 0x0000000780400000, 0x0000000780400000|100%|HS|  |TAMS 0x0000000780300000, 0x0000000780300000| Complete 
|   4|0x0000000780400000, 0x0000000780500000, 0x0000000780500000|100%|HC|  |TAMS 0x0000000780400000, 0x0000000780400000| Complete 
|   5|0x0000000780500000, 0x0000000780600000, 0x0000000780600000|100%|HS|  |TAMS 0x0000000780500000, 0x0000000780500000| Complete 
|   6|0x0000000780600000, 0x0000000780700000, 0x0000000780700000|100%|HS|  |TAMS 0x0000000780600000, 0x0000000780600000| Complete 
|   7|0x0000000780700000, 0x0000000780800000, 0x0000000780800000|100%|HS|  |TAMS 0x0000000780700000, 0x0000000780700000| Complete 
|   8|0x0000000780800000, 0x0000000780900000, 0x0000000780900000|100%|HC|  |TAMS 0x0000000780800000, 0x0000000780800000| Complete 
|   9|0x0000000780900000, 0x0000000780a00000, 0x0000000780a00000|100%|HS|  |TAMS 0x0000000780900000, 0x0000000780900000| Complete 
|  10|0x0000000780a00000, 0x0000000780b00000, 0x0000000780b00000|100%|HS|  |TAMS 0x0000000780a00000, 0x0000000780a00000| Complete 
|  11|0x0000000780b00000, 0x0000000780c00000, 0x0000000780c00000|100%|HS|  |TAMS 0x0000000780b00000, 0x0000000780b00000| Complete 
|  12|0x0000000780c00000, 0x0000000780d00000, 0x0000000780d00000|100%|HC|  |TAMS 0x0000000780c00000, 0x0000000780c00000| Complete 
|  13|0x0000000780d00000, 0x0000000780e00000, 0x0000000780e00000|100%|HS|  |TAMS 0x0000000780d00000, 0x0000000780d00000| Complete 
|  14|0x0000000780e00000, 0x0000000780e00000, 0x0000000780f00000|  0%| F|  |TAMS 0x0000000780e00000, 0x0000000780e00000| Untracked 
|  15|0x0000000780f00000, 0x0000000780f00000, 0x0000000781000000|  0%| F|  |TAMS 0x0000000780f00000, 0x0000000780f00000| Untracked 
|  16|0x0000000781000000, 0x0000000781000000, 0x0000000781100000|  0%| F|  |TAMS 0x0000000781000000, 0x0000000781000000| Untracked 
|  17|0x0000000781100000, 0x0000000781100000, 0x0000000781200000|  0%| F|  |TAMS 0x0000000781100000, 0x0000000781100000| Untracked 
|  18|0x0000000781200000, 0x0000000781200000, 0x0000000781300000|  0%| F|  |TAMS 0x0000000781200000, 0x0000000781200000| Untracked 
|  19|0x0000000781300000, 0x0000000781300000, 0x0000000781400000|  0%| F|  |TAMS 0x0000000781300000, 0x0000000781300000| Untracked 
|  20|0x0000000781400000, 0x0000000781400000, 0x0000000781500000|  0%| F|  |TAMS 0x0000000781400000, 0x0000000781400000| Untracked 
|  21|0x0000000781500000, 0x0000000781500000, 0x0000000781600000|  0%| F|  |TAMS 0x0000000781500000, 0x0000000781500000| Untracked 
|  22|0x0000000781600000, 0x0000000781600000, 0x0000000781700000|  0%| F|  |TAMS 0x0000000781600000, 0x0000000781600000| Untracked 
|  23|0x0000000781700000, 0x0000000781700000, 0x0000000781800000|  0%| F|  |TAMS 0x0000000781700000, 0x0000000781700000| Untracked 
|  24|0x0000000781800000, 0x0000000781800000, 0x0000000781900000|  0%| F|  |TAMS 0x0000000781800000, 0x0000000781800000| Untracked 
|  25|0x0000000781900000, 0x0000000781900000, 0x0000000781a00000|  0%| F|  |TAMS 0x0000000781900000, 0x0000000781900000| Untracked 
|  26|0x0000000781a00000, 0x0000000781a00000, 0x0000000781b00000|  0%| F|  |TAMS 0x0000000781a00000, 0x0000000781a00000| Untracked 
|  27|0x0000000781b00000, 0x0000000781b00000, 0x0000000781c00000|  0%| F|  |TAMS 0x0000000781b00000, 0x0000000781b00000| Untracked 
|  28|0x0000000781c00000, 0x0000000781c00000, 0x0000000781d00000|  0%| F|  |TAMS 0x0000000781c00000, 0x0000000781c00000| Untracked 
|  29|0x0000000781d00000, 0x0000000781d00000, 0x0000000781e00000|  0%| F|  |TAMS 0x0000000781d00000, 0x0000000781d00000| Untracked 
|  30|0x0000000781e00000, 0x0000000781e00000, 0x0000000781f00000|  0%| F|  |TAMS 0x0000000781e00000, 0x0000000781e00000| Untracked 
|  31|0x0000000781f00000, 0x0000000781f00000, 0x0000000782000000|  0%| F|  |TAMS 0x0000000781f00000, 0x0000000781f00000| Untracked 
|  32|0x0000000782000000, 0x0000000782000000, 0x0000000782100000|  0%| F|  |TAMS 0x0000000782000000, 0x0000000782000000| Untracked 
|  33|0x0000000782100000, 0x0000000782100000, 0x0000000782200000|  0%| F|  |TAMS 0x0000000782100000, 0x0000000782100000| Untracked 
|  34|0x0000000782200000, 0x0000000782200000, 0x0000000782300000|  0%| F|  |TAMS 0x0000000782200000, 0x0000000782200000| Untracked 
|  35|0x0000000782300000, 0x0000000782300000, 0x0000000782400000|  0%| F|  |TAMS 0x0000000782300000, 0x0000000782300000| Untracked 
|  36|0x0000000782400000, 0x0000000782400000, 0x0000000782500000|  0%| F|  |TAMS 0x0000000782400000, 0x0000000782400000| Untracked 
|  37|0x0000000782500000, 0x0000000782500000, 0x0000000782600000|  0%| F|  |TAMS 0x0000000782500000, 0x0000000782500000| Untracked 
|  38|0x0000000782600000, 0x0000000782600000, 0x0000000782700000|  0%| F|  |TAMS 0x0000000782600000, 0x0000000782600000| Untracked 
|  39|0x0000000782700000, 0x0000000782700000, 0x0000000782800000|  0%| F|  |TAMS 0x0000000782700000, 0x0000000782700000| Untracked 
|  40|0x0000000782800000, 0x0000000782800000, 0x0000000782900000|  0%| F|  |TAMS 0x0000000782800000, 0x0000000782800000| Untracked 
|  41|0x0000000782900000, 0x0000000782900000, 0x0000000782a00000|  0%| F|  |TAMS 0x0000000782900000, 0x0000000782900000| Untracked 
|  42|0x0000000782a00000, 0x0000000782a00000, 0x0000000782b00000|  0%| F|  |TAMS 0x0000000782a00000, 0x0000000782a00000| Untracked 
|  43|0x0000000782b00000, 0x0000000782b00000, 0x0000000782c00000|  0%| F|  |TAMS 0x0000000782b00000, 0x0000000782b00000| Untracked 
|  44|0x0000000782c00000, 0x0000000782c00000, 0x0000000782d00000|  0%| F|  |TAMS 0x0000000782c00000, 0x0000000782c00000| Untracked 
|  45|0x0000000782d00000, 0x0000000782d00000, 0x0000000782e00000|  0%| F|  |TAMS 0x0000000782d00000, 0x0000000782d00000| Untracked 
|  46|0x0000000782e00000, 0x0000000782e00000, 0x0000000782f00000|  0%| F|  |TAMS 0x0000000782e00000, 0x0000000782e00000| Untracked 
|  47|0x0000000782f00000, 0x0000000782f00000, 0x0000000783000000|  0%| F|  |TAMS 0x0000000782f00000, 0x0000000782f00000| Untracked 
|  48|0x0000000783000000, 0x0000000783000000, 0x0000000783100000|  0%| F|  |TAMS 0x0000000783000000, 0x0000000783000000| Untracked 
|  49|0x0000000783100000, 0x0000000783100000, 0x0000000783200000|  0%| F|  |TAMS 0x0000000783100000, 0x0000000783100000| Untracked 
|  50|0x0000000783200000, 0x0000000783200000, 0x0000000783300000|  0%| F|  |TAMS 0x0000000783200000, 0x0000000783200000| Untracked 
|  51|0x0000000783300000, 0x0000000783300000, 0x0000000783400000|  0%| F|  |TAMS 0x0000000783300000, 0x0000000783300000| Untracked 
|  52|0x0000000783400000, 0x0000000783400000, 0x0000000783500000|  0%| F|  |TAMS 0x0000000783400000, 0x0000000783400000| Untracked 
|  53|0x0000000783500000, 0x0000000783500000, 0x0000000783600000|  0%| F|  |TAMS 0x0000000783500000, 0x0000000783500000| Untracked 
|  54|0x0000000783600000, 0x0000000783600000, 0x0000000783700000|  0%| F|  |TAMS 0x0000000783600000, 0x0000000783600000| Untracked 
|  55|0x0000000783700000, 0x0000000783700000, 0x0000000783800000|  0%| F|  |TAMS 0x0000000783700000, 0x0000000783700000| Untracked 
|  56|0x0000000783800000, 0x0000000783800000, 0x0000000783900000|  0%| F|  |TAMS 0x0000000783800000, 0x0000000783800000| Untracked 
|  57|0x0000000783900000, 0x0000000783900000, 0x0000000783a00000|  0%| F|  |TAMS 0x0000000783900000, 0x0000000783900000| Untracked 
|  58|0x0000000783a00000, 0x0000000783a00000, 0x0000000783b00000|  0%| F|  |TAMS 0x0000000783a00000, 0x0000000783a00000| Untracked 
|  59|0x0000000783b00000, 0x0000000783b00000, 0x0000000783c00000|  0%| F|  |TAMS 0x0000000783b00000, 0x0000000783b00000| Untracked 
|  60|0x0000000783c00000, 0x0000000783c00000, 0x0000000783d00000|  0%| F|  |TAMS 0x0000000783c00000, 0x0000000783c00000| Untracked 
|  61|0x0000000783d00000, 0x0000000783d00000, 0x0000000783e00000|  0%| F|  |TAMS 0x0000000783d00000, 0x0000000783d00000| Untracked 
|  62|0x0000000783e00000, 0x0000000783e00000, 0x0000000783f00000|  0%| F|  |TAMS 0x0000000783e00000, 0x0000000783e00000| Untracked 
|  63|0x0000000783f00000, 0x0000000783f00000, 0x0000000784000000|  0%| F|  |TAMS 0x0000000783f00000, 0x0000000783f00000| Untracked 
|  64|0x0000000784000000, 0x0000000784000000, 0x0000000784100000|  0%| F|  |TAMS 0x0000000784000000, 0x0000000784000000| Untracked 
|  65|0x0000000784100000, 0x0000000784100000, 0x0000000784200000|  0%| F|  |TAMS 0x0000000784100000, 0x0000000784100000| Untracked 
|  66|0x0000000784200000, 0x0000000784200000, 0x0000000784300000|  0%| F|  |TAMS 0x0000000784200000, 0x0000000784200000| Untracked 
|  67|0x0000000784300000, 0x0000000784300000, 0x0000000784400000|  0%| F|  |TAMS 0x0000000784300000, 0x0000000784300000| Untracked 
|  68|0x0000000784400000, 0x0000000784400000, 0x0000000784500000|  0%| F|  |TAMS 0x0000000784400000, 0x0000000784400000| Untracked 
|  69|0x0000000784500000, 0x0000000784500000, 0x0000000784600000|  0%| F|  |TAMS 0x0000000784500000, 0x0000000784500000| Untracked 
|  70|0x0000000784600000, 0x0000000784600000, 0x0000000784700000|  0%| F|  |TAMS 0x0000000784600000, 0x0000000784600000| Untracked 
|  71|0x0000000784700000, 0x0000000784700000, 0x0000000784800000|  0%| F|  |TAMS 0x0000000784700000, 0x0000000784700000| Untracked 
|  72|0x0000000784800000, 0x0000000784800000, 0x0000000784900000|  0%| F|  |TAMS 0x0000000784800000, 0x0000000784800000| Untracked 
|  73|0x0000000784900000, 0x0000000784900000, 0x0000000784a00000|  0%| F|  |TAMS 0x0000000784900000, 0x0000000784900000| Untracked 
|  74|0x0000000784a00000, 0x0000000784a00000, 0x0000000784b00000|  0%| F|  |TAMS 0x0000000784a00000, 0x0000000784a00000| Untracked 
|  75|0x0000000784b00000, 0x0000000784b00000, 0x0000000784c00000|  0%| F|  |TAMS 0x0000000784b00000, 0x0000000784b00000| Untracked 
|  76|0x0000000784c00000, 0x0000000784c00000, 0x0000000784d00000|  0%| F|  |TAMS 0x0000000784c00000, 0x0000000784c00000| Untracked 
|  77|0x0000000784d00000, 0x0000000784d00000, 0x0000000784e00000|  0%| F|  |TAMS 0x0000000784d00000, 0x0000000784d00000| Untracked 
|  78|0x0000000784e00000, 0x0000000784e00000, 0x0000000784f00000|  0%| F|  |TAMS 0x0000000784e00000, 0x0000000784e00000| Untracked 
|  79|0x0000000784f00000, 0x0000000784f00000, 0x0000000785000000|  0%| F|  |TAMS 0x0000000784f00000, 0x0000000784f00000| Untracked 
|  80|0x0000000785000000, 0x0000000785000000, 0x0000000785100000|  0%| F|  |TAMS 0x0000000785000000, 0x0000000785000000| Untracked 
|  81|0x0000000785100000, 0x0000000785100000, 0x0000000785200000|  0%| F|  |TAMS 0x0000000785100000, 0x0000000785100000| Untracked 
|  82|0x0000000785200000, 0x0000000785200000, 0x0000000785300000|  0%| F|  |TAMS 0x0000000785200000, 0x0000000785200000| Untracked 
|  83|0x0000000785300000, 0x0000000785300000, 0x0000000785400000|  0%| F|  |TAMS 0x0000000785300000, 0x0000000785300000| Untracked 
|  84|0x0000000785400000, 0x0000000785400000, 0x0000000785500000|  0%| F|  |TAMS 0x0000000785400000, 0x0000000785400000| Untracked 
|  85|0x0000000785500000, 0x0000000785500000, 0x0000000785600000|  0%| F|  |TAMS 0x0000000785500000, 0x0000000785500000| Untracked 
|  86|0x0000000785600000, 0x0000000785600000, 0x0000000785700000|  0%| F|  |TAMS 0x0000000785600000, 0x0000000785600000| Untracked 
|  87|0x0000000785700000, 0x0000000785700000, 0x0000000785800000|  0%| F|  |TAMS 0x0000000785700000, 0x0000000785700000| Untracked 
|  88|0x0000000785800000, 0x0000000785800000, 0x0000000785900000|  0%| F|  |TAMS 0x0000000785800000, 0x0000000785800000| Untracked 
|  89|0x0000000785900000, 0x0000000785900000, 0x0000000785a00000|  0%| F|  |TAMS 0x0000000785900000, 0x0000000785900000| Untracked 
|  90|0x0000000785a00000, 0x0000000785a00000, 0x0000000785b00000|  0%| F|  |TAMS 0x0000000785a00000, 0x0000000785a00000| Untracked 
|  91|0x0000000785b00000, 0x0000000785b00000, 0x0000000785c00000|  0%| F|  |TAMS 0x0000000785b00000, 0x0000000785b00000| Untracked 
|  92|0x0000000785c00000, 0x0000000785c00000, 0x0000000785d00000|  0%| F|  |TAMS 0x0000000785c00000, 0x0000000785c00000| Untracked 
|  93|0x0000000785d00000, 0x0000000785d00000, 0x0000000785e00000|  0%| F|  |TAMS 0x0000000785d00000, 0x0000000785d00000| Untracked 
|  94|0x0000000785e00000, 0x0000000785e00000, 0x0000000785f00000|  0%| F|  |TAMS 0x0000000785e00000, 0x0000000785e00000| Untracked 
|  95|0x0000000785f00000, 0x0000000785f00000, 0x0000000786000000|  0%| F|  |TAMS 0x0000000785f00000, 0x0000000785f00000| Untracked 
|  96|0x0000000786000000, 0x0000000786000000, 0x0000000786100000|  0%| F|  |TAMS 0x0000000786000000, 0x0000000786000000| Untracked 
|  97|0x0000000786100000, 0x0000000786100000, 0x0000000786200000|  0%| F|  |TAMS 0x0000000786100000, 0x0000000786100000| Untracked 
|  98|0x0000000786200000, 0x0000000786300000, 0x0000000786300000|100%| E|  |TAMS 0x0000000786200000, 0x0000000786200000| Complete 
|  99|0x0000000786300000, 0x0000000786400000, 0x0000000786400000|100%| E|CS|TAMS 0x0000000786300000, 0x0000000786300000| Complete 
| 100|0x0000000786400000, 0x0000000786500000, 0x0000000786500000|100%| E|CS|TAMS 0x0000000786400000, 0x0000000786400000| Complete 
| 101|0x0000000786500000, 0x0000000786600000, 0x0000000786600000|100%| E|CS|TAMS 0x0000000786500000, 0x0000000786500000| Complete 
| 102|0x0000000786600000, 0x0000000786700000, 0x0000000786700000|100%| E|CS|TAMS 0x0000000786600000, 0x0000000786600000| Complete 
| 103|0x0000000786700000, 0x0000000786800000, 0x0000000786800000|100%| E|CS|TAMS 0x0000000786700000, 0x0000000786700000| Complete 
| 104|0x0000000786800000, 0x0000000786900000, 0x0000000786900000|100%| E|  |TAMS 0x0000000786800000, 0x0000000786800000| Complete 
| 105|0x0000000786900000, 0x0000000786a00000, 0x0000000786a00000|100%| E|CS|TAMS 0x0000000786900000, 0x0000000786900000| Complete 
| 106|0x0000000786a00000, 0x0000000786b00000, 0x0000000786b00000|100%| E|CS|TAMS 0x0000000786a00000, 0x0000000786a00000| Complete 
| 107|0x0000000786b00000, 0x0000000786c00000, 0x0000000786c00000|100%| E|CS|TAMS 0x0000000786b00000, 0x0000000786b00000| Complete 
| 108|0x0000000786c00000, 0x0000000786d00000, 0x0000000786d00000|100%| E|CS|TAMS 0x0000000786c00000, 0x0000000786c00000| Complete 
| 109|0x0000000786d00000, 0x0000000786e00000, 0x0000000786e00000|100%| E|CS|TAMS 0x0000000786d00000, 0x0000000786d00000| Complete 
| 110|0x0000000786e00000, 0x0000000786f00000, 0x0000000786f00000|100%| E|CS|TAMS 0x0000000786e00000, 0x0000000786e00000| Complete 
| 111|0x0000000786f00000, 0x0000000787000000, 0x0000000787000000|100%| E|CS|TAMS 0x0000000786f00000, 0x0000000786f00000| Complete 
| 112|0x0000000787000000, 0x00000007870eae38, 0x0000000787100000| 91%| S|CS|TAMS 0x0000000787000000, 0x0000000787000000| Complete 
| 113|0x0000000787100000, 0x0000000787200000, 0x0000000787200000|100%| S|CS|TAMS 0x0000000787100000, 0x0000000787100000| Complete 
| 114|0x0000000787200000, 0x0000000787300000, 0x0000000787300000|100%| E|CS|TAMS 0x0000000787200000, 0x0000000787200000| Complete 
| 115|0x0000000787300000, 0x0000000787400000, 0x0000000787400000|100%| E|CS|TAMS 0x0000000787300000, 0x0000000787300000| Complete 
| 116|0x0000000787400000, 0x0000000787500000, 0x0000000787500000|100%| E|CS|TAMS 0x0000000787400000, 0x0000000787400000| Complete 
| 117|0x0000000787500000, 0x0000000787600000, 0x0000000787600000|100%| E|CS|TAMS 0x0000000787500000, 0x0000000787500000| Complete 
| 118|0x0000000787600000, 0x0000000787700000, 0x0000000787700000|100%| E|CS|TAMS 0x0000000787600000, 0x0000000787600000| Complete 
| 119|0x0000000787700000, 0x0000000787800000, 0x0000000787800000|100%| E|CS|TAMS 0x0000000787700000, 0x0000000787700000| Complete 
| 120|0x0000000787800000, 0x0000000787900000, 0x0000000787900000|100%| E|CS|TAMS 0x0000000787800000, 0x0000000787800000| Complete 
| 121|0x0000000787900000, 0x0000000787a00000, 0x0000000787a00000|100%| E|CS|TAMS 0x0000000787900000, 0x0000000787900000| Complete 
| 122|0x0000000787a00000, 0x0000000787b00000, 0x0000000787b00000|100%| E|CS|TAMS 0x0000000787a00000, 0x0000000787a00000| Complete 
| 123|0x0000000787b00000, 0x0000000787c00000, 0x0000000787c00000|100%| E|CS|TAMS 0x0000000787b00000, 0x0000000787b00000| Complete 
| 124|0x0000000787c00000, 0x0000000787d00000, 0x0000000787d00000|100%| E|CS|TAMS 0x0000000787c00000, 0x0000000787c00000| Complete 
| 125|0x0000000787d00000, 0x0000000787e00000, 0x0000000787e00000|100%| E|CS|TAMS 0x0000000787d00000, 0x0000000787d00000| Complete 
| 126|0x0000000787e00000, 0x0000000787f00000, 0x0000000787f00000|100%| E|CS|TAMS 0x0000000787e00000, 0x0000000787e00000| Complete 
| 127|0x0000000787f00000, 0x0000000788000000, 0x0000000788000000|100%| E|CS|TAMS 0x0000000787f00000, 0x0000000787f00000| Complete 

Card table byte_map: [0x000000010735c000,0x000000010775c000] _byte_map_base: 0x000000010375c000

Marking Bits (Prev, Next): (CMBitMap*) 0x00007f8c9b845218, (CMBitMap*) 0x00007f8c9b845250
 Prev Bits: [0x0000000120198000, 0x0000000122198000)
 Next Bits: [0x0000000122198000, 0x0000000124198000)

Polling page: 0x0000000106c86000

Metaspace:

Usage:
  Non-class:     14.33 MB capacity,    14.19 MB (>99%) used,   115.16 KB ( <1%) free+waste,    26.38 KB ( <1%) overhead. 
      Class:      1.38 MB capacity,     1.29 MB ( 94%) used,    79.74 KB (  6%) free+waste,    11.81 KB ( <1%) overhead. 
       Both:     15.71 MB capacity,    15.49 MB ( 99%) used,   194.90 KB (  1%) free+waste,    38.19 KB ( <1%) overhead. 

Virtual space:
  Non-class space:       16.00 MB reserved,      14.75 MB ( 92%) committed 
      Class space:        1.00 GB reserved,       1.50 MB ( <1%) committed 
             Both:        1.02 GB reserved,      16.25 MB (  2%) committed 

Chunk freelists:
   Non-Class:  193.00 KB
       Class:  23.00 KB
        Both:  216.00 KB

MaxMetaspaceSize: unlimited
CompressedClassSpaceSize: 1.00 GB
Initial GC threshold: 20.80 MB
Current GC threshold: 20.80 MB
CDS: off

CodeHeap 'non-profiled nmethods': size=120032Kb used=739Kb max_used=739Kb free=119292Kb
 bounds [0x0000000118c60000, 0x0000000118ed0000, 0x0000000120198000]
CodeHeap 'profiled nmethods': size=120032Kb used=3151Kb max_used=3151Kb free=116880Kb
 bounds [0x0000000111728000, 0x0000000111a48000, 0x0000000118c60000]
CodeHeap 'non-nmethods': size=5696Kb used=1639Kb max_used=1658Kb free=4056Kb
 bounds [0x0000000111198000, 0x0000000111408000, 0x0000000111728000]
 total_blobs=2694 nmethods=1636 adapters=972
 compilation: enabled
              stopped_count=0, restarted_count=0
 full_count=0

Compilation events (20 events):
Event: 17.063 Thread 0x00007f8c9d029000 1632  s    3       com.badlogic.gdx.InputEventQueue::touchDragged (105 bytes)
Event: 17.064 Thread 0x00007f8c9d029000 nmethod 1632 0x0000000111a38710 code [0x0000000111a38980, 0x0000000111a390a0]
Event: 17.811 Thread 0x00007f8c9d029000 1633       3       lwjgl3.Sync$RunningAvg::add (38 bytes)
Event: 17.811 Thread 0x00007f8c9d029000 nmethod 1633 0x0000000111a39490 code [0x0000000111a39640, 0x0000000111a397b0]
Event: 17.812 Thread 0x00007f8c9d01a800 1634       4       lwjgl3.Sync$RunningAvg::add (38 bytes)
Event: 17.815 Thread 0x00007f8c9d01a800 nmethod 1634 0x0000000118d17290 code [0x0000000118d17420, 0x0000000118d17518]
Event: 18.196 Thread 0x00007f8c9d01a800 1635       4       com.badlogic.gdx.utils.Array::iterator (43 bytes)
Event: 18.213 Thread 0x00007f8c9d01a800 nmethod 1635 0x0000000118d17610 code [0x0000000118d177e0, 0x0000000118d17dd8]
Event: 18.730 Thread 0x00007f8c9d01a800 1636       4       edu.cornell.gdiac.backend.GDXAudio::update (55 bytes)
Event: 18.737 Thread 0x00007f8c9d01a800 nmethod 1636 0x0000000118d17f90 code [0x0000000118d18140, 0x0000000118d18318]
Event: 19.130 Thread 0x00007f8c9d01a800 1637       4       com.badlogic.gdx.utils.IntMap::locateKey (46 bytes)
Event: 19.133 Thread 0x00007f8c9d01a800 nmethod 1637 0x0000000118d18510 code [0x0000000118d186a0, 0x0000000118d18798]
Event: 20.096 Thread 0x00007f8c9d029000 1638       3       com.badlogic.gdx.physics.box2d.World::contactFilter (144 bytes)
Event: 20.100 Thread 0x00007f8c9d029000 nmethod 1638 0x0000000111a39910 code [0x0000000111a39b80, 0x0000000111a3a4a0]
Event: 20.429 Thread 0x00007f8c9d029000 1639       3       com.badlogic.gdx.utils.Array::removeIndex (109 bytes)
Event: 20.431 Thread 0x00007f8c9d029000 nmethod 1639 0x0000000111a3a790 code [0x0000000111a3aa60, 0x0000000111a3b980]
Event: 20.453 Thread 0x00007f8c9d029000 1640       1       com.badlogic.gdx.physics.box2d.Body::getJointList (5 bytes)
Event: 20.453 Thread 0x00007f8c9d029000 nmethod 1640 0x0000000118d18890 code [0x0000000118d18a40, 0x0000000118d18af0]
Event: 21.311 Thread 0x00007f8c9d01a800 1641       4       java.util.Arrays::rangeCheck (74 bytes)
Event: 21.313 Thread 0x00007f8c9d01a800 nmethod 1641 0x0000000118d18b90 code [0x0000000118d18d20, 0x0000000118d18db8]

GC Heap History (2 events):
Event: 2.320 GC heap before
{Heap before GC invocations=0 (full 0):
 garbage-first heap   total 131072K, used 14336K [0x0000000780000000, 0x0000000800000000)
  region size 1024K, 14 young (14336K), 0 survivors (0K)
 Metaspace       used 9883K, capacity 10065K, committed 10240K, reserved 1058816K
  class space    used 892K, capacity 981K, committed 1024K, reserved 1048576K
}
Event: 2.326 GC heap after
{Heap after GC invocations=1 (full 0):
 garbage-first heap   total 131072K, used 1963K [0x0000000780000000, 0x0000000800000000)
  region size 1024K, 2 young (2048K), 2 survivors (2048K)
 Metaspace       used 9883K, capacity 10065K, committed 10240K, reserved 1058816K
  class space    used 892K, capacity 981K, committed 1024K, reserved 1048576K
}

Deoptimization events (20 events):
Event: 6.783 Thread 0x00007f8c9d56f800 DEOPT PACKING pc=0x0000000111988f8c sp=0x0000700004d8c2f0
Event: 6.783 Thread 0x00007f8c9d56f800 DEOPT UNPACKING pc=0x00000001111e264a sp=0x0000700004d8b7c8 mode 0
Event: 6.785 Thread 0x00007f8c9d56f800 DEOPT PACKING pc=0x0000000111988f8c sp=0x0000700004d8c2f0
Event: 6.785 Thread 0x00007f8c9d56f800 DEOPT UNPACKING pc=0x00000001111e264a sp=0x0000700004d8b7c8 mode 0
Event: 6.789 Thread 0x00007f8c9d56f800 DEOPT PACKING pc=0x0000000111988f8c sp=0x0000700004d8c2f0
Event: 6.789 Thread 0x00007f8c9d56f800 DEOPT UNPACKING pc=0x00000001111e264a sp=0x0000700004d8b7c8 mode 0
Event: 6.791 Thread 0x00007f8c9d56f800 DEOPT PACKING pc=0x0000000111988f8c sp=0x0000700004d8c2f0
Event: 6.791 Thread 0x00007f8c9d56f800 DEOPT UNPACKING pc=0x00000001111e264a sp=0x0000700004d8b7c8 mode 0
Event: 6.815 Thread 0x00007f8c9d56f800 DEOPT PACKING pc=0x00000001119d3e87 sp=0x0000700004d8be10
Event: 6.815 Thread 0x00007f8c9d56f800 DEOPT UNPACKING pc=0x00000001111e264a sp=0x0000700004d8b2a0 mode 0
Event: 6.823 Thread 0x00007f8c9d56f800 DEOPT PACKING pc=0x0000000111988f8c sp=0x0000700004d8c2f0
Event: 6.823 Thread 0x00007f8c9d56f800 DEOPT UNPACKING pc=0x00000001111e264a sp=0x0000700004d8b7c8 mode 0
Event: 6.825 Thread 0x00007f8c9d56f800 DEOPT PACKING pc=0x0000000111988f8c sp=0x0000700004d8c2f0
Event: 6.825 Thread 0x00007f8c9d56f800 DEOPT UNPACKING pc=0x00000001111e264a sp=0x0000700004d8b7c8 mode 0
Event: 6.827 Thread 0x00007f8c9d56f800 DEOPT PACKING pc=0x0000000111988f8c sp=0x0000700004d8c2f0
Event: 6.827 Thread 0x00007f8c9d56f800 DEOPT UNPACKING pc=0x00000001111e264a sp=0x0000700004d8b7c8 mode 0
Event: 8.711 Thread 0x00007f8c9b81d000 DEOPT PACKING pc=0x00000001119a9ea5 sp=0x00007000031a96c0
Event: 8.711 Thread 0x00007f8c9b81d000 DEOPT UNPACKING pc=0x00000001111e264a sp=0x00007000031a8b68 mode 0
Event: 15.145 Thread 0x00007f8c9b81d000 DEOPT PACKING pc=0x0000000111a04416 sp=0x00007000031a9690
Event: 15.145 Thread 0x00007f8c9b81d000 DEOPT UNPACKING pc=0x00000001111e264a sp=0x00007000031a8b38 mode 0

Classes redefined (0 events):
No events

Internal exceptions (20 events):
Event: 2.638 Thread 0x00007f8c9b81d000 Exception <a 'java/security/PrivilegedActionException'{0x0000000787e872b8}> (0x0000000787e872b8) thrown at [src/hotspot/share/prims/jvm.cpp, line 1306]
Event: 2.638 Thread 0x00007f8c9b81d000 Exception <a 'java/security/PrivilegedActionException'{0x0000000787e87e38}> (0x0000000787e87e38) thrown at [src/hotspot/share/prims/jvm.cpp, line 1306]
Event: 2.646 Thread 0x00007f8c9b81d000 Exception <a 'java/security/PrivilegedActionException'{0x0000000787ec4950}> (0x0000000787ec4950) thrown at [src/hotspot/share/prims/jvm.cpp, line 1306]
Event: 2.646 Thread 0x00007f8c9b81d000 Exception <a 'java/security/PrivilegedActionException'{0x0000000787ec4c20}> (0x0000000787ec4c20) thrown at [src/hotspot/share/prims/jvm.cpp, line 1306]
Event: 2.691 Thread 0x00007f8c9b81d000 Exception <a 'sun/nio/fs/UnixException'{0x0000000787ef7148}> (0x0000000787ef7148) thrown at [src/hotspot/share/prims/jni.cpp, line 617]
Event: 2.708 Thread 0x00007f8c9b81d000 Exception <a 'java/security/PrivilegedActionException'{0x0000000787d1e868}> (0x0000000787d1e868) thrown at [src/hotspot/share/prims/jvm.cpp, line 1306]
Event: 2.708 Thread 0x00007f8c9b81d000 Exception <a 'java/security/PrivilegedActionException'{0x0000000787d1ede0}> (0x0000000787d1ede0) thrown at [src/hotspot/share/prims/jvm.cpp, line 1306]
Event: 2.731 Thread 0x00007f8c9b81d000 Exception <a 'java/security/PrivilegedActionException'{0x0000000787d34a98}> (0x0000000787d34a98) thrown at [src/hotspot/share/prims/jvm.cpp, line 1306]
Event: 2.731 Thread 0x00007f8c9b81d000 Exception <a 'java/security/PrivilegedActionException'{0x0000000787d34d68}> (0x0000000787d34d68) thrown at [src/hotspot/share/prims/jvm.cpp, line 1306]
Event: 2.743 Thread 0x00007f8c9b81d000 Exception <a 'java/security/PrivilegedActionException'{0x0000000787d5d800}> (0x0000000787d5d800) thrown at [src/hotspot/share/prims/jvm.cpp, line 1306]
Event: 2.743 Thread 0x00007f8c9b81d000 Exception <a 'java/security/PrivilegedActionException'{0x0000000787d5dad0}> (0x0000000787d5dad0) thrown at [src/hotspot/share/prims/jvm.cpp, line 1306]
Event: 3.086 Thread 0x00007f8c9b81d000 Exception <a 'java/lang/NoSuchMethodError'{0x0000000787dba4b8}: 'java.lang.Object java.lang.invoke.DirectMethodHandle$Holder.invokeStatic(java.lang.Object, long)'> (0x0000000787dba4b8) thrown at [src/hotspot/share/interpreter/linkResolver.cpp, line 773]
Event: 3.086 Thread 0x00007f8c9b81d000 Exception <a 'java/lang/NoSuchMethodError'{0x0000000787dbd538}: 'java.lang.Object java.lang.invoke.DirectMethodHandle$Holder.invokeSpecial(java.lang.Object, java.lang.Object, long)'> (0x0000000787dbd538) thrown at [src/hotspot/share/interpreter/linkResolver.cpp, line 773]
Event: 3.088 Thread 0x00007f8c9b81d000 Exception <a 'java/security/PrivilegedActionException'{0x0000000787dc81e8}> (0x0000000787dc81e8) thrown at [src/hotspot/share/prims/jvm.cpp, line 1306]
Event: 3.088 Thread 0x00007f8c9b81d000 Exception <a 'java/security/PrivilegedActionException'{0x0000000787dc84b8}> (0x0000000787dc84b8) thrown at [src/hotspot/share/prims/jvm.cpp, line 1306]
Event: 3.426 Thread 0x00007f8c9b81d000 Exception <a 'sun/nio/fs/UnixException'{0x0000000787b55cf8}> (0x0000000787b55cf8) thrown at [src/hotspot/share/prims/jni.cpp, line 617]
Event: 3.439 Thread 0x00007f8c9b81d000 Exception <a 'java/security/PrivilegedActionException'{0x0000000787ba44a8}> (0x0000000787ba44a8) thrown at [src/hotspot/share/prims/jvm.cpp, line 1306]
Event: 3.439 Thread 0x00007f8c9b81d000 Exception <a 'java/security/PrivilegedActionException'{0x0000000787ba4778}> (0x0000000787ba4778) thrown at [src/hotspot/share/prims/jvm.cpp, line 1306]
Event: 3.784 Thread 0x00007f8c9b81d000 Exception <a 'java/security/PrivilegedActionException'{0x00000007876418e8}> (0x00000007876418e8) thrown at [src/hotspot/share/prims/jvm.cpp, line 1306]
Event: 3.784 Thread 0x00007f8c9b81d000 Exception <a 'java/security/PrivilegedActionException'{0x0000000787641bb8}> (0x0000000787641bb8) thrown at [src/hotspot/share/prims/jvm.cpp, line 1306]

Events (20 events):
Event: 8.410 loading class edu/cornell/gdiac/physics/ragdoll/BubbleGenerator done
Event: 8.411 loading class edu/cornell/gdiac/physics/ragdoll/BubbleGenerator$ParticlePool
Event: 8.411 loading class edu/cornell/gdiac/physics/ragdoll/BubbleGenerator$ParticlePool done
Event: 8.412 loading class edu/cornell/gdiac/physics/ragdoll/BubbleGenerator$Particle
Event: 8.412 loading class edu/cornell/gdiac/physics/ragdoll/BubbleGenerator$Particle done
Event: 8.414 loading class edu/cornell/gdiac/physics/obstacle/ObstacleSelector
Event: 8.414 loading class edu/cornell/gdiac/physics/obstacle/ObstacleSelector done
Event: 8.415 loading class com/badlogic/gdx/physics/box2d/QueryCallback
Event: 8.415 loading class com/badlogic/gdx/physics/box2d/QueryCallback done
Event: 8.415 loading class com/badlogic/gdx/physics/box2d/joints/MouseJointDef
Event: 8.415 loading class com/badlogic/gdx/physics/box2d/joints/MouseJointDef done
Event: 8.678 Loaded shared library /private/var/folders/d8/ytkn1yr527j_46_g5hgwkt6c0000gn/T/lwjglneelin2/3.3.1-build-7/liblwjgl.dylib
Event: 8.710 Loaded shared library /private/var/folders/d8/ytkn1yr527j_46_g5hgwkt6c0000gn/T/lwjglneelin2/3.3.1-build-7/liblwjgl.dylib
Event: 9.947 Loaded shared library /private/var/folders/d8/ytkn1yr527j_46_g5hgwkt6c0000gn/T/lwjglneelin2/3.3.1-build-7/liblwjgl_opengl.dylib
Event: 10.648 Loaded shared library /private/var/folders/d8/ytkn1yr527j_46_g5hgwkt6c0000gn/T/lwjglneelin2/3.3.1-build-7/liblwjgl_opengl.dylib
Event: 10.649 Loaded shared library /private/var/folders/d8/ytkn1yr527j_46_g5hgwkt6c0000gn/T/lwjglneelin2/3.3.1-build-7/liblwjgl_opengl.dylib
Event: 10.649 Loaded shared library /private/var/folders/d8/ytkn1yr527j_46_g5hgwkt6c0000gn/T/lwjglneelin2/3.3.1-build-7/liblwjgl_opengl.dylib
Event: 11.683 Loaded shared library /private/var/folders/d8/ytkn1yr527j_46_g5hgwkt6c0000gn/T/lwjglneelin2/3.3.1-build-7/liblwjgl_opengl.dylib
Event: 11.683 Loaded shared library /private/var/folders/d8/ytkn1yr527j_46_g5hgwkt6c0000gn/T/lwjglneelin2/3.3.1-build-7/liblwjgl_opengl.dylib
Event: 13.881 Loaded shared library /private/var/folders/d8/ytkn1yr527j_46_g5hgwkt6c0000gn/T/lwjglneelin2/3.3.1-build-7/liblwjgl.dylib


Dynamic libraries:
0x0000000106c88000 	/Users/neelin2/Library/Java/JavaVirtualMachines/corretto-11.0.18/Contents/Home/lib/jli/libjli.dylib
0x00007ff8243fd000 	/System/Library/Frameworks/Cocoa.framework/Versions/A/Cocoa
0x00007ff810055000 	/System/Library/Frameworks/AppKit.framework/Versions/C/AppKit
0x00007ff81356c000 	/System/Library/Frameworks/CoreData.framework/Versions/A/CoreData
0x00007ff80e458000 	/System/Library/Frameworks/Foundation.framework/Versions/C/Foundation
0x00007ff81838e000 	/usr/lib/libSystem.B.dylib
0x00007ff810ee5000 	/System/Library/PrivateFrameworks/UIFoundation.framework/Versions/A/UIFoundation
0x00007ff81e2ff000 	/System/Library/PrivateFrameworks/RemoteViewServices.framework/Versions/A/RemoteViewServices
0x00007ff8165e2000 	/System/Library/PrivateFrameworks/XCTTargetBootstrap.framework/Versions/A/XCTTargetBootstrap
0x00007ff81a195000 	/System/Library/PrivateFrameworks/InternationalSupport.framework/Versions/A/InternationalSupport
0x00007ff81a21f000 	/System/Library/PrivateFrameworks/UserActivity.framework/Versions/A/UserActivity
0x00007ff819575000 	/usr/lib/libspindump.dylib
0x00007ff811174000 	/System/Library/Frameworks/UniformTypeIdentifiers.framework/Versions/A/UniformTypeIdentifiers
0x00007ff814d06000 	/usr/lib/libapp_launch_measurement.dylib
0x00007ff813f3e000 	/System/Library/PrivateFrameworks/CoreAnalytics.framework/Versions/A/CoreAnalytics
0x00007ff814d09000 	/System/Library/PrivateFrameworks/CoreAutoLayout.framework/Versions/A/CoreAutoLayout
0x00007ff815f39000 	/System/Library/Frameworks/Metal.framework/Versions/A/Metal
0x00007ff816c68000 	/usr/lib/liblangid.dylib
0x00007ff8165e7000 	/System/Library/PrivateFrameworks/CoreSVG.framework/Versions/A/CoreSVG
0x00007ff812560000 	/System/Library/PrivateFrameworks/SkyLight.framework/Versions/A/SkyLight
0x00007ff8128ff000 	/System/Library/Frameworks/CoreGraphics.framework/Versions/A/CoreGraphics
0x00007ff81e9bf000 	/System/Library/Frameworks/Accelerate.framework/Versions/A/Accelerate
0x00007ff818ff4000 	/System/Library/PrivateFrameworks/IconServices.framework/Versions/A/IconServices
0x00007ff815f1e000 	/System/Library/Frameworks/IOSurface.framework/Versions/A/IOSurface
0x00007ff813f6c000 	/usr/lib/libDiagnosticMessagesClient.dylib
0x00007ff8182ae000 	/usr/lib/libz.1.dylib
0x00007ff8220a1000 	/System/Library/Frameworks/ApplicationServices.framework/Versions/A/ApplicationServices
0x00007ff8165ce000 	/System/Library/PrivateFrameworks/DFRFoundation.framework/Versions/A/DFRFoundation
0x00007ff80f93d000 	/usr/lib/libicucore.A.dylib
0x00007ff81af8b000 	/System/Library/Frameworks/AudioToolbox.framework/Versions/A/AudioToolbox
0x00007ff81a1a1000 	/System/Library/PrivateFrameworks/DataDetectorsCore.framework/Versions/A/DataDetectorsCore
0x00007ff91669f000 	/System/Library/PrivateFrameworks/TextInput.framework/Versions/A/TextInput
0x00007ff8124e3000 	/usr/lib/libMobileGestalt.dylib
0x00007ff8162da000 	/System/Library/Frameworks/Carbon.framework/Versions/A/Frameworks/HIToolbox.framework/Versions/A/HIToolbox
0x00007ff814709000 	/System/Library/Frameworks/QuartzCore.framework/Versions/A/QuartzCore
0x00007ff80f5e2000 	/System/Library/Frameworks/Security.framework/Versions/A/Security
0x00007ff81e337000 	/System/Library/Frameworks/Carbon.framework/Versions/A/Frameworks/SpeechRecognition.framework/Versions/A/SpeechRecognition
0x00007ff814a66000 	/System/Library/PrivateFrameworks/CoreUI.framework/Versions/A/CoreUI
0x00007ff80eeac000 	/System/Library/Frameworks/CoreAudio.framework/Versions/A/CoreAudio
0x00007ff81405b000 	/System/Library/Frameworks/DiskArbitration.framework/Versions/A/DiskArbitration
0x00007ff819963000 	/System/Library/PrivateFrameworks/MultitouchSupport.framework/Versions/A/MultitouchSupport
0x00007ff8124e2000 	/usr/lib/libenergytrace.dylib
0x00007ff80ff41000 	/System/Library/Frameworks/IOKit.framework/Versions/A/IOKit
0x00007ff81e727000 	/System/Library/Frameworks/CoreServices.framework/Versions/A/CoreServices
0x00007ff814ca0000 	/System/Library/PrivateFrameworks/PerformanceAnalysis.framework/Versions/A/PerformanceAnalysis
0x00007ffa26381000 	/System/Library/Frameworks/OpenGL.framework/Versions/A/OpenGL
0x00007ff8178ca000 	/System/Library/PrivateFrameworks/MobileKeyBag.framework/Versions/A/MobileKeyBag
0x00007ff80d422000 	/usr/lib/libobjc.A.dylib
0x00007ff812fcb000 	/System/Library/Frameworks/ColorSync.framework/Versions/A/ColorSync
0x00007ff80d5dc000 	/System/Library/Frameworks/CoreFoundation.framework/Versions/A/CoreFoundation
0x00007ff81685e000 	/System/Library/Frameworks/CoreImage.framework/Versions/A/CoreImage
0x00007ff80ecc0000 	/System/Library/Frameworks/CoreText.framework/Versions/A/CoreText
0x00007ff816617000 	/System/Library/Frameworks/ImageIO.framework/Versions/A/ImageIO
0x00007ff818394000 	/System/Library/PrivateFrameworks/SoftLinking.framework/Versions/A/SoftLinking
0x00007ff814d51000 	/usr/lib/libxml2.2.dylib
0x00007ff80d4e8000 	/usr/lib/libc++.1.dylib
0x00007ff818618000 	/usr/lib/libcompression.dylib
0x00007ff81a0c8000 	/System/Library/PrivateFrameworks/TextureIO.framework/Versions/A/TextureIO
0x00007ff818d06000 	/usr/lib/libate.dylib
0x00007ff818389000 	/usr/lib/system/libcache.dylib
0x00007ff818345000 	/usr/lib/system/libcommonCrypto.dylib
0x00007ff81836e000 	/usr/lib/system/libcompiler_rt.dylib
0x00007ff818364000 	/usr/lib/system/libcopyfile.dylib
0x00007ff80d31d000 	/usr/lib/system/libcorecrypto.dylib
0x00007ff80d3db000 	/usr/lib/system/libdispatch.dylib
0x00007ff80d59b000 	/usr/lib/system/libdyld.dylib
0x00007ff818380000 	/usr/lib/system/libkeymgr.dylib
0x00007ff818323000 	/usr/lib/system/libmacho.dylib
0x00007ff8179a4000 	/usr/lib/system/libquarantine.dylib
0x00007ff81837e000 	/usr/lib/system/libremovefile.dylib
0x00007ff812530000 	/usr/lib/system/libsystem_asl.dylib
0x00007ff80d2c6000 	/usr/lib/system/libsystem_blocks.dylib
0x00007ff80d45f000 	/usr/lib/system/libsystem_c.dylib
0x00007ff818376000 	/usr/lib/system/libsystem_collections.dylib
0x00007ff816c58000 	/usr/lib/system/libsystem_configuration.dylib
0x00007ff815f01000 	/usr/lib/system/libsystem_containermanager.dylib
0x00007ff81805b000 	/usr/lib/system/libsystem_coreservices.dylib
0x00007ff80fbd1000 	/usr/lib/system/libsystem_darwin.dylib
0x00007ff818381000 	/usr/lib/system/libsystem_dnssd.dylib
0x00007ff80d45c000 	/usr/lib/system/libsystem_featureflags.dylib
0x00007ff80d5b1000 	/usr/lib/system/libsystem_info.dylib
0x00007ff8182c1000 	/usr/lib/system/libsystem_m.dylib
0x00007ff80d3af000 	/usr/lib/system/libsystem_malloc.dylib
0x00007ff8124cb000 	/usr/lib/system/libsystem_networkextension.dylib
0x00007ff80fff7000 	/usr/lib/system/libsystem_notify.dylib
0x00007ff81e5fc000 	/usr/lib/system/libsystem_product_info_filter.dylib
0x00007ff816c5c000 	/usr/lib/system/libsystem_sandbox.dylib
0x00007ff81837b000 	/usr/lib/system/libsystem_secinit.dylib
0x00007ff80d557000 	/usr/lib/system/libsystem_kernel.dylib
0x00007ff80d5a7000 	/usr/lib/system/libsystem_platform.dylib
0x00007ff80d58f000 	/usr/lib/system/libsystem_pthread.dylib
0x00007ff813d7e000 	/usr/lib/system/libsystem_symptoms.dylib
0x00007ff80d304000 	/usr/lib/system/libsystem_trace.dylib
0x00007ff818351000 	/usr/lib/system/libunwind.dylib
0x00007ff80d2c8000 	/usr/lib/system/libxpc.dylib
0x00007ff80d541000 	/usr/lib/libc++abi.dylib
0x00007ff81835c000 	/usr/lib/liboah.dylib
0x00007ff818ae2000 	/usr/lib/liblzma.5.dylib
0x00007ff80e16a000 	/System/Library/Frameworks/SystemConfiguration.framework/Versions/A/SystemConfiguration
0x00007ff818390000 	/usr/lib/libfakelink.dylib
0x00007ff81203b000 	/System/Library/Frameworks/CFNetwork.framework/Versions/A/CFNetwork
0x00007ff8184d1000 	/usr/lib/libarchive.2.dylib
0x00007ff816c64000 	/System/Library/PrivateFrameworks/AppleSystemInfo.framework/Versions/A/AppleSystemInfo
0x00007ff8179cb000 	/usr/lib/libbsm.0.dylib
0x00007ff81164a000 	/usr/lib/libnetwork.dylib
0x00007ff818329000 	/usr/lib/system/libkxld.dylib
0x00007ff8175fe000 	/System/Library/PrivateFrameworks/IOMobileFramebuffer.framework/Versions/A/IOMobileFramebuffer
0x00007ffb25d4b000 	/usr/lib/libCoreEntitlements.dylib
0x00007ff81803d000 	/System/Library/PrivateFrameworks/AppleFSCompression.framework/Versions/A/AppleFSCompression
0x00007ff8179b3000 	/usr/lib/libcoretls.dylib
0x00007ff818afc000 	/usr/lib/libcoretls_cfhelpers.dylib
0x00007ff818613000 	/usr/lib/libpam.2.dylib
0x00007ff81399d000 	/usr/lib/libsqlite3.dylib
0x00007ff818b6b000 	/usr/lib/libxar.1.dylib
0x00007ff81804d000 	/usr/lib/libbz2.1.0.dylib
0x00007ff818395000 	/usr/lib/libpcap.A.dylib
0x00007ff813d76000 	/usr/lib/libdns_services.dylib
0x00007ff8185e3000 	/usr/lib/libapple_nghttp2.dylib
0x00007ff8183cf000 	/usr/lib/libiconv.2.dylib
0x00007ff818322000 	/usr/lib/libcharset.1.dylib
0x00007ff814cd4000 	/System/Library/Frameworks/CoreServices.framework/Versions/A/Frameworks/FSEvents.framework/Versions/A/FSEvents
0x00007ff80fbdb000 	/System/Library/Frameworks/CoreServices.framework/Versions/A/Frameworks/CarbonCore.framework/Versions/A/CarbonCore
0x00007ff813fbf000 	/System/Library/Frameworks/CoreServices.framework/Versions/A/Frameworks/Metadata.framework/Versions/A/Metadata
0x00007ff818060000 	/System/Library/Frameworks/CoreServices.framework/Versions/A/Frameworks/OSServices.framework/Versions/A/OSServices
0x00007ff818558000 	/System/Library/Frameworks/CoreServices.framework/Versions/A/Frameworks/SearchKit.framework/Versions/A/SearchKit
0x00007ff813d08000 	/System/Library/Frameworks/CoreServices.framework/Versions/A/Frameworks/AE.framework/Versions/A/AE
0x00007ff80dadf000 	/System/Library/Frameworks/CoreServices.framework/Versions/A/Frameworks/LaunchServices.framework/Versions/A/LaunchServices
0x00007ff818a93000 	/System/Library/Frameworks/CoreServices.framework/Versions/A/Frameworks/DictionaryServices.framework/Versions/A/DictionaryServices
0x00007ff814ce1000 	/System/Library/Frameworks/CoreServices.framework/Versions/A/Frameworks/SharedFileList.framework/Versions/A/SharedFileList
0x00007ff8179a7000 	/usr/lib/libCheckFix.dylib
0x00007ff812547000 	/System/Library/PrivateFrameworks/TCC.framework/Versions/A/TCC
0x00007ff816c6a000 	/System/Library/PrivateFrameworks/CoreNLP.framework/Versions/A/CoreNLP
0x00007ff813f6f000 	/System/Library/PrivateFrameworks/MetadataUtilities.framework/Versions/A/MetadataUtilities
0x00007ff80e21b000 	/usr/lib/libmecabra.dylib
0x00007ff8179db000 	/usr/lib/libmecab.dylib
0x00007ff80e1e6000 	/usr/lib/libCRFSuite.dylib
0x00007ff817a35000 	/usr/lib/libgermantok.dylib
0x00007ff8185be000 	/usr/lib/libThaiTokenizer.dylib
0x00007ff814062000 	/System/Library/Frameworks/Accelerate.framework/Versions/A/Frameworks/vImage.framework/Versions/A/vImage
0x00007ff81e6fe000 	/System/Library/Frameworks/Accelerate.framework/Versions/A/Frameworks/vecLib.framework/Versions/A/vecLib
0x00007ff818bac000 	/System/Library/Frameworks/Accelerate.framework/Versions/A/Frameworks/vecLib.framework/Versions/A/libvMisc.dylib
0x00007ff817429000 	/System/Library/Frameworks/Accelerate.framework/Versions/A/Frameworks/vecLib.framework/Versions/A/libvDSP.dylib
0x00007ff80de5a000 	/System/Library/Frameworks/Accelerate.framework/Versions/A/Frameworks/vecLib.framework/Versions/A/libBLAS.dylib
0x00007ff8186f5000 	/System/Library/Frameworks/Accelerate.framework/Versions/A/Frameworks/vecLib.framework/Versions/A/libLAPACK.dylib
0x00007ff817a38000 	/System/Library/Frameworks/Accelerate.framework/Versions/A/Frameworks/vecLib.framework/Versions/A/libLinearAlgebra.dylib
0x00007ff8185fb000 	/System/Library/Frameworks/Accelerate.framework/Versions/A/Frameworks/vecLib.framework/Versions/A/libSparseBLAS.dylib
0x00007ff8186ef000 	/System/Library/Frameworks/Accelerate.framework/Versions/A/Frameworks/vecLib.framework/Versions/A/libQuadrature.dylib
0x00007ff816d55000 	/System/Library/Frameworks/Accelerate.framework/Versions/A/Frameworks/vecLib.framework/Versions/A/libBNNS.dylib
0x00007ff80e0f4000 	/System/Library/Frameworks/Accelerate.framework/Versions/A/Frameworks/vecLib.framework/Versions/A/libSparse.dylib
0x00007ff816d4e000 	/System/Library/PrivateFrameworks/LinguisticData.framework/Versions/A/LinguisticData
0x00007ff80e0aa000 	/System/Library/PrivateFrameworks/Lexicon.framework/Versions/A/Lexicon
0x00007ff818ba5000 	/usr/lib/libChineseTokenizer.dylib
0x00007ff80e815000 	/System/Library/PrivateFrameworks/LanguageModeling.framework/Versions/A/LanguageModeling
0x00007ff8185c0000 	/System/Library/PrivateFrameworks/AppleSauce.framework/Versions/A/AppleSauce
0x00007ff8175ec000 	/System/Library/PrivateFrameworks/CoreEmoji.framework/Versions/A/CoreEmoji
0x00007ff8184c0000 	/usr/lib/libcmph.dylib
0x00007ff814cb8000 	/System/Library/Frameworks/OpenDirectory.framework/Versions/A/Frameworks/CFOpenDirectory.framework/Versions/A/CFOpenDirectory
0x00007ff814cac000 	/System/Library/Frameworks/OpenDirectory.framework/Versions/A/OpenDirectory
0x00007ff818afe000 	/System/Library/PrivateFrameworks/APFS.framework/Versions/A/APFS
0x00007ff817902000 	/System/Library/Frameworks/SecurityFoundation.framework/Versions/A/SecurityFoundation
0x00007ff818b79000 	/usr/lib/libutil.dylib
0x00007ff80ff05000 	/System/Library/PrivateFrameworks/CoreServicesStore.framework/Versions/A/CoreServicesStore
0x00007ff818b7d000 	/usr/lib/libxslt.1.dylib
0x00007ff81798f000 	/System/Library/PrivateFrameworks/BackgroundTaskManagement.framework/Versions/A/BackgroundTaskManagement
0x00007ff819fe8000 	/System/Library/Frameworks/ImageIO.framework/Versions/A/Resources/libRadiance.dylib
0x00007ff819ff1000 	/System/Library/Frameworks/ImageIO.framework/Versions/A/Resources/libJPEG.dylib
0x00007ff819f42000 	/System/Library/Frameworks/ImageIO.framework/Versions/A/Resources/libPng.dylib
0x00007ff819f63000 	/System/Library/Frameworks/ImageIO.framework/Versions/A/Resources/libTIFF.dylib
0x00007ff81a051000 	/System/Library/Frameworks/ImageIO.framework/Versions/A/Resources/libGIF.dylib
0x00007ff81987d000 	/System/Library/Frameworks/ImageIO.framework/Versions/A/Resources/libJP2.dylib
0x00007ff818fbb000 	/usr/lib/libexpat.1.dylib
0x00007ff819832000 	/System/Library/PrivateFrameworks/AppleJPEG.framework/Versions/A/AppleJPEG
0x00007ff81619e000 	/System/Library/PrivateFrameworks/FontServices.framework/libFontParser.dylib
0x00007ff813cb2000 	/System/Library/PrivateFrameworks/RunningBoardServices.framework/Versions/A/RunningBoardServices
0x00007ff8249b8000 	/System/Library/PrivateFrameworks/IOSurfaceAccelerator.framework/Versions/A/IOSurfaceAccelerator
0x00007ff81995f000 	/System/Library/PrivateFrameworks/WatchdogClient.framework/Versions/A/WatchdogClient
0x00007ff80e903000 	/System/Library/Frameworks/CoreDisplay.framework/Versions/A/CoreDisplay
0x00007ff81609c000 	/System/Library/Frameworks/CoreMedia.framework/Versions/A/CoreMedia
0x00007ff815f30000 	/System/Library/PrivateFrameworks/IOAccelerator.framework/Versions/A/IOAccelerator
0x00007ff814e35000 	/System/Library/Frameworks/CoreVideo.framework/Versions/A/CoreVideo
0x00007ff818611000 	/System/Library/Frameworks/MetalPerformanceShaders.framework/Versions/A/MetalPerformanceShaders
0x00007ff81999c000 	/System/Library/Frameworks/VideoToolbox.framework/Versions/A/VideoToolbox
0x00007ff813bfc000 	/System/Library/PrivateFrameworks/BaseBoard.framework/Versions/A/BaseBoard
0x00007ff813983000 	/System/Library/PrivateFrameworks/ProtocolBuffer.framework/Versions/A/ProtocolBuffer
0x00007ff819fe1000 	/System/Library/PrivateFrameworks/GPUWrangler.framework/Versions/A/GPUWrangler
0x00007ff819fc5000 	/System/Library/PrivateFrameworks/IOPresentment.framework/Versions/A/IOPresentment
0x00007ff819feb000 	/System/Library/PrivateFrameworks/DSExternalDisplay.framework/Versions/A/DSExternalDisplay
0x00007ffa26375000 	/System/Library/Frameworks/OpenGL.framework/Versions/A/Libraries/libCoreFSCache.dylib
0x00007ffb1344c000 	/System/Library/PrivateFrameworks/GPUCompiler.framework/Versions/31001/Libraries/libGPUCompilerUtils.dylib
0x00007ff81a056000 	/System/Library/PrivateFrameworks/CMCaptureCore.framework/Versions/A/CMCaptureCore
0x00007ff819563000 	/System/Library/PrivateFrameworks/AppServerSupport.framework/Versions/A/AppServerSupport
0x00007ff81b824000 	/System/Library/PrivateFrameworks/perfdata.framework/Versions/A/perfdata
0x00007ff80ea2f000 	/System/Library/PrivateFrameworks/AudioToolboxCore.framework/Versions/A/AudioToolboxCore
0x00007ff81607a000 	/System/Library/PrivateFrameworks/caulk.framework/Versions/A/caulk
0x00007ff81b136000 	/usr/lib/libAudioStatistics.dylib
0x00007ff912e2d000 	/System/Library/PrivateFrameworks/SystemPolicy.framework/Versions/A/SystemPolicy
0x00007ff81b391000 	/usr/lib/libSMC.dylib
0x00007ff8242b0000 	/System/Library/Frameworks/CoreMIDI.framework/Versions/A/CoreMIDI
0x00007ff819f11000 	/usr/lib/libAudioToolboxUtility.dylib
0x00007ff90f059000 	/System/Library/PrivateFrameworks/OSAServicesClient.framework/Versions/A/OSAServicesClient
0x00007ff81b831000 	/usr/lib/libperfcheck.dylib
0x00007ff9138da000 	/usr/lib/libmis.dylib
0x00007ffa263d0000 	/System/Library/Frameworks/OpenGL.framework/Versions/A/Libraries/libGLU.dylib
0x00007ffa26394000 	/System/Library/Frameworks/OpenGL.framework/Versions/A/Libraries/libGFXShared.dylib
0x00007ffa2659d000 	/System/Library/Frameworks/OpenGL.framework/Versions/A/Libraries/libGL.dylib
0x00007ffa2639d000 	/System/Library/Frameworks/OpenGL.framework/Versions/A/Libraries/libGLImage.dylib
0x00007ffa26391000 	/System/Library/Frameworks/OpenGL.framework/Versions/A/Libraries/libCVMSPluginSupport.dylib
0x00007ffa2637c000 	/System/Library/Frameworks/OpenGL.framework/Versions/A/Libraries/libCoreVMClient.dylib
0x00007ff816be6000 	/System/Library/Frameworks/MetalPerformanceShaders.framework/Versions/A/Frameworks/MPSCore.framework/Versions/A/MPSCore
0x00007ff817fa8000 	/System/Library/Frameworks/MetalPerformanceShaders.framework/Versions/A/Frameworks/MPSImage.framework/Versions/A/MPSImage
0x00007ff817a4e000 	/System/Library/Frameworks/MetalPerformanceShaders.framework/Versions/A/Frameworks/MPSNeuralNetwork.framework/Versions/A/MPSNeuralNetwork
0x00007ff817ec2000 	/System/Library/Frameworks/MetalPerformanceShaders.framework/Versions/A/Frameworks/MPSMatrix.framework/Versions/A/MPSMatrix
0x00007ff817c7d000 	/System/Library/Frameworks/MetalPerformanceShaders.framework/Versions/A/Frameworks/MPSRayIntersector.framework/Versions/A/MPSRayIntersector
0x00007ff817efa000 	/System/Library/Frameworks/MetalPerformanceShaders.framework/Versions/A/Frameworks/MPSNDArray.framework/Versions/A/MPSNDArray
0x00007ffa2be55000 	/System/Library/Frameworks/MetalPerformanceShaders.framework/Versions/A/Frameworks/MPSFunctions.framework/Versions/A/MPSFunctions
0x00007ff80dd36000 	/System/Library/PrivateFrameworks/MetalTools.framework/Versions/A/MetalTools
0x00007ff816c62000 	/System/Library/PrivateFrameworks/AggregateDictionary.framework/Versions/A/AggregateDictionary
0x00007ff818d9d000 	/usr/lib/libIOReport.dylib
0x00007ffa279ac000 	/System/Library/Frameworks/OpenCL.framework/Versions/A/OpenCL
0x00007ff819101000 	/System/Library/PrivateFrameworks/FaceCore.framework/Versions/A/FaceCore
0x00007ff8190f2000 	/System/Library/PrivateFrameworks/GraphVisualizer.framework/Versions/A/GraphVisualizer
0x00007ffb13357000 	/System/Library/PrivateFrameworks/FontServices.framework/Versions/A/FontServices
0x00007ff81951b000 	/System/Library/PrivateFrameworks/OTSVG.framework/Versions/A/OTSVG
0x00007ff814a1c000 	/System/Library/Frameworks/ApplicationServices.framework/Versions/A/Frameworks/ATS.framework/Versions/A/Resources/libFontRegistry.dylib
0x00007ff81956b000 	/System/Library/PrivateFrameworks/FontServices.framework/libhvf.dylib
0x00007ffb13358000 	/System/Library/PrivateFrameworks/FontServices.framework/libXTFontStaticRegistryData.dylib
0x00007ff818f6b000 	/System/Library/PrivateFrameworks/AppleVA.framework/Versions/A/AppleVA
0x00007ff81b156000 	/System/Library/Frameworks/ApplicationServices.framework/Versions/A/Frameworks/ATS.framework/Versions/A/ATS
0x00007ff8130c9000 	/System/Library/Frameworks/ApplicationServices.framework/Versions/A/Frameworks/HIServices.framework/Versions/A/HIServices
0x00007ff81a060000 	/System/Library/Frameworks/ApplicationServices.framework/Versions/A/Frameworks/PrintCore.framework/Versions/A/PrintCore
0x00007ff81b4e4000 	/System/Library/Frameworks/ApplicationServices.framework/Versions/A/Frameworks/QD.framework/Versions/A/QD
0x00007ff81b4dc000 	/System/Library/Frameworks/ApplicationServices.framework/Versions/A/Frameworks/ColorSyncLegacy.framework/Versions/A/ColorSyncLegacy
0x00007ff81b146000 	/System/Library/Frameworks/ApplicationServices.framework/Versions/A/Frameworks/SpeechSynthesis.framework/Versions/A/SpeechSynthesis
0x00007ff81a021000 	/System/Library/Frameworks/ApplicationServices.framework/Versions/A/Frameworks/ATSUI.framework/Versions/A/ATSUI
0x00007ff81b471000 	/usr/lib/libcups.2.dylib
0x00007ff81b840000 	/System/Library/Frameworks/Kerberos.framework/Versions/A/Kerberos
0x00007ff81b84f000 	/System/Library/Frameworks/GSS.framework/Versions/A/GSS
0x00007ff81b1c2000 	/usr/lib/libresolv.9.dylib
0x00007ff81957a000 	/System/Library/PrivateFrameworks/Heimdal.framework/Versions/A/Heimdal
0x00007ff822433000 	/System/Library/Frameworks/Kerberos.framework/Versions/A/Libraries/libHeimdalProxy.dylib
0x00007ff813d86000 	/System/Library/Frameworks/Network.framework/Versions/A/Network
0x00007ff818fd5000 	/usr/lib/libheimdal-asn1.dylib
0x00007ff81b89a000 	/System/Library/PrivateFrameworks/CommonAuth.framework/Versions/A/CommonAuth
0x00007ff81b0c8000 	/System/Library/PrivateFrameworks/AudioSession.framework/Versions/A/AudioSession
0x00007ff819065000 	/System/Library/PrivateFrameworks/MediaExperience.framework/Versions/A/MediaExperience
0x00007ff81af5a000 	/System/Library/PrivateFrameworks/AudioSession.framework/libSessionUtility.dylib
0x00007ff81b4f0000 	/System/Library/PrivateFrameworks/AudioResourceArbitration.framework/Versions/A/AudioResourceArbitration
0x00007ff81f571000 	/System/Library/PrivateFrameworks/PowerLog.framework/Versions/A/PowerLog
0x00007ff818fde000 	/System/Library/PrivateFrameworks/IconFoundation.framework/Versions/A/IconFoundation
0x00007ff81e327000 	/System/Library/PrivateFrameworks/SpeechRecognitionCore.framework/Versions/A/SpeechRecognitionCore
0x0000000107c51000 	/Users/neelin2/Library/Java/JavaVirtualMachines/corretto-11.0.18/Contents/Home/lib/server/libjvm.dylib
0x0000000106cbf000 	/Users/neelin2/Library/Java/JavaVirtualMachines/corretto-11.0.18/Contents/Home/lib/libverify.dylib
0x0000000106d02000 	/Users/neelin2/Library/Java/JavaVirtualMachines/corretto-11.0.18/Contents/Home/lib/libjava.dylib
0x0000000106cd3000 	/Users/neelin2/Library/Java/JavaVirtualMachines/corretto-11.0.18/Contents/Home/lib/libjimage.dylib
0x0000000106d72000 	/Users/neelin2/Library/Java/JavaVirtualMachines/corretto-11.0.18/Contents/Home/lib/libzip.dylib
0x0000000107b73000 	/Users/neelin2/Library/Java/JavaVirtualMachines/corretto-11.0.18/Contents/Home/lib/libnio.dylib
0x00000001286fa000 	/Users/neelin2/Library/Java/JavaVirtualMachines/corretto-11.0.18/Contents/Home/lib/libnet.dylib
0x000000012879e000 	/Users/neelin2/Library/Java/JavaVirtualMachines/corretto-11.0.18/Contents/Home/lib/libawt.dylib
0x0000000128842000 	/Users/neelin2/Library/Java/JavaVirtualMachines/corretto-11.0.18/Contents/Home/lib/libmlib_image.dylib
0x00007ffa2bdbe000 	/System/Library/Frameworks/JavaRuntimeSupport.framework/Versions/A/JavaRuntimeSupport
0x00007ff912951000 	/System/Library/Frameworks/Carbon.framework/Versions/A/Carbon
0x00007ff8207eb000 	/System/Library/PrivateFrameworks/CoreSymbolication.framework/Versions/A/CoreSymbolication
0x00007ff825d4f000 	/System/Library/Frameworks/Carbon.framework/Versions/A/Frameworks/CommonPanels.framework/Versions/A/CommonPanels
0x00007ff821e1f000 	/System/Library/Frameworks/Carbon.framework/Versions/A/Frameworks/Help.framework/Versions/A/Help
0x00007ff825d53000 	/System/Library/Frameworks/Carbon.framework/Versions/A/Frameworks/ImageCapture.framework/Versions/A/ImageCapture
0x00007ff825d23000 	/System/Library/Frameworks/Carbon.framework/Versions/A/Frameworks/OpenScripting.framework/Versions/A/OpenScripting
0x00007ff825d4b000 	/System/Library/Frameworks/Carbon.framework/Versions/A/Frameworks/Ink.framework/Versions/A/Ink
0x00007ff91294d000 	/System/Library/Frameworks/Carbon.framework/Versions/A/Frameworks/Print.framework/Versions/A/Print
0x00007ff825d47000 	/System/Library/Frameworks/Carbon.framework/Versions/A/Frameworks/SecurityHI.framework/Versions/A/SecurityHI
0x00007ff8207b0000 	/System/Library/PrivateFrameworks/DebugSymbols.framework/Versions/A/DebugSymbols
0x0000000128984000 	/Users/neelin2/Library/Java/JavaVirtualMachines/corretto-11.0.18/Contents/Home/lib/libawt_lwawt.dylib
0x0000000128743000 	/Users/neelin2/Library/Java/JavaVirtualMachines/corretto-11.0.18/Contents/Home/lib/libosxapp.dylib
0x00007ff911c1b000 	/System/Library/Frameworks/ExceptionHandling.framework/Versions/A/ExceptionHandling
0x0000000128bca000 	/Users/neelin2/Library/Java/JavaVirtualMachines/corretto-11.0.18/Contents/Home/lib/libfontmanager.dylib
0x0000000128a5c000 	/Users/neelin2/Library/Java/JavaVirtualMachines/corretto-11.0.18/Contents/Home/lib/libfreetype.dylib
0x00007ff80fec7000 	/System/Library/PrivateFrameworks/CoreServicesInternal.framework/Versions/A/CoreServicesInternal
0x00007ff81fb62000 	/System/Library/Frameworks/FileProvider.framework/Versions/A/FileProvider
0x00007ff813b69000 	/System/Library/Frameworks/Accounts.framework/Versions/A/Accounts
0x00007ff81fcdb000 	/System/Library/PrivateFrameworks/GenerationalStorage.framework/Versions/A/GenerationalStorage
0x00007ff81f566000 	/System/Library/PrivateFrameworks/SymptomDiagnosticReporter.framework/Versions/A/SymptomDiagnosticReporter
0x00007ff811188000 	/System/Library/PrivateFrameworks/DesktopServicesPriv.framework/Versions/A/DesktopServicesPriv
0x00007ff810006000 	/usr/lib/libsandbox.1.dylib
0x00007ff814eb4000 	/System/Library/PrivateFrameworks/UserManagement.framework/Versions/A/UserManagement
0x00007ff81b4d1000 	/System/Library/PrivateFrameworks/NetAuth.framework/Versions/A/NetAuth
0x00007ff81c3e0000 	/System/Library/PrivateFrameworks/Sharing.framework/Versions/A/Sharing
0x00007ff814e87000 	/System/Library/PrivateFrameworks/login.framework/Versions/A/Frameworks/loginsupport.framework/Versions/A/loginsupport
0x00007ff82194e000 	/System/Library/PrivateFrameworks/Apple80211.framework/Versions/A/Apple80211
0x00007ff81808d000 	/System/Library/PrivateFrameworks/AuthKit.framework/Versions/A/AuthKit
0x00007ff8176e2000 	/System/Library/PrivateFrameworks/CoreUtils.framework/Versions/A/CoreUtils
0x00007ff817609000 	/System/Library/Frameworks/CoreWLAN.framework/Versions/A/CoreWLAN
0x00007ff81c53f000 	/System/Library/Frameworks/IOBluetooth.framework/Versions/A/IOBluetooth
0x00007ff8219b6000 	/System/Library/PrivateFrameworks/CoreWiFi.framework/Versions/A/CoreWiFi
0x00007ff820385000 	/System/Library/PrivateFrameworks/FrontBoardServices.framework/Versions/A/FrontBoardServices
0x00007ff820416000 	/System/Library/PrivateFrameworks/BoardServices.framework/Versions/A/BoardServices
0x00007ff8178f1000 	/System/Library/PrivateFrameworks/AssertionServices.framework/Versions/A/AssertionServices
0x00007ff821b39000 	/System/Library/PrivateFrameworks/BackBoardServices.framework/Versions/A/BackBoardServices
0x00007ff81b92b000 	/System/Library/PrivateFrameworks/CorePhoneNumbers.framework/Versions/A/CorePhoneNumbers
0x00007ff81b1ef000 	/System/Library/PrivateFrameworks/MultiverseSupport.framework/Versions/A/MultiverseSupport
0x00007ff821dac000 	/System/Library/PrivateFrameworks/RemoteServiceDiscovery.framework/Versions/A/RemoteServiceDiscovery
0x00007ff81f683000 	/System/Library/PrivateFrameworks/DiskManagement.framework/Versions/A/DiskManagement
0x00007ff81f597000 	/System/Library/PrivateFrameworks/AppleIDAuthSupport.framework/Versions/A/AppleIDAuthSupport
0x00007ffb0dcd2000 	/System/Library/PrivateFrameworks/AAAFoundation.framework/Versions/A/AAAFoundation
0x00007ff81b90c000 	/System/Library/PrivateFrameworks/KeychainCircle.framework/Versions/A/KeychainCircle
0x00007ff821dbc000 	/System/Library/PrivateFrameworks/RemoteXPC.framework/Versions/A/RemoteXPC
0x00007ff81f64f000 	/System/Library/PrivateFrameworks/MediaKit.framework/Versions/A/MediaKit
0x00007ff81f5a3000 	/System/Library/Frameworks/DiscRecording.framework/Versions/A/DiscRecording
0x00007ff818ee3000 	/usr/lib/libCoreStorage.dylib
0x00007ff821e27000 	/usr/lib/libcsfde.dylib
0x00007ff81c60c000 	/System/Library/PrivateFrameworks/ProtectedCloudStorage.framework/Versions/A/ProtectedCloudStorage
0x00007ff821e23000 	/System/Library/PrivateFrameworks/EFILogin.framework/Versions/A/EFILogin
0x00007ff81fd01000 	/System/Library/PrivateFrameworks/OctagonTrust.framework/Versions/A/OctagonTrust
0x00007ffb125ba000 	/System/Library/PrivateFrameworks/CoreUtilsExtras.framework/Versions/A/CoreUtilsExtras
0x00007ff81f4ca000 	/System/Library/Frameworks/CoreBluetooth.framework/Versions/A/CoreBluetooth
0x00007ff8224b8000 	/System/Library/Frameworks/AudioUnit.framework/Versions/A/AudioUnit
0x00007ff818edb000 	/usr/lib/libMatch.1.dylib
0x00007ff91a6d5000 	/System/Library/CoreServices/RawCamera.bundle/Contents/MacOS/RawCamera
0x00007ff81b8aa000 	/System/Library/PrivateFrameworks/MobileAsset.framework/Versions/A/MobileAsset
0x00007ff8224df000 	/System/Library/PrivateFrameworks/StreamingZip.framework/Versions/A/StreamingZip
0x00007ffb0f8ae000 	/System/Library/PrivateFrameworks/CMPhoto.framework/Versions/A/CMPhoto
0x00007ff820686000 	/System/Library/PrivateFrameworks/AppleVPA.framework/Versions/A/AppleVPA
0x00007ff81a28a000 	/System/Library/Frameworks/MediaToolbox.framework/Versions/A/MediaToolbox
0x00007ff81fb32000 	/System/Library/PrivateFrameworks/CoreAVCHD.framework/Versions/A/CoreAVCHD
0x00007ff81ea07000 	/System/Library/Frameworks/MediaAccessibility.framework/Versions/A/MediaAccessibility
0x00007ff81fb2e000 	/System/Library/PrivateFrameworks/Mangrove.framework/Versions/A/Mangrove
0x00007ff81ea12000 	/System/Library/PrivateFrameworks/AlgosScoreFramework.framework/Versions/A/AlgosScoreFramework
0x00007ff81f773000 	/System/Library/PrivateFrameworks/CoreAUC.framework/Versions/A/CoreAUC
0x00007ff917efe000 	/System/Library/Frameworks/Accelerate.framework/Versions/A/Frameworks/vImage.framework/Versions/A/Libraries/libCGInterfaces.dylib
0x0000000128b8d000 	/usr/lib/libobjc-trampolines.dylib
0x00007ff814bac000 	/System/Library/PrivateFrameworks/ViewBridge.framework/Versions/A/ViewBridge
0x0000000130af2000 	/private/var/folders/d8/ytkn1yr527j_46_g5hgwkt6c0000gn/T/libgdxneelin2/21f66466/libgdx64.dylib
0x0000000130d63000 	/private/var/folders/d8/ytkn1yr527j_46_g5hgwkt6c0000gn/T/lwjglneelin2/3.3.1-build-7/liblwjgl.dylib
0x0000000130de4000 	/private/var/folders/d8/ytkn1yr527j_46_g5hgwkt6c0000gn/T/lwjglneelin2/3.3.1-build-7/libjemalloc.dylib
0x0000000131040000 	/private/var/folders/d8/ytkn1yr527j_46_g5hgwkt6c0000gn/T/libgdxneelin2/5ae6685c/libglfw.dylib
0x0000000131800000 	/private/var/folders/d8/ytkn1yr527j_46_g5hgwkt6c0000gn/T/lwjglneelin2/3.3.1-build-7/libopenal.dylib
0x0000000131084000 	/System/Library/Components/CoreAudio.component/Contents/MacOS/CoreAudio
0x00007ffb25e3a000 	/usr/lib/libRosetta.dylib
0x00007ff819631000 	/System/Library/PrivateFrameworks/login.framework/Versions/A/login
0x00007ffa265a8000 	/System/Library/Frameworks/OpenGL.framework/Versions/A/Resources/GLEngine.bundle/GLEngine
0x00007ffa2640e000 	/System/Library/Frameworks/OpenGL.framework/Versions/A/Libraries/libGLProgrammability.dylib
0x00007ffa1f29a000 	/System/Library/Extensions/AppleIntelICLGraphicsGLDriver.bundle/Contents/MacOS/AppleIntelICLGraphicsGLDriver
0x00007ff91da75000 	/System/Library/PrivateFrameworks/GPUSupport.framework/Versions/A/Libraries/libGPUSupportMercury.dylib
0x00007ffa26732000 	/System/Library/Frameworks/OpenGL.framework/Versions/A/Resources/GLRendererFloat.bundle/GLRendererFloat
0x00000001339e6000 	/private/var/folders/d8/ytkn1yr527j_46_g5hgwkt6c0000gn/T/lwjglneelin2/3.3.1-build-7/liblwjgl_opengl.dylib
0x00000001353c3000 	/private/var/folders/d8/ytkn1yr527j_46_g5hgwkt6c0000gn/T/libgdxneelin2/ac59848/libjamepad64.dylib
0x00007ffa0fac1000 	/System/Library/Frameworks/ForceFeedback.framework/Versions/A/ForceFeedback
0x00000001351bc000 	/System/Library/Extensions/IOHIDFamily.kext/Contents/PlugIns/IOHIDLib.plugin/Contents/MacOS/IOHIDLib
0x00000001351e8000 	/private/var/folders/d8/ytkn1yr527j_46_g5hgwkt6c0000gn/T/libgdxneelin2/1b27cc55/libgdx-box2d64.dylib
0x0000000135aab000 	/private/var/folders/d8/ytkn1yr527j_46_g5hgwkt6c0000gn/T/libgdxneelin2/1bfea2c1/libgdx-freetype64.dylib
0x00007ff81ea43000 	/System/Library/PrivateFrameworks/SystemAdministration.framework/Versions/A/SystemAdministration
0x00007ff81e2f3000 	/System/Library/Frameworks/DirectoryService.framework/Versions/A/DirectoryService
0x00007ff821cc5000 	/System/Library/PrivateFrameworks/DiskImages.framework/Versions/A/DiskImages
0x00007ff817999000 	/System/Library/Frameworks/ServiceManagement.framework/Versions/A/ServiceManagement
0x00007ff821ea1000 	/System/Library/PrivateFrameworks/LoginUIKit.framework/Versions/A/Frameworks/LoginUICore.framework/Versions/A/LoginUICore
0x00007ff8197da000 	/usr/lib/libodfde.dylib
0x00007ff821e33000 	/usr/lib/libcurl.4.dylib
0x00007ffb262a6000 	/usr/lib/libcrypto.46.dylib
0x00007ffb2679b000 	/usr/lib/libssl.48.dylib
0x00007ff821b57000 	/System/Library/Frameworks/LDAP.framework/Versions/A/LDAP
0x00007ff821b8f000 	/System/Library/PrivateFrameworks/TrustEvaluationAgent.framework/Versions/A/TrustEvaluationAgent
0x00007ff81b1db000 	/usr/lib/libsasl2.2.dylib
0x00007ff81ea37000 	/System/Library/PrivateFrameworks/CoreDaemon.framework/Versions/B/CoreDaemon
0x00007ff81ea32000 	/System/Library/PrivateFrameworks/AppleSRP.framework/Versions/A/AppleSRP


VM Arguments:
jvm_args: -Dfile.encoding=UTF-8 -Duser.country=US -Duser.language=en -Duser.variant 
java_command: edu.cornell.gdiac.physics.desktop.DesktopLauncher
java_class_path (initial): /Users/neelin2/coding/cs3152/Physics/desktop/build/classes/java/main:/Users/neelin2/coding/cs3152/Physics/desktop/build/resources/main:/Users/neelin2/coding/cs3152/Physics/dependencies/soundlib.jar:/Users/neelin2/.gradle/caches/modules-2/files-2.1/com.badlogicgames.gdx/gdx-backend-lwjgl3/1.11.0/58a96db4cd349be4292d547856aa1e1c5f065f4e/gdx-backend-lwjgl3-1.11.0.jar:/Users/neelin2/.gradle/caches/modules-2/files-2.1/com.badlogicgames.gdx/gdx-platform/1.11.0/697fb13eada6d3c6ca648c9788692b0159add126/gdx-platform-1.11.0-natives-desktop.jar:/Users/neelin2/.gradle/caches/modules-2/files-2.1/com.badlogicgames.gdx-controllers/gdx-controllers-desktop/2.2.1/cb3430c32468a090eca54d494d16bb3764ceff9b/gdx-controllers-desktop-2.2.1.jar:/Users/neelin2/.gradle/caches/modules-2/files-2.1/com.badlogicgames.gdx/gdx-freetype-platform/1.11.0/420e2c2c206843a0d51010be28a141a1eb946235/gdx-freetype-platform-1.11.0-natives-desktop.jar:/Users/neelin2/.gradle/caches/modules-2/files-2.1/com.badlogicgames.gdx/gdx-box2d-platform/1.11.0/62ff9baa1e57a11e0a4428a38c9660bf9f312fdc/gdx-box2d-platform-1.11.0-natives-desktop.jar:/Users/neelin2/.gradle/caches/modules-2/files-2.1/com.badlogicgames.gdx/gdx-lwjgl3-glfw-awt-macos/1.11.0/853f6c26c55b6a509c04b3c0378cdfbb37fbb269/gdx-lwjgl3-glfw-awt-macos-1.11.0.jar:/Users/neelin2/coding/cs3152/Physics/core/build/libs/core-1.0.jar:/Users/neelin2/.gradle/caches/modules-2/files-2.1/com.badlogicgames.gdx-controllers/gdx-controllers-core/2.2.1/8aca0dc002a8daf6a6d28f49c44e25189dd93fd7/gdx-controllers-core-2.2.1.jar:/Users/neelin2/.gradle/caches/modules-2/files-2.1/com.badlogicgames.gdx/gdx-freetype/1.11.0/a3634ad2e6c56d251268d6ab5c0f66eee2841f2c/gdx-freetype-1.11.0.jar:/Users/neelin2/.gradle/caches/modules-2/files-2.1/com.badlogicgames.gdx/gdx-box2d/1.11.0/ad4facee800dd945d6d6e93dea2936bc135b5f/gdx-box2d-1.11.0.jar:/Users/neelin2/.gradle/caches/modules-2/files-2.1/com.badlogicgames.gdx/gdx/1.11.0/ffe1206d1004cd9e40027e28964be0fea0399af7/gdx-
Launcher Type: SUN_STANDARD

[Global flags]
     intx CICompilerCount                          = 3                                         {product} {ergonomic}
     uint ConcGCThreads                            = 1                                         {product} {ergonomic}
     uint G1ConcRefinementThreads                  = 4                                         {product} {ergonomic}
   size_t G1HeapRegionSize                         = 1048576                                   {product} {ergonomic}
    uintx GCDrainStackTargetSize                   = 64                                        {product} {ergonomic}
   size_t InitialHeapSize                          = 134217728                                 {product} {ergonomic}
   size_t MarkStackSize                            = 4194304                                   {product} {ergonomic}
   size_t MaxHeapSize                              = 2147483648                                {product} {ergonomic}
   size_t MaxNewSize                               = 1287651328                                {product} {ergonomic}
   size_t MinHeapDeltaBytes                        = 1048576                                   {product} {ergonomic}
    uintx NonNMethodCodeHeapSize                   = 5830732                                {pd product} {ergonomic}
    uintx NonProfiledCodeHeapSize                  = 122913754                              {pd product} {ergonomic}
    uintx ProfiledCodeHeapSize                     = 122913754                              {pd product} {ergonomic}
    uintx ReservedCodeCacheSize                    = 251658240                              {pd product} {ergonomic}
     bool SegmentedCodeCache                       = true                                      {product} {ergonomic}
     bool UseCompressedClassPointers               = true                                 {lp64_product} {ergonomic}
     bool UseCompressedOops                        = true                                 {lp64_product} {ergonomic}
     bool UseG1GC                                  = true                                      {product} {ergonomic}

Logging:
Log output configuration:
 #0: stdout all=warning uptime,level,tags
 #1: stderr all=off uptime,level,tags

Environment Variables:
PATH=/Users/neelin2/.opam/cs3110-2022fa/bin:/Library/Frameworks/Python.framework/Versions/3.11/bin:/Library/Frameworks/Python.framework/Versions/3.10/bin:/usr/local/bin:/usr/bin:/bin:/usr/sbin:/sbin:/Library/Apple/usr/bin
SHELL=/bin/zsh
LC_CTYPE=en_US.UTF-8
TMPDIR=/var/folders/d8/ytkn1yr527j_46_g5hgwkt6c0000gn/T/

Signal Handlers:
SIGSEGV: [libjvm.dylib+0x7d3ace], sa_mask[0]=11111111011111110111111111111111, sa_flags=SA_ONSTACK|SA_RESTART|SA_SIGINFO
SIGBUS: [libjvm.dylib+0x7d3ace], sa_mask[0]=11111111011111110111111111111111, sa_flags=SA_RESTART|SA_SIGINFO
SIGFPE: [libjvm.dylib+0x7d3ace], sa_mask[0]=11111111011111110111111111111111, sa_flags=SA_RESTART|SA_SIGINFO
SIGPIPE: [libjvm.dylib+0x636ac4], sa_mask[0]=11111111011111110111111111111111, sa_flags=SA_RESTART|SA_SIGINFO
SIGXFSZ: [libjvm.dylib+0x636ac4], sa_mask[0]=11111111011111110111111111111111, sa_flags=SA_RESTART|SA_SIGINFO
SIGILL: [libjvm.dylib+0x7d3ace], sa_mask[0]=11111111011111110111111111111111, sa_flags=SA_RESTART|SA_SIGINFO
SIGUSR2: [libjvm.dylib+0x6370a2], sa_mask[0]=00100000000000000000000000000000, sa_flags=SA_RESTART|SA_SIGINFO
SIGHUP: [libjvm.dylib+0x635bd1], sa_mask[0]=11111111011111110111111111111111, sa_flags=SA_RESTART|SA_SIGINFO
SIGINT: [libjvm.dylib+0x635bd1], sa_mask[0]=11111111011111110111111111111111, sa_flags=SA_RESTART|SA_SIGINFO
SIGTERM: [libjvm.dylib+0x635bd1], sa_mask[0]=11111111011111110111111111111111, sa_flags=SA_RESTART|SA_SIGINFO
SIGQUIT: [libjvm.dylib+0x635bd1], sa_mask[0]=11111111011111110111111111111111, sa_flags=SA_RESTART|SA_SIGINFO


---------------  S Y S T E M  ---------------

OS:uname:Darwin 21.6.0 Darwin Kernel Version 21.6.0: Wed Aug 10 14:25:27 PDT 2022; root:xnu-8020.141.5~2/RELEASE_X86_64 x86_64
OS uptime: 3 days 2:37 hours
rlimit (soft/hard): STACK 8192k/65532k , CORE 0k/infinity , NPROC 1392/2088 , NOFILE 10240/infinity , AS infinity/infinity , CPU infinity/infinity , DATA infinity/infinity , FSIZE infinity/infinity , MEMLOCK infinity/infinity , RSS infinity/infinity
load average:12.11 8.56 6.38

CPU:total 4 (initial active 4) (2 cores per cpu, 2 threads per core) family 6 model 126 stepping 5 microcode 0xb2, cmov, cx8, fxsr, mmx, sse, sse2, sse3, ssse3, sse4.1, sse4.2, popcnt, avx, avx2, aes, clmul, erms, 3dnowpref, lzcnt, ht, tsc, tscinvbit, bmi1, bmi2, adx, sha, fma

Memory: 4k page, physical 8388608k(18764k free), swap 3145728k(1169920k free)

vm_info: OpenJDK 64-Bit Server VM (11.0.18+10-LTS) for bsd-amd64 JRE (11.0.18+10-LTS), built on Jan 11 2023 00:22:19 by "ec2user" with clang Apple LLVM 13.0.0 (clang-1300.0.29.30)

END.
