#
# A fatal error has been detected by the Java Runtime Environment:
#
#  SIGSEGV (0xb) at pc=0x0000000000000000, pid=38367, tid=6403
#
# JRE version: OpenJDK Runtime Environment Corretto-11.0.18.10.1 (11.0.18+10) (build 11.0.18+10-LTS)
# Java VM: OpenJDK 64-Bit Server VM Corretto-11.0.18.10.1 (11.0.18+10-LTS, mixed mode, tiered, compressed oops, g1 gc, bsd-amd64)
# Problematic frame:
# C  0x0000000000000000
#
# No core dump will be written. Core dumps have been disabled. To enable core dumping, try "ulimit -c unlimited" before starting Java again
#
# If you would like to submit a bug report, please visit:
#   https://github.com/corretto/corretto-11/issues/
# The crash happened outside the Java Virtual Machine in native code.
# See problematic frame for where to report the bug.
#

---------------  S U M M A R Y ------------

Command Line: -Dfile.encoding=UTF-8 -Duser.country=US -Duser.language=en -Duser.variant edu.cornell.gdiac.physics.desktop.DesktopLauncher

Host: MacBookAir9,1 x86_64 1100 MHz, 4 cores, 8G, Darwin 21.6.0
Time: Thu Feb 23 17:41:50 2023 EST elapsed time: 12.438058 seconds (0d 0h 0m 12s)

---------------  T H R E A D  ---------------

Current thread (0x00007fd2a480b000):  JavaThread "main" [_thread_in_native, id=6403, stack(0x0000700008820000,0x0000700008920000)]

Stack: [0x0000700008820000,0x0000700008920000],  sp=0x000070000891f568,  free space=1021k
Java frames: (J=compiled Java code, j=interpreted, Vv=VM code)
j  com.badlogic.gdx.physics.box2d.World.jniDestroyJoint(JJ)V+0
j  com.badlogic.gdx.physics.box2d.World.destroyJoint(Lcom/badlogic/gdx/physics/box2d/Joint;)V+64
j  edu.cornell.gdiac.physics.obstacle.ComplexObstacle.deactivatePhysics(Lcom/badlogic/gdx/physics/box2d/World;)V+39
j  edu.cornell.gdiac.physics.WorldController.dispose()V+32
j  edu.cornell.gdiac.physics.GDXRoot.dispose()V+22
j  lwjgl3.Lwjgl3Window.dispose()V+13
j  lwjgl3.Lwjgl3Application.loop()V+406
j  lwjgl3.Lwjgl3Application.<init>(Lcom/badlogic/gdx/ApplicationListener;Llwjgl3/Lwjgl3ApplicationConfiguration;)V+224
j  edu.cornell.gdiac.backend.GDXApp.<init>(Lcom/badlogic/gdx/ApplicationListener;Ledu/cornell/gdiac/backend/GDXAppSettings;)V+6
j  edu.cornell.gdiac.physics.desktop.DesktopLauncher.main([Ljava/lang/String;)V+44
v  ~StubRoutines::call_stub

siginfo: si_signo: 11 (SIGSEGV), si_code: 1 (SEGV_MAPERR), si_addr: 0x0000000000000000

Register to memory mapping:

RAX=0x00007fd2a4ca3cc0 points into unknown readable memory: 0x00007fd2a4ca3900 | 00 39 ca a4 d2 7f 00 00
RBX=0x00007fd2a4ca3f40 points into unknown readable memory: 0x00007fd2a4ca3cc0 | c0 3c ca a4 d2 7f 00 00
RCX=0x0 is NULL
RDX=0x00007fd2a4ca3f80 points into unknown readable memory: 0x00007fd2a48bcec0 | c0 ce 8b a4 d2 7f 00 00
RSP=0x000070000891f568 is pointing into the stack for thread: 0x00007fd2a480b000
RBP=0x000070000891f580 is pointing into the stack for thread: 0x00007fd2a480b000
RSI=0x00007fd2a6612000 points into unknown readable memory: 0x00007fd2a43c4000 | 00 40 3c a4 d2 7f 00 00
RDI=0x00007fd2a4ca3f40 points into unknown readable memory: 0x00007fd2a4ca3cc0 | c0 3c ca a4 d2 7f 00 00
R8 =0x0000000000000188 is an unknown value
R9 =0x0000000000000145 is an unknown value
R10=0x00000001137129e1 is at code_begin+897 in an Interpreter codelet
method entry point (kind = native)  [0x0000000113712660, 0x0000000113712fe0]  2432 bytes
R11=0x0000000000000102 is an unknown value
R12=0x00007fd2a48bd580 points into unknown readable memory: 0x0000002600000002 | 02 00 00 00 26 00 00 00
R13={method} {0x0000000134fb2a38} 'jniDestroyJoint' '(JJ)V' in 'com/badlogic/gdx/physics/box2d/World'
R14=0x00007fd2a6612000 points into unknown readable memory: 0x00007fd2a43c4000 | 00 40 3c a4 d2 7f 00 00
R15=0x00007fd2a480b000 is a thread


Registers:
RAX=0x00007fd2a4ca3cc0, RBX=0x00007fd2a4ca3f40, RCX=0x0000000000000000, RDX=0x00007fd2a4ca3f80
RSP=0x000070000891f568, RBP=0x000070000891f580, RSI=0x00007fd2a6612000, RDI=0x00007fd2a4ca3f40
R8 =0x0000000000000188, R9 =0x0000000000000145, R10=0x00000001137129e1, R11=0x0000000000000102
R12=0x00007fd2a48bd580, R13=0x0000000134fb2a38, R14=0x00007fd2a6612000, R15=0x00007fd2a480b000
RIP=0x0000000000000000, EFLAGS=0x0000000000010202, ERR=0x0000000000000014
  TRAPNO=0x000000000000000e

Top of Stack: (sp=0x000070000891f568)
0x000070000891f568:   00000001353b6863 00007fd2a48bcec0
0x000070000891f578:   00007fd2a6612000 000070000891f5b0
0x000070000891f588:   00000001353c2ae4 00007fd2a6612000
0x000070000891f598:   0000000000000000 00007fd2a4ca3f40
0x000070000891f5a8:   00007fd2a480b000 000070000891f600
0x000070000891f5b8:   00000001353c8b12 00000001353dcba0
0x000070000891f5c8:   00007fd2a480b348 000070000891f6c8
0x000070000891f5d8:   00000001353dcbe0 00007fd2a480b348
0x000070000891f5e8:   000070000891f6c8 0000000134fb2a38
0x000070000891f5f8:   000070000891f6c8 000070000891f688
0x000070000891f608:   0000000113712a10 0000000000000000
0x000070000891f618:   00000007862158e8 000070000891f718
0x000070000891f628:   0000000113f707a4 00000007862158e8
0x000070000891f638:   00007ff80d3bc079 000070000891f640
0x000070000891f648:   0000000000000000 000070000891f6c8
0x000070000891f658:   0000000134fc34d0 0000000000000000
0x000070000891f668:   0000000786f57008 0000000134fb2a38
0x000070000891f678:   0000000000000000 000070000891f6a8
0x000070000891f688:   000070000891f718 000000011370d267
0x000070000891f698:   0000000000000000 000000011370fab8
0x000070000891f6a8:   00007fd2a4ca3f40 0000000000000000
0x000070000891f6b8:   00007fd2a6612000 0000000000000000
0x000070000891f6c8:   00000007863e01d8 000070000891f6d0
0x000070000891f6d8:   0000000134fb2980 000070000891f730
0x000070000891f6e8:   0000000134fc34d0 00000001361dde88
0x000070000891f6f8:   0000000786f57008 0000000134fb29a8
0x000070000891f708:   000070000891f6a8 000070000891f728
0x000070000891f718:   000070000891f780 000000011370d267
0x000070000891f728:   00000007863fe1a0 00000007863e01d8
0x000070000891f738:   000070000891f738 0000000134fdebd7
0x000070000891f748:   000070000891f7a8 0000000136193700
0x000070000891f758:   0000000000000000 0000000786ffecb0 

Instructions: (pc=0x0000000000000000)
0xffffffffffffff00:   


Stack slot to memory mapping:
stack at sp + 0 slots: 0x00000001353b6863: _ZN7b2Joint7DestroyEPS_P16b2BlockAllocator+0x13 in /private/var/folders/d8/ytkn1yr527j_46_g5hgwkt6c0000gn/T/libgdxneelin2/1b27cc55/libgdx-box2d64.dylib at 0x00000001353a4000
stack at sp + 1 slots: 0x00007fd2a48bcec0 points into unknown readable memory: 0x0000002600000002 | 02 00 00 00 26 00 00 00
stack at sp + 2 slots: 0x00007fd2a6612000 points into unknown readable memory: 0x00007fd2a43c4000 | 00 40 3c a4 d2 7f 00 00
stack at sp + 3 slots: 0x000070000891f5b0 is pointing into the stack for thread: 0x00007fd2a480b000
stack at sp + 4 slots: 0x00000001353c2ae4: _ZN7b2World12DestroyJointEP7b2Joint+0x124 in /private/var/folders/d8/ytkn1yr527j_46_g5hgwkt6c0000gn/T/libgdxneelin2/1b27cc55/libgdx-box2d64.dylib at 0x00000001353a4000
stack at sp + 5 slots: 0x00007fd2a6612000 points into unknown readable memory: 0x00007fd2a43c4000 | 00 40 3c a4 d2 7f 00 00
stack at sp + 6 slots: 0x0 is NULL
stack at sp + 7 slots: 0x00007fd2a4ca3f40 points into unknown readable memory: 0x00007fd2a4ca3cc0 | c0 3c ca a4 d2 7f 00 00


---------------  P R O C E S S  ---------------

Threads class SMR info:
_java_thread_list=0x0000600000f04240, length=13, elements={
0x00007fd2a480b000, 0x00007fd2a405e000, 0x00007fd2a4864800, 0x00007fd2a502a000,
0x00007fd2a4866800, 0x00007fd2a4869000, 0x00007fd2a405f800, 0x00007fd2a486a000,
0x00007fd2a5055800, 0x00007fd2a4391000, 0x00007fd2a314e000, 0x00007fd2a4a40800,
0x00007fd2a4c24000
}

Java Threads: ( => current thread )
=>0x00007fd2a480b000 JavaThread "main" [_thread_in_native, id=6403, stack(0x0000700008820000,0x0000700008920000)]
  0x00007fd2a405e000 JavaThread "Reference Handler" daemon [_thread_blocked, id=18947, stack(0x0000700008f35000,0x0000700009035000)]
  0x00007fd2a4864800 JavaThread "Finalizer" daemon [_thread_blocked, id=14851, stack(0x0000700009038000,0x0000700009138000)]
  0x00007fd2a502a000 JavaThread "Signal Dispatcher" daemon [_thread_blocked, id=17667, stack(0x00007000092c4000,0x00007000093c4000)]
  0x00007fd2a4866800 JavaThread "Service Thread" daemon [_thread_blocked, id=22019, stack(0x00007000093c7000,0x00007000094c7000)]
  0x00007fd2a4869000 JavaThread "C2 CompilerThread0" daemon [_thread_blocked, id=43011, stack(0x00007000094ca000,0x00007000095ca000)]
  0x00007fd2a405f800 JavaThread "C1 CompilerThread0" daemon [_thread_blocked, id=22531, stack(0x00007000095cd000,0x00007000096cd000)]
  0x00007fd2a486a000 JavaThread "Sweeper thread" daemon [_thread_blocked, id=41987, stack(0x00007000096d0000,0x00007000097d0000)]
  0x00007fd2a5055800 JavaThread "Common-Cleaner" daemon [_thread_blocked, id=41219, stack(0x00007000098d6000,0x00007000099d6000)]
  0x00007fd2a4391000 JavaThread "AppKit Thread" daemon [_thread_in_native, id=259, stack(0x00007ff7b8a06000,0x00007ff7b9206000)]
  0x00007fd2a314e000 JavaThread "AWT-Shutdown" [_thread_blocked, id=35331, stack(0x00007000099d9000,0x0000700009ad9000)]
  0x00007fd2a4a40800 JavaThread "AWT-EventQueue-0" [_thread_blocked, id=79875, stack(0x0000700009c65000,0x0000700009d65000)]
  0x00007fd2a4c24000 JavaThread "AssetManager" daemon [_thread_blocked, id=103427, stack(0x000070000a2fd000,0x000070000a3fd000)]

Other Threads:
  0x00007fd2a5029000 VMThread "VM Thread" [stack: 0x0000700008e32000,0x0000700008f32000] [id=13827]
  0x00007fd2a48cb000 WatcherThread [stack: 0x00007000097d3000,0x00007000098d3000] [id=41731]
  0x00007fd2a481d800 GCTaskThread "GC Thread#0" [stack: 0x0000700008923000,0x0000700008a23000] [id=11779]
  0x00007fd2a43b0800 GCTaskThread "GC Thread#1" [stack: 0x0000700009d68000,0x0000700009e68000] [id=54791]
  0x00007fd2a43a8000 GCTaskThread "GC Thread#2" [stack: 0x0000700009e6b000,0x0000700009f6b000] [id=55051]
  0x00007fd2a4412000 GCTaskThread "GC Thread#3" [stack: 0x0000700009f6e000,0x000070000a06e000] [id=75267]
  0x00007fd2a483e800 ConcurrentGCThread "G1 Main Marker" [stack: 0x0000700008a26000,0x0000700008b26000] [id=20995]
  0x00007fd2a300e000 ConcurrentGCThread "G1 Conc#0" [stack: 0x0000700008b29000,0x0000700008c29000] [id=20227]
  0x00007fd2a3035000 ConcurrentGCThread "G1 Refine#0" [stack: 0x0000700008c2c000,0x0000700008d2c000] [id=19715]
  0x00007fd2a500b000 ConcurrentGCThread "G1 Young RemSet Sampling" [stack: 0x0000700008d2f000,0x0000700008e2f000] [id=12803]

Threads with active compile tasks:

VM state:not at safepoint (normal execution)

VM Mutex/Monitor currently owned by a thread: None

Heap address: 0x0000000780000000, size: 2048 MB, Compressed Oops mode: Zero based, Oop shift amount: 3
Narrow klass base: 0x0000000800000000, Narrow klass shift: 0
Compressed class space size: 1073741824 Address: 0x0000000800000000

Heap:
 garbage-first heap   total 131072K, used 42912K [0x0000000780000000, 0x0000000800000000)
  region size 1024K, 30 young (30720K), 2 survivors (2048K)
 Metaspace       used 15833K, capacity 16028K, committed 16640K, reserved 1064960K
  class space    used 1325K, capacity 1417K, committed 1536K, reserved 1048576K
Heap Regions: E=young(eden), S=young(survivor), O=old, HS=humongous(starts), HC=humongous(continues), CS=collection set, F=free, A=archive, TAMS=top-at-mark-start (previous, next)
|   0|0x0000000780000000, 0x0000000780100000, 0x0000000780100000|100%|HS|  |TAMS 0x0000000780000000, 0x0000000780000000| Complete 
|   1|0x0000000780100000, 0x0000000780200000, 0x0000000780200000|100%|HS|  |TAMS 0x0000000780100000, 0x0000000780100000| Complete 
|   2|0x0000000780200000, 0x0000000780300000, 0x0000000780300000|100%|HS|  |TAMS 0x0000000780200000, 0x0000000780200000| Complete 
|   3|0x0000000780300000, 0x0000000780400000, 0x0000000780400000|100%|HS|  |TAMS 0x0000000780300000, 0x0000000780300000| Complete 
|   4|0x0000000780400000, 0x0000000780500000, 0x0000000780500000|100%|HC|  |TAMS 0x0000000780400000, 0x0000000780400000| Complete 
|   5|0x0000000780500000, 0x0000000780600000, 0x0000000780600000|100%|HS|  |TAMS 0x0000000780500000, 0x0000000780500000| Complete 
|   6|0x0000000780600000, 0x0000000780700000, 0x0000000780700000|100%|HS|  |TAMS 0x0000000780600000, 0x0000000780600000| Complete 
|   7|0x0000000780700000, 0x0000000780800000, 0x0000000780800000|100%|HS|  |TAMS 0x0000000780700000, 0x0000000780700000| Complete 
|   8|0x0000000780800000, 0x0000000780900000, 0x0000000780900000|100%|HC|  |TAMS 0x0000000780800000, 0x0000000780800000| Complete 
|   9|0x0000000780900000, 0x0000000780a00000, 0x0000000780a00000|100%|HS|  |TAMS 0x0000000780900000, 0x0000000780900000| Complete 
|  10|0x0000000780a00000, 0x0000000780b00000, 0x0000000780b00000|100%|HS|  |TAMS 0x0000000780a00000, 0x0000000780a00000| Complete 
|  11|0x0000000780b00000, 0x0000000780c00000, 0x0000000780c00000|100%|HS|  |TAMS 0x0000000780b00000, 0x0000000780b00000| Complete 
|  12|0x0000000780c00000, 0x0000000780d00000, 0x0000000780d00000|100%|HC|  |TAMS 0x0000000780c00000, 0x0000000780c00000| Complete 
|  13|0x0000000780d00000, 0x0000000780e00000, 0x0000000780e00000|100%|HS|  |TAMS 0x0000000780d00000, 0x0000000780d00000| Complete 
|  14|0x0000000780e00000, 0x0000000780e00000, 0x0000000780f00000|  0%| F|  |TAMS 0x0000000780e00000, 0x0000000780e00000| Untracked 
|  15|0x0000000780f00000, 0x0000000780f00000, 0x0000000781000000|  0%| F|  |TAMS 0x0000000780f00000, 0x0000000780f00000| Untracked 
|  16|0x0000000781000000, 0x0000000781000000, 0x0000000781100000|  0%| F|  |TAMS 0x0000000781000000, 0x0000000781000000| Untracked 
|  17|0x0000000781100000, 0x0000000781100000, 0x0000000781200000|  0%| F|  |TAMS 0x0000000781100000, 0x0000000781100000| Untracked 
|  18|0x0000000781200000, 0x0000000781200000, 0x0000000781300000|  0%| F|  |TAMS 0x0000000781200000, 0x0000000781200000| Untracked 
|  19|0x0000000781300000, 0x0000000781300000, 0x0000000781400000|  0%| F|  |TAMS 0x0000000781300000, 0x0000000781300000| Untracked 
|  20|0x0000000781400000, 0x0000000781400000, 0x0000000781500000|  0%| F|  |TAMS 0x0000000781400000, 0x0000000781400000| Untracked 
|  21|0x0000000781500000, 0x0000000781500000, 0x0000000781600000|  0%| F|  |TAMS 0x0000000781500000, 0x0000000781500000| Untracked 
|  22|0x0000000781600000, 0x0000000781600000, 0x0000000781700000|  0%| F|  |TAMS 0x0000000781600000, 0x0000000781600000| Untracked 
|  23|0x0000000781700000, 0x0000000781700000, 0x0000000781800000|  0%| F|  |TAMS 0x0000000781700000, 0x0000000781700000| Untracked 
|  24|0x0000000781800000, 0x0000000781800000, 0x0000000781900000|  0%| F|  |TAMS 0x0000000781800000, 0x0000000781800000| Untracked 
|  25|0x0000000781900000, 0x0000000781900000, 0x0000000781a00000|  0%| F|  |TAMS 0x0000000781900000, 0x0000000781900000| Untracked 
|  26|0x0000000781a00000, 0x0000000781a00000, 0x0000000781b00000|  0%| F|  |TAMS 0x0000000781a00000, 0x0000000781a00000| Untracked 
|  27|0x0000000781b00000, 0x0000000781b00000, 0x0000000781c00000|  0%| F|  |TAMS 0x0000000781b00000, 0x0000000781b00000| Untracked 
|  28|0x0000000781c00000, 0x0000000781c00000, 0x0000000781d00000|  0%| F|  |TAMS 0x0000000781c00000, 0x0000000781c00000| Untracked 
|  29|0x0000000781d00000, 0x0000000781d00000, 0x0000000781e00000|  0%| F|  |TAMS 0x0000000781d00000, 0x0000000781d00000| Untracked 
|  30|0x0000000781e00000, 0x0000000781e00000, 0x0000000781f00000|  0%| F|  |TAMS 0x0000000781e00000, 0x0000000781e00000| Untracked 
|  31|0x0000000781f00000, 0x0000000781f00000, 0x0000000782000000|  0%| F|  |TAMS 0x0000000781f00000, 0x0000000781f00000| Untracked 
|  32|0x0000000782000000, 0x0000000782000000, 0x0000000782100000|  0%| F|  |TAMS 0x0000000782000000, 0x0000000782000000| Untracked 
|  33|0x0000000782100000, 0x0000000782100000, 0x0000000782200000|  0%| F|  |TAMS 0x0000000782100000, 0x0000000782100000| Untracked 
|  34|0x0000000782200000, 0x0000000782200000, 0x0000000782300000|  0%| F|  |TAMS 0x0000000782200000, 0x0000000782200000| Untracked 
|  35|0x0000000782300000, 0x0000000782300000, 0x0000000782400000|  0%| F|  |TAMS 0x0000000782300000, 0x0000000782300000| Untracked 
|  36|0x0000000782400000, 0x0000000782400000, 0x0000000782500000|  0%| F|  |TAMS 0x0000000782400000, 0x0000000782400000| Untracked 
|  37|0x0000000782500000, 0x0000000782500000, 0x0000000782600000|  0%| F|  |TAMS 0x0000000782500000, 0x0000000782500000| Untracked 
|  38|0x0000000782600000, 0x0000000782600000, 0x0000000782700000|  0%| F|  |TAMS 0x0000000782600000, 0x0000000782600000| Untracked 
|  39|0x0000000782700000, 0x0000000782700000, 0x0000000782800000|  0%| F|  |TAMS 0x0000000782700000, 0x0000000782700000| Untracked 
|  40|0x0000000782800000, 0x0000000782800000, 0x0000000782900000|  0%| F|  |TAMS 0x0000000782800000, 0x0000000782800000| Untracked 
|  41|0x0000000782900000, 0x0000000782900000, 0x0000000782a00000|  0%| F|  |TAMS 0x0000000782900000, 0x0000000782900000| Untracked 
|  42|0x0000000782a00000, 0x0000000782a00000, 0x0000000782b00000|  0%| F|  |TAMS 0x0000000782a00000, 0x0000000782a00000| Untracked 
|  43|0x0000000782b00000, 0x0000000782b00000, 0x0000000782c00000|  0%| F|  |TAMS 0x0000000782b00000, 0x0000000782b00000| Untracked 
|  44|0x0000000782c00000, 0x0000000782c00000, 0x0000000782d00000|  0%| F|  |TAMS 0x0000000782c00000, 0x0000000782c00000| Untracked 
|  45|0x0000000782d00000, 0x0000000782d00000, 0x0000000782e00000|  0%| F|  |TAMS 0x0000000782d00000, 0x0000000782d00000| Untracked 
|  46|0x0000000782e00000, 0x0000000782e00000, 0x0000000782f00000|  0%| F|  |TAMS 0x0000000782e00000, 0x0000000782e00000| Untracked 
|  47|0x0000000782f00000, 0x0000000782f00000, 0x0000000783000000|  0%| F|  |TAMS 0x0000000782f00000, 0x0000000782f00000| Untracked 
|  48|0x0000000783000000, 0x0000000783000000, 0x0000000783100000|  0%| F|  |TAMS 0x0000000783000000, 0x0000000783000000| Untracked 
|  49|0x0000000783100000, 0x0000000783100000, 0x0000000783200000|  0%| F|  |TAMS 0x0000000783100000, 0x0000000783100000| Untracked 
|  50|0x0000000783200000, 0x0000000783200000, 0x0000000783300000|  0%| F|  |TAMS 0x0000000783200000, 0x0000000783200000| Untracked 
|  51|0x0000000783300000, 0x0000000783300000, 0x0000000783400000|  0%| F|  |TAMS 0x0000000783300000, 0x0000000783300000| Untracked 
|  52|0x0000000783400000, 0x0000000783400000, 0x0000000783500000|  0%| F|  |TAMS 0x0000000783400000, 0x0000000783400000| Untracked 
|  53|0x0000000783500000, 0x0000000783500000, 0x0000000783600000|  0%| F|  |TAMS 0x0000000783500000, 0x0000000783500000| Untracked 
|  54|0x0000000783600000, 0x0000000783600000, 0x0000000783700000|  0%| F|  |TAMS 0x0000000783600000, 0x0000000783600000| Untracked 
|  55|0x0000000783700000, 0x0000000783700000, 0x0000000783800000|  0%| F|  |TAMS 0x0000000783700000, 0x0000000783700000| Untracked 
|  56|0x0000000783800000, 0x0000000783800000, 0x0000000783900000|  0%| F|  |TAMS 0x0000000783800000, 0x0000000783800000| Untracked 
|  57|0x0000000783900000, 0x0000000783900000, 0x0000000783a00000|  0%| F|  |TAMS 0x0000000783900000, 0x0000000783900000| Untracked 
|  58|0x0000000783a00000, 0x0000000783a00000, 0x0000000783b00000|  0%| F|  |TAMS 0x0000000783a00000, 0x0000000783a00000| Untracked 
|  59|0x0000000783b00000, 0x0000000783b00000, 0x0000000783c00000|  0%| F|  |TAMS 0x0000000783b00000, 0x0000000783b00000| Untracked 
|  60|0x0000000783c00000, 0x0000000783c00000, 0x0000000783d00000|  0%| F|  |TAMS 0x0000000783c00000, 0x0000000783c00000| Untracked 
|  61|0x0000000783d00000, 0x0000000783d00000, 0x0000000783e00000|  0%| F|  |TAMS 0x0000000783d00000, 0x0000000783d00000| Untracked 
|  62|0x0000000783e00000, 0x0000000783e00000, 0x0000000783f00000|  0%| F|  |TAMS 0x0000000783e00000, 0x0000000783e00000| Untracked 
|  63|0x0000000783f00000, 0x0000000783f00000, 0x0000000784000000|  0%| F|  |TAMS 0x0000000783f00000, 0x0000000783f00000| Untracked 
|  64|0x0000000784000000, 0x0000000784000000, 0x0000000784100000|  0%| F|  |TAMS 0x0000000784000000, 0x0000000784000000| Untracked 
|  65|0x0000000784100000, 0x0000000784100000, 0x0000000784200000|  0%| F|  |TAMS 0x0000000784100000, 0x0000000784100000| Untracked 
|  66|0x0000000784200000, 0x0000000784200000, 0x0000000784300000|  0%| F|  |TAMS 0x0000000784200000, 0x0000000784200000| Untracked 
|  67|0x0000000784300000, 0x0000000784300000, 0x0000000784400000|  0%| F|  |TAMS 0x0000000784300000, 0x0000000784300000| Untracked 
|  68|0x0000000784400000, 0x0000000784400000, 0x0000000784500000|  0%| F|  |TAMS 0x0000000784400000, 0x0000000784400000| Untracked 
|  69|0x0000000784500000, 0x0000000784500000, 0x0000000784600000|  0%| F|  |TAMS 0x0000000784500000, 0x0000000784500000| Untracked 
|  70|0x0000000784600000, 0x0000000784600000, 0x0000000784700000|  0%| F|  |TAMS 0x0000000784600000, 0x0000000784600000| Untracked 
|  71|0x0000000784700000, 0x0000000784700000, 0x0000000784800000|  0%| F|  |TAMS 0x0000000784700000, 0x0000000784700000| Untracked 
|  72|0x0000000784800000, 0x0000000784800000, 0x0000000784900000|  0%| F|  |TAMS 0x0000000784800000, 0x0000000784800000| Untracked 
|  73|0x0000000784900000, 0x0000000784900000, 0x0000000784a00000|  0%| F|  |TAMS 0x0000000784900000, 0x0000000784900000| Untracked 
|  74|0x0000000784a00000, 0x0000000784a00000, 0x0000000784b00000|  0%| F|  |TAMS 0x0000000784a00000, 0x0000000784a00000| Untracked 
|  75|0x0000000784b00000, 0x0000000784b00000, 0x0000000784c00000|  0%| F|  |TAMS 0x0000000784b00000, 0x0000000784b00000| Untracked 
|  76|0x0000000784c00000, 0x0000000784c00000, 0x0000000784d00000|  0%| F|  |TAMS 0x0000000784c00000, 0x0000000784c00000| Untracked 
|  77|0x0000000784d00000, 0x0000000784d00000, 0x0000000784e00000|  0%| F|  |TAMS 0x0000000784d00000, 0x0000000784d00000| Untracked 
|  78|0x0000000784e00000, 0x0000000784e00000, 0x0000000784f00000|  0%| F|  |TAMS 0x0000000784e00000, 0x0000000784e00000| Untracked 
|  79|0x0000000784f00000, 0x0000000784f00000, 0x0000000785000000|  0%| F|  |TAMS 0x0000000784f00000, 0x0000000784f00000| Untracked 
|  80|0x0000000785000000, 0x0000000785000000, 0x0000000785100000|  0%| F|  |TAMS 0x0000000785000000, 0x0000000785000000| Untracked 
|  81|0x0000000785100000, 0x0000000785100000, 0x0000000785200000|  0%| F|  |TAMS 0x0000000785100000, 0x0000000785100000| Untracked 
|  82|0x0000000785200000, 0x0000000785200000, 0x0000000785300000|  0%| F|  |TAMS 0x0000000785200000, 0x0000000785200000| Untracked 
|  83|0x0000000785300000, 0x0000000785300000, 0x0000000785400000|  0%| F|  |TAMS 0x0000000785300000, 0x0000000785300000| Untracked 
|  84|0x0000000785400000, 0x0000000785400000, 0x0000000785500000|  0%| F|  |TAMS 0x0000000785400000, 0x0000000785400000| Untracked 
|  85|0x0000000785500000, 0x0000000785500000, 0x0000000785600000|  0%| F|  |TAMS 0x0000000785500000, 0x0000000785500000| Untracked 
|  86|0x0000000785600000, 0x0000000785600000, 0x0000000785700000|  0%| F|  |TAMS 0x0000000785600000, 0x0000000785600000| Untracked 
|  87|0x0000000785700000, 0x0000000785700000, 0x0000000785800000|  0%| F|  |TAMS 0x0000000785700000, 0x0000000785700000| Untracked 
|  88|0x0000000785800000, 0x0000000785800000, 0x0000000785900000|  0%| F|  |TAMS 0x0000000785800000, 0x0000000785800000| Untracked 
|  89|0x0000000785900000, 0x0000000785900000, 0x0000000785a00000|  0%| F|  |TAMS 0x0000000785900000, 0x0000000785900000| Untracked 
|  90|0x0000000785a00000, 0x0000000785a00000, 0x0000000785b00000|  0%| F|  |TAMS 0x0000000785a00000, 0x0000000785a00000| Untracked 
|  91|0x0000000785b00000, 0x0000000785b00000, 0x0000000785c00000|  0%| F|  |TAMS 0x0000000785b00000, 0x0000000785b00000| Untracked 
|  92|0x0000000785c00000, 0x0000000785c00000, 0x0000000785d00000|  0%| F|  |TAMS 0x0000000785c00000, 0x0000000785c00000| Untracked 
|  93|0x0000000785d00000, 0x0000000785d00000, 0x0000000785e00000|  0%| F|  |TAMS 0x0000000785d00000, 0x0000000785d00000| Untracked 
|  94|0x0000000785e00000, 0x0000000785e00000, 0x0000000785f00000|  0%| F|  |TAMS 0x0000000785e00000, 0x0000000785e00000| Untracked 
|  95|0x0000000785f00000, 0x0000000785f00000, 0x0000000786000000|  0%| F|  |TAMS 0x0000000785f00000, 0x0000000785f00000| Untracked 
|  96|0x0000000786000000, 0x0000000786000000, 0x0000000786100000|  0%| F|  |TAMS 0x0000000786000000, 0x0000000786000000| Untracked 
|  97|0x0000000786100000, 0x0000000786100000, 0x0000000786200000|  0%| F|  |TAMS 0x0000000786100000, 0x0000000786100000| Untracked 
|  98|0x0000000786200000, 0x0000000786280800, 0x0000000786300000| 50%| E|  |TAMS 0x0000000786200000, 0x0000000786200000| Complete 
|  99|0x0000000786300000, 0x0000000786400000, 0x0000000786400000|100%| E|CS|TAMS 0x0000000786300000, 0x0000000786300000| Complete 
| 100|0x0000000786400000, 0x0000000786500000, 0x0000000786500000|100%| E|CS|TAMS 0x0000000786400000, 0x0000000786400000| Complete 
| 101|0x0000000786500000, 0x0000000786600000, 0x0000000786600000|100%| E|CS|TAMS 0x0000000786500000, 0x0000000786500000| Complete 
| 102|0x0000000786600000, 0x0000000786700000, 0x0000000786700000|100%| E|CS|TAMS 0x0000000786600000, 0x0000000786600000| Complete 
| 103|0x0000000786700000, 0x0000000786800000, 0x0000000786800000|100%| E|CS|TAMS 0x0000000786700000, 0x0000000786700000| Complete 
| 104|0x0000000786800000, 0x0000000786900000, 0x0000000786900000|100%| E|  |TAMS 0x0000000786800000, 0x0000000786800000| Complete 
| 105|0x0000000786900000, 0x0000000786a00000, 0x0000000786a00000|100%| E|CS|TAMS 0x0000000786900000, 0x0000000786900000| Complete 
| 106|0x0000000786a00000, 0x0000000786b00000, 0x0000000786b00000|100%| E|CS|TAMS 0x0000000786a00000, 0x0000000786a00000| Complete 
| 107|0x0000000786b00000, 0x0000000786c00000, 0x0000000786c00000|100%| E|CS|TAMS 0x0000000786b00000, 0x0000000786b00000| Complete 
| 108|0x0000000786c00000, 0x0000000786d00000, 0x0000000786d00000|100%| E|CS|TAMS 0x0000000786c00000, 0x0000000786c00000| Complete 
| 109|0x0000000786d00000, 0x0000000786e00000, 0x0000000786e00000|100%| E|CS|TAMS 0x0000000786d00000, 0x0000000786d00000| Complete 
| 110|0x0000000786e00000, 0x0000000786f00000, 0x0000000786f00000|100%| E|CS|TAMS 0x0000000786e00000, 0x0000000786e00000| Complete 
| 111|0x0000000786f00000, 0x0000000787000000, 0x0000000787000000|100%| E|CS|TAMS 0x0000000786f00000, 0x0000000786f00000| Complete 
| 112|0x0000000787000000, 0x00000007870e83c8, 0x0000000787100000| 90%| S|CS|TAMS 0x0000000787000000, 0x0000000787000000| Complete 
| 113|0x0000000787100000, 0x0000000787200000, 0x0000000787200000|100%| S|CS|TAMS 0x0000000787100000, 0x0000000787100000| Complete 
| 114|0x0000000787200000, 0x0000000787300000, 0x0000000787300000|100%| E|CS|TAMS 0x0000000787200000, 0x0000000787200000| Complete 
| 115|0x0000000787300000, 0x0000000787400000, 0x0000000787400000|100%| E|CS|TAMS 0x0000000787300000, 0x0000000787300000| Complete 
| 116|0x0000000787400000, 0x0000000787500000, 0x0000000787500000|100%| E|CS|TAMS 0x0000000787400000, 0x0000000787400000| Complete 
| 117|0x0000000787500000, 0x0000000787600000, 0x0000000787600000|100%| E|CS|TAMS 0x0000000787500000, 0x0000000787500000| Complete 
| 118|0x0000000787600000, 0x0000000787700000, 0x0000000787700000|100%| E|CS|TAMS 0x0000000787600000, 0x0000000787600000| Complete 
| 119|0x0000000787700000, 0x0000000787800000, 0x0000000787800000|100%| E|CS|TAMS 0x0000000787700000, 0x0000000787700000| Complete 
| 120|0x0000000787800000, 0x0000000787900000, 0x0000000787900000|100%| E|CS|TAMS 0x0000000787800000, 0x0000000787800000| Complete 
| 121|0x0000000787900000, 0x0000000787a00000, 0x0000000787a00000|100%| E|CS|TAMS 0x0000000787900000, 0x0000000787900000| Complete 
| 122|0x0000000787a00000, 0x0000000787b00000, 0x0000000787b00000|100%| E|CS|TAMS 0x0000000787a00000, 0x0000000787a00000| Complete 
| 123|0x0000000787b00000, 0x0000000787c00000, 0x0000000787c00000|100%| E|CS|TAMS 0x0000000787b00000, 0x0000000787b00000| Complete 
| 124|0x0000000787c00000, 0x0000000787d00000, 0x0000000787d00000|100%| E|CS|TAMS 0x0000000787c00000, 0x0000000787c00000| Complete 
| 125|0x0000000787d00000, 0x0000000787e00000, 0x0000000787e00000|100%| E|CS|TAMS 0x0000000787d00000, 0x0000000787d00000| Complete 
| 126|0x0000000787e00000, 0x0000000787f00000, 0x0000000787f00000|100%| E|CS|TAMS 0x0000000787e00000, 0x0000000787e00000| Complete 
| 127|0x0000000787f00000, 0x0000000788000000, 0x0000000788000000|100%| E|CS|TAMS 0x0000000787f00000, 0x0000000787f00000| Complete 

Card table byte_map: [0x00000001074f7000,0x00000001078f7000] _byte_map_base: 0x00000001038f7000

Marking Bits (Prev, Next): (CMBitMap*) 0x00007fd2a4835c18, (CMBitMap*) 0x00007fd2a4835c50
 Prev Bits: [0x000000011151f000, 0x000000011351f000)
 Next Bits: [0x0000000122703000, 0x0000000124703000)

Polling page: 0x0000000106e21000

Metaspace:

Usage:
  Non-class:     14.27 MB capacity,    14.17 MB (>99%) used,    76.55 KB ( <1%) free+waste,    26.31 KB ( <1%) overhead. 
      Class:      1.38 MB capacity,     1.29 MB ( 94%) used,    79.48 KB (  6%) free+waste,    11.81 KB ( <1%) overhead. 
       Both:     15.65 MB capacity,    15.46 MB ( 99%) used,   156.02 KB ( <1%) free+waste,    38.12 KB ( <1%) overhead. 

Virtual space:
  Non-class space:       16.00 MB reserved,      14.75 MB ( 92%) committed 
      Class space:        1.00 GB reserved,       1.50 MB ( <1%) committed 
             Both:        1.02 GB reserved,      16.25 MB (  2%) committed 

Chunk freelists:
   Non-Class:  337.00 KB
       Class:  23.00 KB
        Both:  360.00 KB

MaxMetaspaceSize: unlimited
CompressedClassSpaceSize: 1.00 GB
Initial GC threshold: 20.80 MB
Current GC threshold: 20.80 MB
CDS: off

CodeHeap 'non-profiled nmethods': size=120032Kb used=721Kb max_used=721Kb free=119310Kb
 bounds [0x000000011b1cb000, 0x000000011b43b000, 0x0000000122703000]
CodeHeap 'profiled nmethods': size=120032Kb used=3116Kb max_used=3116Kb free=116915Kb
 bounds [0x0000000113c93000, 0x0000000113fa3000, 0x000000011b1cb000]
CodeHeap 'non-nmethods': size=5696Kb used=1642Kb max_used=1662Kb free=4053Kb
 bounds [0x0000000113703000, 0x0000000113973000, 0x0000000113c93000]
 total_blobs=2670 nmethods=1612 adapters=972
 compilation: enabled
              stopped_count=0, restarted_count=0
 full_count=0

Compilation events (20 events):
Event: 11.969 Thread 0x00007fd2a405f800 1604       3       org.lwjgl.system.MemoryUtil::memGetDouble (9 bytes)
Event: 11.970 Thread 0x00007fd2a405f800 nmethod 1604 0x0000000113f99d10 code [0x0000000113f99ec0, 0x0000000113f9a090]
Event: 11.970 Thread 0x00007fd2a405f800 1605       3       sun.misc.Unsafe::getDouble (9 bytes)
Event: 11.970 Thread 0x00007fd2a405f800 nmethod 1605 0x0000000113f9a190 code [0x0000000113f9a340, 0x0000000113f9a430]
Event: 12.083 Thread 0x00007fd2a405f800 1606       3       edu.cornell.gdiac.physics.ragdoll.RagdollController::update (242 bytes)
Event: 12.088 Thread 0x00007fd2a405f800 nmethod 1606 0x0000000113f9a510 code [0x0000000113f9a940, 0x0000000113f9c670]
Event: 12.088 Thread 0x00007fd2a405f800 1607       3       edu.cornell.gdiac.physics.obstacle.ObstacleSelector::isSelected (13 bytes)
Event: 12.089 Thread 0x00007fd2a405f800 nmethod 1607 0x0000000113f9d090 code [0x0000000113f9d240, 0x0000000113f9d390]
Event: 12.089 Thread 0x00007fd2a405f800 1608       3       edu.cornell.gdiac.physics.obstacle.ObstacleSelector::moveTo (29 bytes)
Event: 12.089 Thread 0x00007fd2a405f800 nmethod 1608 0x0000000113f9d410 code [0x0000000113f9d5e0, 0x0000000113f9d860]
Event: 12.169 Thread 0x00007fd2a4869000 1609       4       com.badlogic.gdx.graphics.g2d.PolygonSpriteBatch::flush (183 bytes)
Event: 12.244 Thread 0x00007fd2a4869000 nmethod 1609 0x000000011b27b210 code [0x000000011b27b500, 0x000000011b27ce40]
Event: 12.318 Thread 0x00007fd2a4869000 1610       4       edu.cornell.gdiac.physics.obstacle.SimpleObstacle::update (12 bytes)
Event: 12.320 Thread 0x00007fd2a4869000 nmethod 1610 0x000000011b27ec90 code [0x000000011b27ee20, 0x000000011b27ee98]
Event: 12.400 Thread 0x00007fd2a4869000 1611       4       org.lwjgl.system.Checks::check (16 bytes)
Event: 12.402 Thread 0x00007fd2a4869000 nmethod 1611 0x000000011b27ef90 code [0x000000011b27f120, 0x000000011b27f198]
Event: 12.425 Thread 0x00007fd2a4869000 1612       4       org.lwjgl.system.MemoryUtil::memGetAddress (31 bytes)
Event: 12.425 Thread 0x00007fd2a4869000 nmethod 1612 0x000000011b27f290 code [0x000000011b27f420, 0x000000011b27f478]
Event: 12.432 Thread 0x00007fd2a405f800 1613   !   3       java.nio.CharBuffer::wrap (20 bytes)
Event: 12.433 Thread 0x00007fd2a405f800 nmethod 1613 0x0000000113f9d990 code [0x0000000113f9db80, 0x0000000113f9df70]

GC Heap History (2 events):
Event: 1.424 GC heap before
{Heap before GC invocations=0 (full 0):
 garbage-first heap   total 131072K, used 14336K [0x0000000780000000, 0x0000000800000000)
  region size 1024K, 14 young (14336K), 0 survivors (0K)
 Metaspace       used 9872K, capacity 10065K, committed 10240K, reserved 1058816K
  class space    used 890K, capacity 981K, committed 1024K, reserved 1048576K
}
Event: 1.432 GC heap after
{Heap after GC invocations=1 (full 0):
 garbage-first heap   total 131072K, used 1952K [0x0000000780000000, 0x0000000800000000)
  region size 1024K, 2 young (2048K), 2 survivors (2048K)
 Metaspace       used 9872K, capacity 10065K, committed 10240K, reserved 1058816K
  class space    used 890K, capacity 981K, committed 1024K, reserved 1048576K
}

Deoptimization events (20 events):
Event: 5.297 Thread 0x00007fd2a4c24000 DEOPT PACKING pc=0x0000000113eee18c sp=0x000070000a3fc2f0
Event: 5.297 Thread 0x00007fd2a4c24000 DEOPT UNPACKING pc=0x000000011374d64a sp=0x000070000a3fb7c8 mode 0
Event: 5.300 Thread 0x00007fd2a4c24000 DEOPT PACKING pc=0x0000000113eee18c sp=0x000070000a3fc2f0
Event: 5.300 Thread 0x00007fd2a4c24000 DEOPT UNPACKING pc=0x000000011374d64a sp=0x000070000a3fb7c8 mode 0
Event: 5.302 Thread 0x00007fd2a4c24000 DEOPT PACKING pc=0x0000000113eee18c sp=0x000070000a3fc2f0
Event: 5.302 Thread 0x00007fd2a4c24000 DEOPT UNPACKING pc=0x000000011374d64a sp=0x000070000a3fb7c8 mode 0
Event: 5.304 Thread 0x00007fd2a4c24000 DEOPT PACKING pc=0x0000000113eee18c sp=0x000070000a3fc2f0
Event: 5.304 Thread 0x00007fd2a4c24000 DEOPT UNPACKING pc=0x000000011374d64a sp=0x000070000a3fb7c8 mode 0
Event: 5.309 Thread 0x00007fd2a4c24000 DEOPT PACKING pc=0x0000000113f38787 sp=0x000070000a3fc370
Event: 5.309 Thread 0x00007fd2a4c24000 DEOPT UNPACKING pc=0x000000011374d64a sp=0x000070000a3fb800 mode 0
Event: 5.333 Thread 0x00007fd2a4c24000 DEOPT PACKING pc=0x0000000113eee18c sp=0x000070000a3fbd90
Event: 5.333 Thread 0x00007fd2a4c24000 DEOPT UNPACKING pc=0x000000011374d64a sp=0x000070000a3fb268 mode 0
Event: 5.335 Thread 0x00007fd2a4c24000 DEOPT PACKING pc=0x0000000113eee18c sp=0x000070000a3fc2f0
Event: 5.335 Thread 0x00007fd2a4c24000 DEOPT UNPACKING pc=0x000000011374d64a sp=0x000070000a3fb7c8 mode 0
Event: 5.337 Thread 0x00007fd2a4c24000 DEOPT PACKING pc=0x0000000113eee18c sp=0x000070000a3fc2f0
Event: 5.337 Thread 0x00007fd2a4c24000 DEOPT UNPACKING pc=0x000000011374d64a sp=0x000070000a3fb7c8 mode 0
Event: 5.339 Thread 0x00007fd2a4c24000 DEOPT PACKING pc=0x0000000113eee18c sp=0x000070000a3fc2f0
Event: 5.339 Thread 0x00007fd2a4c24000 DEOPT UNPACKING pc=0x000000011374d64a sp=0x000070000a3fb7c8 mode 0
Event: 10.683 Thread 0x00007fd2a480b000 DEOPT PACKING pc=0x0000000113f28c96 sp=0x000070000891f690
Event: 10.683 Thread 0x00007fd2a480b000 DEOPT UNPACKING pc=0x000000011374d64a sp=0x000070000891eb38 mode 0

Classes redefined (0 events):
No events

Internal exceptions (20 events):
Event: 1.739 Thread 0x00007fd2a480b000 Exception <a 'java/security/PrivilegedActionException'{0x0000000787e872b8}> (0x0000000787e872b8) thrown at [src/hotspot/share/prims/jvm.cpp, line 1306]
Event: 1.739 Thread 0x00007fd2a480b000 Exception <a 'java/security/PrivilegedActionException'{0x0000000787e87e38}> (0x0000000787e87e38) thrown at [src/hotspot/share/prims/jvm.cpp, line 1306]
Event: 1.798 Thread 0x00007fd2a480b000 Exception <a 'java/security/PrivilegedActionException'{0x0000000787ec4950}> (0x0000000787ec4950) thrown at [src/hotspot/share/prims/jvm.cpp, line 1306]
Event: 1.798 Thread 0x00007fd2a480b000 Exception <a 'java/security/PrivilegedActionException'{0x0000000787ec4c20}> (0x0000000787ec4c20) thrown at [src/hotspot/share/prims/jvm.cpp, line 1306]
Event: 1.838 Thread 0x00007fd2a480b000 Exception <a 'sun/nio/fs/UnixException'{0x0000000787ef7278}> (0x0000000787ef7278) thrown at [src/hotspot/share/prims/jni.cpp, line 617]
Event: 1.853 Thread 0x00007fd2a480b000 Exception <a 'java/security/PrivilegedActionException'{0x0000000787d1e998}> (0x0000000787d1e998) thrown at [src/hotspot/share/prims/jvm.cpp, line 1306]
Event: 1.853 Thread 0x00007fd2a480b000 Exception <a 'java/security/PrivilegedActionException'{0x0000000787d1ef10}> (0x0000000787d1ef10) thrown at [src/hotspot/share/prims/jvm.cpp, line 1306]
Event: 1.856 Thread 0x00007fd2a480b000 Exception <a 'java/security/PrivilegedActionException'{0x0000000787d34bc8}> (0x0000000787d34bc8) thrown at [src/hotspot/share/prims/jvm.cpp, line 1306]
Event: 1.856 Thread 0x00007fd2a480b000 Exception <a 'java/security/PrivilegedActionException'{0x0000000787d34e98}> (0x0000000787d34e98) thrown at [src/hotspot/share/prims/jvm.cpp, line 1306]
Event: 1.870 Thread 0x00007fd2a480b000 Exception <a 'java/security/PrivilegedActionException'{0x0000000787d5d930}> (0x0000000787d5d930) thrown at [src/hotspot/share/prims/jvm.cpp, line 1306]
Event: 1.870 Thread 0x00007fd2a480b000 Exception <a 'java/security/PrivilegedActionException'{0x0000000787d5dc00}> (0x0000000787d5dc00) thrown at [src/hotspot/share/prims/jvm.cpp, line 1306]
Event: 2.126 Thread 0x00007fd2a480b000 Exception <a 'java/lang/NoSuchMethodError'{0x0000000787dba5e8}: 'java.lang.Object java.lang.invoke.DirectMethodHandle$Holder.invokeStatic(java.lang.Object, long)'> (0x0000000787dba5e8) thrown at [src/hotspot/share/interpreter/linkResolver.cpp, line 773]
Event: 2.126 Thread 0x00007fd2a480b000 Exception <a 'java/lang/NoSuchMethodError'{0x0000000787dbd668}: 'java.lang.Object java.lang.invoke.DirectMethodHandle$Holder.invokeSpecial(java.lang.Object, java.lang.Object, long)'> (0x0000000787dbd668) thrown at [src/hotspot/share/interpreter/linkResolver.cpp, line 773]
Event: 2.134 Thread 0x00007fd2a480b000 Exception <a 'java/security/PrivilegedActionException'{0x0000000787dc8318}> (0x0000000787dc8318) thrown at [src/hotspot/share/prims/jvm.cpp, line 1306]
Event: 2.134 Thread 0x00007fd2a480b000 Exception <a 'java/security/PrivilegedActionException'{0x0000000787dc85e8}> (0x0000000787dc85e8) thrown at [src/hotspot/share/prims/jvm.cpp, line 1306]
Event: 2.539 Thread 0x00007fd2a480b000 Exception <a 'sun/nio/fs/UnixException'{0x0000000787b55e18}> (0x0000000787b55e18) thrown at [src/hotspot/share/prims/jni.cpp, line 617]
Event: 2.574 Thread 0x00007fd2a480b000 Exception <a 'java/security/PrivilegedActionException'{0x0000000787ba47e0}> (0x0000000787ba47e0) thrown at [src/hotspot/share/prims/jvm.cpp, line 1306]
Event: 2.574 Thread 0x00007fd2a480b000 Exception <a 'java/security/PrivilegedActionException'{0x0000000787ba4ab0}> (0x0000000787ba4ab0) thrown at [src/hotspot/share/prims/jvm.cpp, line 1306]
Event: 2.883 Thread 0x00007fd2a480b000 Exception <a 'java/security/PrivilegedActionException'{0x000000078761d478}> (0x000000078761d478) thrown at [src/hotspot/share/prims/jvm.cpp, line 1306]
Event: 2.883 Thread 0x00007fd2a480b000 Exception <a 'java/security/PrivilegedActionException'{0x000000078761d748}> (0x000000078761d748) thrown at [src/hotspot/share/prims/jvm.cpp, line 1306]

Events (20 events):
Event: 7.819 loading class edu/cornell/gdiac/physics/ragdoll/BubbleGenerator$ParticlePool
Event: 7.819 loading class edu/cornell/gdiac/physics/ragdoll/BubbleGenerator$ParticlePool done
Event: 7.819 loading class edu/cornell/gdiac/physics/ragdoll/BubbleGenerator$Particle
Event: 7.819 loading class edu/cornell/gdiac/physics/ragdoll/BubbleGenerator$Particle done
Event: 7.822 loading class edu/cornell/gdiac/physics/obstacle/ObstacleSelector
Event: 7.822 loading class edu/cornell/gdiac/physics/obstacle/ObstacleSelector done
Event: 7.823 loading class com/badlogic/gdx/physics/box2d/QueryCallback
Event: 7.823 loading class com/badlogic/gdx/physics/box2d/QueryCallback done
Event: 7.824 loading class com/badlogic/gdx/physics/box2d/joints/MouseJointDef
Event: 7.824 loading class com/badlogic/gdx/physics/box2d/joints/MouseJointDef done
Event: 8.417 loading class java/lang/Math$RandomNumberGeneratorHolder
Event: 8.417 loading class java/lang/Math$RandomNumberGeneratorHolder done
Event: 9.183 Loaded shared library /private/var/folders/d8/ytkn1yr527j_46_g5hgwkt6c0000gn/T/lwjglneelin2/3.3.1-build-7/liblwjgl_opengl.dylib
Event: 9.184 Loaded shared library /private/var/folders/d8/ytkn1yr527j_46_g5hgwkt6c0000gn/T/lwjglneelin2/3.3.1-build-7/liblwjgl_opengl.dylib
Event: 9.185 Loaded shared library /private/var/folders/d8/ytkn1yr527j_46_g5hgwkt6c0000gn/T/lwjglneelin2/3.3.1-build-7/liblwjgl_opengl.dylib
Event: 9.186 Loaded shared library /private/var/folders/d8/ytkn1yr527j_46_g5hgwkt6c0000gn/T/lwjglneelin2/3.3.1-build-7/liblwjgl_opengl.dylib
Event: 10.570 Loaded shared library /private/var/folders/d8/ytkn1yr527j_46_g5hgwkt6c0000gn/T/lwjglneelin2/3.3.1-build-7/liblwjgl_opengl.dylib
Event: 10.571 Loaded shared library /private/var/folders/d8/ytkn1yr527j_46_g5hgwkt6c0000gn/T/lwjglneelin2/3.3.1-build-7/liblwjgl_opengl.dylib
Event: 12.421 loading class lwjgl3/Lwjgl3Window$4$1
Event: 12.421 loading class lwjgl3/Lwjgl3Window$4$1 done


Dynamic libraries:
0x0000000106e23000 	/Users/neelin2/Library/Java/JavaVirtualMachines/corretto-11.0.18/Contents/Home/lib/jli/libjli.dylib
0x00007ff8243fd000 	/System/Library/Frameworks/Cocoa.framework/Versions/A/Cocoa
0x00007ff810055000 	/System/Library/Frameworks/AppKit.framework/Versions/C/AppKit
0x00007ff81356c000 	/System/Library/Frameworks/CoreData.framework/Versions/A/CoreData
0x00007ff80e458000 	/System/Library/Frameworks/Foundation.framework/Versions/C/Foundation
0x00007ff81838e000 	/usr/lib/libSystem.B.dylib
0x00007ff810ee5000 	/System/Library/PrivateFrameworks/UIFoundation.framework/Versions/A/UIFoundation
0x00007ff81e2ff000 	/System/Library/PrivateFrameworks/RemoteViewServices.framework/Versions/A/RemoteViewServices
0x00007ff8165e2000 	/System/Library/PrivateFrameworks/XCTTargetBootstrap.framework/Versions/A/XCTTargetBootstrap
0x00007ff81a195000 	/System/Library/PrivateFrameworks/InternationalSupport.framework/Versions/A/InternationalSupport
0x00007ff81a21f000 	/System/Library/PrivateFrameworks/UserActivity.framework/Versions/A/UserActivity
0x00007ff819575000 	/usr/lib/libspindump.dylib
0x00007ff811174000 	/System/Library/Frameworks/UniformTypeIdentifiers.framework/Versions/A/UniformTypeIdentifiers
0x00007ff814d06000 	/usr/lib/libapp_launch_measurement.dylib
0x00007ff813f3e000 	/System/Library/PrivateFrameworks/CoreAnalytics.framework/Versions/A/CoreAnalytics
0x00007ff814d09000 	/System/Library/PrivateFrameworks/CoreAutoLayout.framework/Versions/A/CoreAutoLayout
0x00007ff815f39000 	/System/Library/Frameworks/Metal.framework/Versions/A/Metal
0x00007ff816c68000 	/usr/lib/liblangid.dylib
0x00007ff8165e7000 	/System/Library/PrivateFrameworks/CoreSVG.framework/Versions/A/CoreSVG
0x00007ff812560000 	/System/Library/PrivateFrameworks/SkyLight.framework/Versions/A/SkyLight
0x00007ff8128ff000 	/System/Library/Frameworks/CoreGraphics.framework/Versions/A/CoreGraphics
0x00007ff81e9bf000 	/System/Library/Frameworks/Accelerate.framework/Versions/A/Accelerate
0x00007ff818ff4000 	/System/Library/PrivateFrameworks/IconServices.framework/Versions/A/IconServices
0x00007ff815f1e000 	/System/Library/Frameworks/IOSurface.framework/Versions/A/IOSurface
0x00007ff813f6c000 	/usr/lib/libDiagnosticMessagesClient.dylib
0x00007ff8182ae000 	/usr/lib/libz.1.dylib
0x00007ff8220a1000 	/System/Library/Frameworks/ApplicationServices.framework/Versions/A/ApplicationServices
0x00007ff8165ce000 	/System/Library/PrivateFrameworks/DFRFoundation.framework/Versions/A/DFRFoundation
0x00007ff80f93d000 	/usr/lib/libicucore.A.dylib
0x00007ff81af8b000 	/System/Library/Frameworks/AudioToolbox.framework/Versions/A/AudioToolbox
0x00007ff81a1a1000 	/System/Library/PrivateFrameworks/DataDetectorsCore.framework/Versions/A/DataDetectorsCore
0x00007ff91669f000 	/System/Library/PrivateFrameworks/TextInput.framework/Versions/A/TextInput
0x00007ff8124e3000 	/usr/lib/libMobileGestalt.dylib
0x00007ff8162da000 	/System/Library/Frameworks/Carbon.framework/Versions/A/Frameworks/HIToolbox.framework/Versions/A/HIToolbox
0x00007ff814709000 	/System/Library/Frameworks/QuartzCore.framework/Versions/A/QuartzCore
0x00007ff80f5e2000 	/System/Library/Frameworks/Security.framework/Versions/A/Security
0x00007ff81e337000 	/System/Library/Frameworks/Carbon.framework/Versions/A/Frameworks/SpeechRecognition.framework/Versions/A/SpeechRecognition
0x00007ff814a66000 	/System/Library/PrivateFrameworks/CoreUI.framework/Versions/A/CoreUI
0x00007ff80eeac000 	/System/Library/Frameworks/CoreAudio.framework/Versions/A/CoreAudio
0x00007ff81405b000 	/System/Library/Frameworks/DiskArbitration.framework/Versions/A/DiskArbitration
0x00007ff819963000 	/System/Library/PrivateFrameworks/MultitouchSupport.framework/Versions/A/MultitouchSupport
0x00007ff8124e2000 	/usr/lib/libenergytrace.dylib
0x00007ff80ff41000 	/System/Library/Frameworks/IOKit.framework/Versions/A/IOKit
0x00007ff81e727000 	/System/Library/Frameworks/CoreServices.framework/Versions/A/CoreServices
0x00007ff814ca0000 	/System/Library/PrivateFrameworks/PerformanceAnalysis.framework/Versions/A/PerformanceAnalysis
0x00007ffa26381000 	/System/Library/Frameworks/OpenGL.framework/Versions/A/OpenGL
0x00007ff8178ca000 	/System/Library/PrivateFrameworks/MobileKeyBag.framework/Versions/A/MobileKeyBag
0x00007ff80d422000 	/usr/lib/libobjc.A.dylib
0x00007ff812fcb000 	/System/Library/Frameworks/ColorSync.framework/Versions/A/ColorSync
0x00007ff80d5dc000 	/System/Library/Frameworks/CoreFoundation.framework/Versions/A/CoreFoundation
0x00007ff81685e000 	/System/Library/Frameworks/CoreImage.framework/Versions/A/CoreImage
0x00007ff80ecc0000 	/System/Library/Frameworks/CoreText.framework/Versions/A/CoreText
0x00007ff816617000 	/System/Library/Frameworks/ImageIO.framework/Versions/A/ImageIO
0x00007ff818394000 	/System/Library/PrivateFrameworks/SoftLinking.framework/Versions/A/SoftLinking
0x00007ff814d51000 	/usr/lib/libxml2.2.dylib
0x00007ff80d4e8000 	/usr/lib/libc++.1.dylib
0x00007ff818618000 	/usr/lib/libcompression.dylib
0x00007ff81a0c8000 	/System/Library/PrivateFrameworks/TextureIO.framework/Versions/A/TextureIO
0x00007ff818d06000 	/usr/lib/libate.dylib
0x00007ff818389000 	/usr/lib/system/libcache.dylib
0x00007ff818345000 	/usr/lib/system/libcommonCrypto.dylib
0x00007ff81836e000 	/usr/lib/system/libcompiler_rt.dylib
0x00007ff818364000 	/usr/lib/system/libcopyfile.dylib
0x00007ff80d31d000 	/usr/lib/system/libcorecrypto.dylib
0x00007ff80d3db000 	/usr/lib/system/libdispatch.dylib
0x00007ff80d59b000 	/usr/lib/system/libdyld.dylib
0x00007ff818380000 	/usr/lib/system/libkeymgr.dylib
0x00007ff818323000 	/usr/lib/system/libmacho.dylib
0x00007ff8179a4000 	/usr/lib/system/libquarantine.dylib
0x00007ff81837e000 	/usr/lib/system/libremovefile.dylib
0x00007ff812530000 	/usr/lib/system/libsystem_asl.dylib
0x00007ff80d2c6000 	/usr/lib/system/libsystem_blocks.dylib
0x00007ff80d45f000 	/usr/lib/system/libsystem_c.dylib
0x00007ff818376000 	/usr/lib/system/libsystem_collections.dylib
0x00007ff816c58000 	/usr/lib/system/libsystem_configuration.dylib
0x00007ff815f01000 	/usr/lib/system/libsystem_containermanager.dylib
0x00007ff81805b000 	/usr/lib/system/libsystem_coreservices.dylib
0x00007ff80fbd1000 	/usr/lib/system/libsystem_darwin.dylib
0x00007ff818381000 	/usr/lib/system/libsystem_dnssd.dylib
0x00007ff80d45c000 	/usr/lib/system/libsystem_featureflags.dylib
0x00007ff80d5b1000 	/usr/lib/system/libsystem_info.dylib
0x00007ff8182c1000 	/usr/lib/system/libsystem_m.dylib
0x00007ff80d3af000 	/usr/lib/system/libsystem_malloc.dylib
0x00007ff8124cb000 	/usr/lib/system/libsystem_networkextension.dylib
0x00007ff80fff7000 	/usr/lib/system/libsystem_notify.dylib
0x00007ff81e5fc000 	/usr/lib/system/libsystem_product_info_filter.dylib
0x00007ff816c5c000 	/usr/lib/system/libsystem_sandbox.dylib
0x00007ff81837b000 	/usr/lib/system/libsystem_secinit.dylib
0x00007ff80d557000 	/usr/lib/system/libsystem_kernel.dylib
0x00007ff80d5a7000 	/usr/lib/system/libsystem_platform.dylib
0x00007ff80d58f000 	/usr/lib/system/libsystem_pthread.dylib
0x00007ff813d7e000 	/usr/lib/system/libsystem_symptoms.dylib
0x00007ff80d304000 	/usr/lib/system/libsystem_trace.dylib
0x00007ff818351000 	/usr/lib/system/libunwind.dylib
0x00007ff80d2c8000 	/usr/lib/system/libxpc.dylib
0x00007ff80d541000 	/usr/lib/libc++abi.dylib
0x00007ff81835c000 	/usr/lib/liboah.dylib
0x00007ff818ae2000 	/usr/lib/liblzma.5.dylib
0x00007ff80e16a000 	/System/Library/Frameworks/SystemConfiguration.framework/Versions/A/SystemConfiguration
0x00007ff818390000 	/usr/lib/libfakelink.dylib
0x00007ff81203b000 	/System/Library/Frameworks/CFNetwork.framework/Versions/A/CFNetwork
0x00007ff8184d1000 	/usr/lib/libarchive.2.dylib
0x00007ff816c64000 	/System/Library/PrivateFrameworks/AppleSystemInfo.framework/Versions/A/AppleSystemInfo
0x00007ff8179cb000 	/usr/lib/libbsm.0.dylib
0x00007ff81164a000 	/usr/lib/libnetwork.dylib
0x00007ff818329000 	/usr/lib/system/libkxld.dylib
0x00007ff8175fe000 	/System/Library/PrivateFrameworks/IOMobileFramebuffer.framework/Versions/A/IOMobileFramebuffer
0x00007ffb25d4b000 	/usr/lib/libCoreEntitlements.dylib
0x00007ff81803d000 	/System/Library/PrivateFrameworks/AppleFSCompression.framework/Versions/A/AppleFSCompression
0x00007ff8179b3000 	/usr/lib/libcoretls.dylib
0x00007ff818afc000 	/usr/lib/libcoretls_cfhelpers.dylib
0x00007ff818613000 	/usr/lib/libpam.2.dylib
0x00007ff81399d000 	/usr/lib/libsqlite3.dylib
0x00007ff818b6b000 	/usr/lib/libxar.1.dylib
0x00007ff81804d000 	/usr/lib/libbz2.1.0.dylib
0x00007ff818395000 	/usr/lib/libpcap.A.dylib
0x00007ff813d76000 	/usr/lib/libdns_services.dylib
0x00007ff8185e3000 	/usr/lib/libapple_nghttp2.dylib
0x00007ff8183cf000 	/usr/lib/libiconv.2.dylib
0x00007ff818322000 	/usr/lib/libcharset.1.dylib
0x00007ff814cd4000 	/System/Library/Frameworks/CoreServices.framework/Versions/A/Frameworks/FSEvents.framework/Versions/A/FSEvents
0x00007ff80fbdb000 	/System/Library/Frameworks/CoreServices.framework/Versions/A/Frameworks/CarbonCore.framework/Versions/A/CarbonCore
0x00007ff813fbf000 	/System/Library/Frameworks/CoreServices.framework/Versions/A/Frameworks/Metadata.framework/Versions/A/Metadata
0x00007ff818060000 	/System/Library/Frameworks/CoreServices.framework/Versions/A/Frameworks/OSServices.framework/Versions/A/OSServices
0x00007ff818558000 	/System/Library/Frameworks/CoreServices.framework/Versions/A/Frameworks/SearchKit.framework/Versions/A/SearchKit
0x00007ff813d08000 	/System/Library/Frameworks/CoreServices.framework/Versions/A/Frameworks/AE.framework/Versions/A/AE
0x00007ff80dadf000 	/System/Library/Frameworks/CoreServices.framework/Versions/A/Frameworks/LaunchServices.framework/Versions/A/LaunchServices
0x00007ff818a93000 	/System/Library/Frameworks/CoreServices.framework/Versions/A/Frameworks/DictionaryServices.framework/Versions/A/DictionaryServices
0x00007ff814ce1000 	/System/Library/Frameworks/CoreServices.framework/Versions/A/Frameworks/SharedFileList.framework/Versions/A/SharedFileList
0x00007ff8179a7000 	/usr/lib/libCheckFix.dylib
0x00007ff812547000 	/System/Library/PrivateFrameworks/TCC.framework/Versions/A/TCC
0x00007ff816c6a000 	/System/Library/PrivateFrameworks/CoreNLP.framework/Versions/A/CoreNLP
0x00007ff813f6f000 	/System/Library/PrivateFrameworks/MetadataUtilities.framework/Versions/A/MetadataUtilities
0x00007ff80e21b000 	/usr/lib/libmecabra.dylib
0x00007ff8179db000 	/usr/lib/libmecab.dylib
0x00007ff80e1e6000 	/usr/lib/libCRFSuite.dylib
0x00007ff817a35000 	/usr/lib/libgermantok.dylib
0x00007ff8185be000 	/usr/lib/libThaiTokenizer.dylib
0x00007ff814062000 	/System/Library/Frameworks/Accelerate.framework/Versions/A/Frameworks/vImage.framework/Versions/A/vImage
0x00007ff81e6fe000 	/System/Library/Frameworks/Accelerate.framework/Versions/A/Frameworks/vecLib.framework/Versions/A/vecLib
0x00007ff818bac000 	/System/Library/Frameworks/Accelerate.framework/Versions/A/Frameworks/vecLib.framework/Versions/A/libvMisc.dylib
0x00007ff817429000 	/System/Library/Frameworks/Accelerate.framework/Versions/A/Frameworks/vecLib.framework/Versions/A/libvDSP.dylib
0x00007ff80de5a000 	/System/Library/Frameworks/Accelerate.framework/Versions/A/Frameworks/vecLib.framework/Versions/A/libBLAS.dylib
0x00007ff8186f5000 	/System/Library/Frameworks/Accelerate.framework/Versions/A/Frameworks/vecLib.framework/Versions/A/libLAPACK.dylib
0x00007ff817a38000 	/System/Library/Frameworks/Accelerate.framework/Versions/A/Frameworks/vecLib.framework/Versions/A/libLinearAlgebra.dylib
0x00007ff8185fb000 	/System/Library/Frameworks/Accelerate.framework/Versions/A/Frameworks/vecLib.framework/Versions/A/libSparseBLAS.dylib
0x00007ff8186ef000 	/System/Library/Frameworks/Accelerate.framework/Versions/A/Frameworks/vecLib.framework/Versions/A/libQuadrature.dylib
0x00007ff816d55000 	/System/Library/Frameworks/Accelerate.framework/Versions/A/Frameworks/vecLib.framework/Versions/A/libBNNS.dylib
0x00007ff80e0f4000 	/System/Library/Frameworks/Accelerate.framework/Versions/A/Frameworks/vecLib.framework/Versions/A/libSparse.dylib
0x00007ff816d4e000 	/System/Library/PrivateFrameworks/LinguisticData.framework/Versions/A/LinguisticData
0x00007ff80e0aa000 	/System/Library/PrivateFrameworks/Lexicon.framework/Versions/A/Lexicon
0x00007ff818ba5000 	/usr/lib/libChineseTokenizer.dylib
0x00007ff80e815000 	/System/Library/PrivateFrameworks/LanguageModeling.framework/Versions/A/LanguageModeling
0x00007ff8185c0000 	/System/Library/PrivateFrameworks/AppleSauce.framework/Versions/A/AppleSauce
0x00007ff8175ec000 	/System/Library/PrivateFrameworks/CoreEmoji.framework/Versions/A/CoreEmoji
0x00007ff8184c0000 	/usr/lib/libcmph.dylib
0x00007ff814cb8000 	/System/Library/Frameworks/OpenDirectory.framework/Versions/A/Frameworks/CFOpenDirectory.framework/Versions/A/CFOpenDirectory
0x00007ff814cac000 	/System/Library/Frameworks/OpenDirectory.framework/Versions/A/OpenDirectory
0x00007ff818afe000 	/System/Library/PrivateFrameworks/APFS.framework/Versions/A/APFS
0x00007ff817902000 	/System/Library/Frameworks/SecurityFoundation.framework/Versions/A/SecurityFoundation
0x00007ff818b79000 	/usr/lib/libutil.dylib
0x00007ff80ff05000 	/System/Library/PrivateFrameworks/CoreServicesStore.framework/Versions/A/CoreServicesStore
0x00007ff818b7d000 	/usr/lib/libxslt.1.dylib
0x00007ff81798f000 	/System/Library/PrivateFrameworks/BackgroundTaskManagement.framework/Versions/A/BackgroundTaskManagement
0x00007ff819fe8000 	/System/Library/Frameworks/ImageIO.framework/Versions/A/Resources/libRadiance.dylib
0x00007ff819ff1000 	/System/Library/Frameworks/ImageIO.framework/Versions/A/Resources/libJPEG.dylib
0x00007ff819f42000 	/System/Library/Frameworks/ImageIO.framework/Versions/A/Resources/libPng.dylib
0x00007ff819f63000 	/System/Library/Frameworks/ImageIO.framework/Versions/A/Resources/libTIFF.dylib
0x00007ff81a051000 	/System/Library/Frameworks/ImageIO.framework/Versions/A/Resources/libGIF.dylib
0x00007ff81987d000 	/System/Library/Frameworks/ImageIO.framework/Versions/A/Resources/libJP2.dylib
0x00007ff818fbb000 	/usr/lib/libexpat.1.dylib
0x00007ff819832000 	/System/Library/PrivateFrameworks/AppleJPEG.framework/Versions/A/AppleJPEG
0x00007ff81619e000 	/System/Library/PrivateFrameworks/FontServices.framework/libFontParser.dylib
0x00007ff813cb2000 	/System/Library/PrivateFrameworks/RunningBoardServices.framework/Versions/A/RunningBoardServices
0x00007ff8249b8000 	/System/Library/PrivateFrameworks/IOSurfaceAccelerator.framework/Versions/A/IOSurfaceAccelerator
0x00007ff81995f000 	/System/Library/PrivateFrameworks/WatchdogClient.framework/Versions/A/WatchdogClient
0x00007ff80e903000 	/System/Library/Frameworks/CoreDisplay.framework/Versions/A/CoreDisplay
0x00007ff81609c000 	/System/Library/Frameworks/CoreMedia.framework/Versions/A/CoreMedia
0x00007ff815f30000 	/System/Library/PrivateFrameworks/IOAccelerator.framework/Versions/A/IOAccelerator
0x00007ff814e35000 	/System/Library/Frameworks/CoreVideo.framework/Versions/A/CoreVideo
0x00007ff818611000 	/System/Library/Frameworks/MetalPerformanceShaders.framework/Versions/A/MetalPerformanceShaders
0x00007ff81999c000 	/System/Library/Frameworks/VideoToolbox.framework/Versions/A/VideoToolbox
0x00007ff813bfc000 	/System/Library/PrivateFrameworks/BaseBoard.framework/Versions/A/BaseBoard
0x00007ff813983000 	/System/Library/PrivateFrameworks/ProtocolBuffer.framework/Versions/A/ProtocolBuffer
0x00007ff819fe1000 	/System/Library/PrivateFrameworks/GPUWrangler.framework/Versions/A/GPUWrangler
0x00007ff819fc5000 	/System/Library/PrivateFrameworks/IOPresentment.framework/Versions/A/IOPresentment
0x00007ff819feb000 	/System/Library/PrivateFrameworks/DSExternalDisplay.framework/Versions/A/DSExternalDisplay
0x00007ffa26375000 	/System/Library/Frameworks/OpenGL.framework/Versions/A/Libraries/libCoreFSCache.dylib
0x00007ffb1344c000 	/System/Library/PrivateFrameworks/GPUCompiler.framework/Versions/31001/Libraries/libGPUCompilerUtils.dylib
0x00007ff81a056000 	/System/Library/PrivateFrameworks/CMCaptureCore.framework/Versions/A/CMCaptureCore
0x00007ff819563000 	/System/Library/PrivateFrameworks/AppServerSupport.framework/Versions/A/AppServerSupport
0x00007ff81b824000 	/System/Library/PrivateFrameworks/perfdata.framework/Versions/A/perfdata
0x00007ff80ea2f000 	/System/Library/PrivateFrameworks/AudioToolboxCore.framework/Versions/A/AudioToolboxCore
0x00007ff81607a000 	/System/Library/PrivateFrameworks/caulk.framework/Versions/A/caulk
0x00007ff81b136000 	/usr/lib/libAudioStatistics.dylib
0x00007ff912e2d000 	/System/Library/PrivateFrameworks/SystemPolicy.framework/Versions/A/SystemPolicy
0x00007ff81b391000 	/usr/lib/libSMC.dylib
0x00007ff8242b0000 	/System/Library/Frameworks/CoreMIDI.framework/Versions/A/CoreMIDI
0x00007ff819f11000 	/usr/lib/libAudioToolboxUtility.dylib
0x00007ff90f059000 	/System/Library/PrivateFrameworks/OSAServicesClient.framework/Versions/A/OSAServicesClient
0x00007ff81b831000 	/usr/lib/libperfcheck.dylib
0x00007ff9138da000 	/usr/lib/libmis.dylib
0x00007ffa263d0000 	/System/Library/Frameworks/OpenGL.framework/Versions/A/Libraries/libGLU.dylib
0x00007ffa26394000 	/System/Library/Frameworks/OpenGL.framework/Versions/A/Libraries/libGFXShared.dylib
0x00007ffa2659d000 	/System/Library/Frameworks/OpenGL.framework/Versions/A/Libraries/libGL.dylib
0x00007ffa2639d000 	/System/Library/Frameworks/OpenGL.framework/Versions/A/Libraries/libGLImage.dylib
0x00007ffa26391000 	/System/Library/Frameworks/OpenGL.framework/Versions/A/Libraries/libCVMSPluginSupport.dylib
0x00007ffa2637c000 	/System/Library/Frameworks/OpenGL.framework/Versions/A/Libraries/libCoreVMClient.dylib
0x00007ff816be6000 	/System/Library/Frameworks/MetalPerformanceShaders.framework/Versions/A/Frameworks/MPSCore.framework/Versions/A/MPSCore
0x00007ff817fa8000 	/System/Library/Frameworks/MetalPerformanceShaders.framework/Versions/A/Frameworks/MPSImage.framework/Versions/A/MPSImage
0x00007ff817a4e000 	/System/Library/Frameworks/MetalPerformanceShaders.framework/Versions/A/Frameworks/MPSNeuralNetwork.framework/Versions/A/MPSNeuralNetwork
0x00007ff817ec2000 	/System/Library/Frameworks/MetalPerformanceShaders.framework/Versions/A/Frameworks/MPSMatrix.framework/Versions/A/MPSMatrix
0x00007ff817c7d000 	/System/Library/Frameworks/MetalPerformanceShaders.framework/Versions/A/Frameworks/MPSRayIntersector.framework/Versions/A/MPSRayIntersector
0x00007ff817efa000 	/System/Library/Frameworks/MetalPerformanceShaders.framework/Versions/A/Frameworks/MPSNDArray.framework/Versions/A/MPSNDArray
0x00007ffa2be55000 	/System/Library/Frameworks/MetalPerformanceShaders.framework/Versions/A/Frameworks/MPSFunctions.framework/Versions/A/MPSFunctions
0x00007ff80dd36000 	/System/Library/PrivateFrameworks/MetalTools.framework/Versions/A/MetalTools
0x00007ff816c62000 	/System/Library/PrivateFrameworks/AggregateDictionary.framework/Versions/A/AggregateDictionary
0x00007ff818d9d000 	/usr/lib/libIOReport.dylib
0x00007ffa279ac000 	/System/Library/Frameworks/OpenCL.framework/Versions/A/OpenCL
0x00007ff819101000 	/System/Library/PrivateFrameworks/FaceCore.framework/Versions/A/FaceCore
0x00007ff8190f2000 	/System/Library/PrivateFrameworks/GraphVisualizer.framework/Versions/A/GraphVisualizer
0x00007ffb13357000 	/System/Library/PrivateFrameworks/FontServices.framework/Versions/A/FontServices
0x00007ff81951b000 	/System/Library/PrivateFrameworks/OTSVG.framework/Versions/A/OTSVG
0x00007ff814a1c000 	/System/Library/Frameworks/ApplicationServices.framework/Versions/A/Frameworks/ATS.framework/Versions/A/Resources/libFontRegistry.dylib
0x00007ff81956b000 	/System/Library/PrivateFrameworks/FontServices.framework/libhvf.dylib
0x00007ffb13358000 	/System/Library/PrivateFrameworks/FontServices.framework/libXTFontStaticRegistryData.dylib
0x00007ff818f6b000 	/System/Library/PrivateFrameworks/AppleVA.framework/Versions/A/AppleVA
0x00007ff81b156000 	/System/Library/Frameworks/ApplicationServices.framework/Versions/A/Frameworks/ATS.framework/Versions/A/ATS
0x00007ff8130c9000 	/System/Library/Frameworks/ApplicationServices.framework/Versions/A/Frameworks/HIServices.framework/Versions/A/HIServices
0x00007ff81a060000 	/System/Library/Frameworks/ApplicationServices.framework/Versions/A/Frameworks/PrintCore.framework/Versions/A/PrintCore
0x00007ff81b4e4000 	/System/Library/Frameworks/ApplicationServices.framework/Versions/A/Frameworks/QD.framework/Versions/A/QD
0x00007ff81b4dc000 	/System/Library/Frameworks/ApplicationServices.framework/Versions/A/Frameworks/ColorSyncLegacy.framework/Versions/A/ColorSyncLegacy
0x00007ff81b146000 	/System/Library/Frameworks/ApplicationServices.framework/Versions/A/Frameworks/SpeechSynthesis.framework/Versions/A/SpeechSynthesis
0x00007ff81a021000 	/System/Library/Frameworks/ApplicationServices.framework/Versions/A/Frameworks/ATSUI.framework/Versions/A/ATSUI
0x00007ff81b471000 	/usr/lib/libcups.2.dylib
0x00007ff81b840000 	/System/Library/Frameworks/Kerberos.framework/Versions/A/Kerberos
0x00007ff81b84f000 	/System/Library/Frameworks/GSS.framework/Versions/A/GSS
0x00007ff81b1c2000 	/usr/lib/libresolv.9.dylib
0x00007ff81957a000 	/System/Library/PrivateFrameworks/Heimdal.framework/Versions/A/Heimdal
0x00007ff822433000 	/System/Library/Frameworks/Kerberos.framework/Versions/A/Libraries/libHeimdalProxy.dylib
0x00007ff813d86000 	/System/Library/Frameworks/Network.framework/Versions/A/Network
0x00007ff818fd5000 	/usr/lib/libheimdal-asn1.dylib
0x00007ff81b89a000 	/System/Library/PrivateFrameworks/CommonAuth.framework/Versions/A/CommonAuth
0x00007ff81b0c8000 	/System/Library/PrivateFrameworks/AudioSession.framework/Versions/A/AudioSession
0x00007ff819065000 	/System/Library/PrivateFrameworks/MediaExperience.framework/Versions/A/MediaExperience
0x00007ff81af5a000 	/System/Library/PrivateFrameworks/AudioSession.framework/libSessionUtility.dylib
0x00007ff81b4f0000 	/System/Library/PrivateFrameworks/AudioResourceArbitration.framework/Versions/A/AudioResourceArbitration
0x00007ff81f571000 	/System/Library/PrivateFrameworks/PowerLog.framework/Versions/A/PowerLog
0x00007ff818fde000 	/System/Library/PrivateFrameworks/IconFoundation.framework/Versions/A/IconFoundation
0x00007ff81e327000 	/System/Library/PrivateFrameworks/SpeechRecognitionCore.framework/Versions/A/SpeechRecognitionCore
0x0000000107bd8000 	/Users/neelin2/Library/Java/JavaVirtualMachines/corretto-11.0.18/Contents/Home/lib/server/libjvm.dylib
0x0000000106e5a000 	/Users/neelin2/Library/Java/JavaVirtualMachines/corretto-11.0.18/Contents/Home/lib/libverify.dylib
0x0000000106e9d000 	/Users/neelin2/Library/Java/JavaVirtualMachines/corretto-11.0.18/Contents/Home/lib/libjava.dylib
0x0000000106e6e000 	/Users/neelin2/Library/Java/JavaVirtualMachines/corretto-11.0.18/Contents/Home/lib/libjimage.dylib
0x0000000106f0d000 	/Users/neelin2/Library/Java/JavaVirtualMachines/corretto-11.0.18/Contents/Home/lib/libzip.dylib
0x0000000107953000 	/Users/neelin2/Library/Java/JavaVirtualMachines/corretto-11.0.18/Contents/Home/lib/libnio.dylib
0x000000010798a000 	/Users/neelin2/Library/Java/JavaVirtualMachines/corretto-11.0.18/Contents/Home/lib/libnet.dylib
0x0000000107a2e000 	/Users/neelin2/Library/Java/JavaVirtualMachines/corretto-11.0.18/Contents/Home/lib/libawt.dylib
0x0000000107ad2000 	/Users/neelin2/Library/Java/JavaVirtualMachines/corretto-11.0.18/Contents/Home/lib/libmlib_image.dylib
0x00007ffa2bdbe000 	/System/Library/Frameworks/JavaRuntimeSupport.framework/Versions/A/JavaRuntimeSupport
0x00007ff912951000 	/System/Library/Frameworks/Carbon.framework/Versions/A/Carbon
0x00007ff8207eb000 	/System/Library/PrivateFrameworks/CoreSymbolication.framework/Versions/A/CoreSymbolication
0x00007ff825d4f000 	/System/Library/Frameworks/Carbon.framework/Versions/A/Frameworks/CommonPanels.framework/Versions/A/CommonPanels
0x00007ff821e1f000 	/System/Library/Frameworks/Carbon.framework/Versions/A/Frameworks/Help.framework/Versions/A/Help
0x00007ff825d53000 	/System/Library/Frameworks/Carbon.framework/Versions/A/Frameworks/ImageCapture.framework/Versions/A/ImageCapture
0x00007ff825d23000 	/System/Library/Frameworks/Carbon.framework/Versions/A/Frameworks/OpenScripting.framework/Versions/A/OpenScripting
0x00007ff825d4b000 	/System/Library/Frameworks/Carbon.framework/Versions/A/Frameworks/Ink.framework/Versions/A/Ink
0x00007ff91294d000 	/System/Library/Frameworks/Carbon.framework/Versions/A/Frameworks/Print.framework/Versions/A/Print
0x00007ff825d47000 	/System/Library/Frameworks/Carbon.framework/Versions/A/Frameworks/SecurityHI.framework/Versions/A/SecurityHI
0x00007ff8207b0000 	/System/Library/PrivateFrameworks/DebugSymbols.framework/Versions/A/DebugSymbols
0x0000000128c01000 	/Users/neelin2/Library/Java/JavaVirtualMachines/corretto-11.0.18/Contents/Home/lib/libawt_lwawt.dylib
0x00000001079d3000 	/Users/neelin2/Library/Java/JavaVirtualMachines/corretto-11.0.18/Contents/Home/lib/libosxapp.dylib
0x00007ff911c1b000 	/System/Library/Frameworks/ExceptionHandling.framework/Versions/A/ExceptionHandling
0x0000000128e47000 	/Users/neelin2/Library/Java/JavaVirtualMachines/corretto-11.0.18/Contents/Home/lib/libfontmanager.dylib
0x000000011351f000 	/Users/neelin2/Library/Java/JavaVirtualMachines/corretto-11.0.18/Contents/Home/lib/libfreetype.dylib
0x00007ff80fec7000 	/System/Library/PrivateFrameworks/CoreServicesInternal.framework/Versions/A/CoreServicesInternal
0x00007ff81fb62000 	/System/Library/Frameworks/FileProvider.framework/Versions/A/FileProvider
0x00007ff813b69000 	/System/Library/Frameworks/Accounts.framework/Versions/A/Accounts
0x00007ff81fcdb000 	/System/Library/PrivateFrameworks/GenerationalStorage.framework/Versions/A/GenerationalStorage
0x00007ff81f566000 	/System/Library/PrivateFrameworks/SymptomDiagnosticReporter.framework/Versions/A/SymptomDiagnosticReporter
0x00007ff811188000 	/System/Library/PrivateFrameworks/DesktopServicesPriv.framework/Versions/A/DesktopServicesPriv
0x00007ff810006000 	/usr/lib/libsandbox.1.dylib
0x00007ff814eb4000 	/System/Library/PrivateFrameworks/UserManagement.framework/Versions/A/UserManagement
0x00007ff81b4d1000 	/System/Library/PrivateFrameworks/NetAuth.framework/Versions/A/NetAuth
0x00007ff81c3e0000 	/System/Library/PrivateFrameworks/Sharing.framework/Versions/A/Sharing
0x00007ff814e87000 	/System/Library/PrivateFrameworks/login.framework/Versions/A/Frameworks/loginsupport.framework/Versions/A/loginsupport
0x00007ff82194e000 	/System/Library/PrivateFrameworks/Apple80211.framework/Versions/A/Apple80211
0x00007ff81808d000 	/System/Library/PrivateFrameworks/AuthKit.framework/Versions/A/AuthKit
0x00007ff8176e2000 	/System/Library/PrivateFrameworks/CoreUtils.framework/Versions/A/CoreUtils
0x00007ff817609000 	/System/Library/Frameworks/CoreWLAN.framework/Versions/A/CoreWLAN
0x00007ff81c53f000 	/System/Library/Frameworks/IOBluetooth.framework/Versions/A/IOBluetooth
0x00007ff8219b6000 	/System/Library/PrivateFrameworks/CoreWiFi.framework/Versions/A/CoreWiFi
0x00007ff820385000 	/System/Library/PrivateFrameworks/FrontBoardServices.framework/Versions/A/FrontBoardServices
0x00007ff820416000 	/System/Library/PrivateFrameworks/BoardServices.framework/Versions/A/BoardServices
0x00007ff8178f1000 	/System/Library/PrivateFrameworks/AssertionServices.framework/Versions/A/AssertionServices
0x00007ff821b39000 	/System/Library/PrivateFrameworks/BackBoardServices.framework/Versions/A/BackBoardServices
0x00007ff81b92b000 	/System/Library/PrivateFrameworks/CorePhoneNumbers.framework/Versions/A/CorePhoneNumbers
0x00007ff81b1ef000 	/System/Library/PrivateFrameworks/MultiverseSupport.framework/Versions/A/MultiverseSupport
0x00007ff821dac000 	/System/Library/PrivateFrameworks/RemoteServiceDiscovery.framework/Versions/A/RemoteServiceDiscovery
0x00007ff81f683000 	/System/Library/PrivateFrameworks/DiskManagement.framework/Versions/A/DiskManagement
0x00007ff81f597000 	/System/Library/PrivateFrameworks/AppleIDAuthSupport.framework/Versions/A/AppleIDAuthSupport
0x00007ffb0dcd2000 	/System/Library/PrivateFrameworks/AAAFoundation.framework/Versions/A/AAAFoundation
0x00007ff81b90c000 	/System/Library/PrivateFrameworks/KeychainCircle.framework/Versions/A/KeychainCircle
0x00007ff821dbc000 	/System/Library/PrivateFrameworks/RemoteXPC.framework/Versions/A/RemoteXPC
0x00007ff81f64f000 	/System/Library/PrivateFrameworks/MediaKit.framework/Versions/A/MediaKit
0x00007ff81f5a3000 	/System/Library/Frameworks/DiscRecording.framework/Versions/A/DiscRecording
0x00007ff818ee3000 	/usr/lib/libCoreStorage.dylib
0x00007ff821e27000 	/usr/lib/libcsfde.dylib
0x00007ff81c60c000 	/System/Library/PrivateFrameworks/ProtectedCloudStorage.framework/Versions/A/ProtectedCloudStorage
0x00007ff821e23000 	/System/Library/PrivateFrameworks/EFILogin.framework/Versions/A/EFILogin
0x00007ff81fd01000 	/System/Library/PrivateFrameworks/OctagonTrust.framework/Versions/A/OctagonTrust
0x00007ffb125ba000 	/System/Library/PrivateFrameworks/CoreUtilsExtras.framework/Versions/A/CoreUtilsExtras
0x00007ff81f4ca000 	/System/Library/Frameworks/CoreBluetooth.framework/Versions/A/CoreBluetooth
0x00007ff8224b8000 	/System/Library/Frameworks/AudioUnit.framework/Versions/A/AudioUnit
0x00007ff818edb000 	/usr/lib/libMatch.1.dylib
0x00007ff91a6d5000 	/System/Library/CoreServices/RawCamera.bundle/Contents/MacOS/RawCamera
0x00007ff81b8aa000 	/System/Library/PrivateFrameworks/MobileAsset.framework/Versions/A/MobileAsset
0x00007ff8224df000 	/System/Library/PrivateFrameworks/StreamingZip.framework/Versions/A/StreamingZip
0x00007ffb0f8ae000 	/System/Library/PrivateFrameworks/CMPhoto.framework/Versions/A/CMPhoto
0x00007ff820686000 	/System/Library/PrivateFrameworks/AppleVPA.framework/Versions/A/AppleVPA
0x00007ff81a28a000 	/System/Library/Frameworks/MediaToolbox.framework/Versions/A/MediaToolbox
0x00007ff81fb32000 	/System/Library/PrivateFrameworks/CoreAVCHD.framework/Versions/A/CoreAVCHD
0x00007ff81ea07000 	/System/Library/Frameworks/MediaAccessibility.framework/Versions/A/MediaAccessibility
0x00007ff81fb2e000 	/System/Library/PrivateFrameworks/Mangrove.framework/Versions/A/Mangrove
0x00007ff81ea12000 	/System/Library/PrivateFrameworks/AlgosScoreFramework.framework/Versions/A/AlgosScoreFramework
0x00007ff81f773000 	/System/Library/PrivateFrameworks/CoreAUC.framework/Versions/A/CoreAUC
0x00007ff917efe000 	/System/Library/Frameworks/Accelerate.framework/Versions/A/Frameworks/vImage.framework/Versions/A/Libraries/libCGInterfaces.dylib
0x0000000128e22000 	/usr/lib/libobjc-trampolines.dylib
0x00007ff814bac000 	/System/Library/PrivateFrameworks/ViewBridge.framework/Versions/A/ViewBridge
0x0000000130cb6000 	/private/var/folders/d8/ytkn1yr527j_46_g5hgwkt6c0000gn/T/libgdxneelin2/21f66466/libgdx64.dylib
0x0000000130f27000 	/private/var/folders/d8/ytkn1yr527j_46_g5hgwkt6c0000gn/T/lwjglneelin2/3.3.1-build-7/liblwjgl.dylib
0x0000000130fa8000 	/private/var/folders/d8/ytkn1yr527j_46_g5hgwkt6c0000gn/T/lwjglneelin2/3.3.1-build-7/libjemalloc.dylib
0x0000000131204000 	/private/var/folders/d8/ytkn1yr527j_46_g5hgwkt6c0000gn/T/libgdxneelin2/5ae6685c/libglfw.dylib
0x00007ffb25e3a000 	/usr/lib/libRosetta.dylib
0x0000000131a00000 	/private/var/folders/d8/ytkn1yr527j_46_g5hgwkt6c0000gn/T/lwjglneelin2/3.3.1-build-7/libopenal.dylib
0x0000000131248000 	/System/Library/Components/CoreAudio.component/Contents/MacOS/CoreAudio
0x00007ff819631000 	/System/Library/PrivateFrameworks/login.framework/Versions/A/login
0x00007ffa265a8000 	/System/Library/Frameworks/OpenGL.framework/Versions/A/Resources/GLEngine.bundle/GLEngine
0x00007ffa2640e000 	/System/Library/Frameworks/OpenGL.framework/Versions/A/Libraries/libGLProgrammability.dylib
0x00007ffa1f29a000 	/System/Library/Extensions/AppleIntelICLGraphicsGLDriver.bundle/Contents/MacOS/AppleIntelICLGraphicsGLDriver
0x00007ff91da75000 	/System/Library/PrivateFrameworks/GPUSupport.framework/Versions/A/Libraries/libGPUSupportMercury.dylib
0x00007ffa26732000 	/System/Library/Frameworks/OpenGL.framework/Versions/A/Resources/GLRendererFloat.bundle/GLRendererFloat
0x0000000133b81000 	/private/var/folders/d8/ytkn1yr527j_46_g5hgwkt6c0000gn/T/lwjglneelin2/3.3.1-build-7/liblwjgl_opengl.dylib
0x000000013557f000 	/private/var/folders/d8/ytkn1yr527j_46_g5hgwkt6c0000gn/T/libgdxneelin2/ac59848/libjamepad64.dylib
0x00007ffa0fac1000 	/System/Library/Frameworks/ForceFeedback.framework/Versions/A/ForceFeedback
0x0000000135378000 	/System/Library/Extensions/IOHIDFamily.kext/Contents/PlugIns/IOHIDLib.plugin/Contents/MacOS/IOHIDLib
0x00000001353a4000 	/private/var/folders/d8/ytkn1yr527j_46_g5hgwkt6c0000gn/T/libgdxneelin2/1b27cc55/libgdx-box2d64.dylib
0x0000000135c67000 	/private/var/folders/d8/ytkn1yr527j_46_g5hgwkt6c0000gn/T/libgdxneelin2/1bfea2c1/libgdx-freetype64.dylib
0x00007ff81ea43000 	/System/Library/PrivateFrameworks/SystemAdministration.framework/Versions/A/SystemAdministration
0x00007ff81e2f3000 	/System/Library/Frameworks/DirectoryService.framework/Versions/A/DirectoryService
0x00007ff821cc5000 	/System/Library/PrivateFrameworks/DiskImages.framework/Versions/A/DiskImages
0x00007ff817999000 	/System/Library/Frameworks/ServiceManagement.framework/Versions/A/ServiceManagement
0x00007ff821ea1000 	/System/Library/PrivateFrameworks/LoginUIKit.framework/Versions/A/Frameworks/LoginUICore.framework/Versions/A/LoginUICore
0x00007ff8197da000 	/usr/lib/libodfde.dylib
0x00007ff821e33000 	/usr/lib/libcurl.4.dylib
0x00007ffb262a6000 	/usr/lib/libcrypto.46.dylib
0x00007ffb2679b000 	/usr/lib/libssl.48.dylib
0x00007ff821b57000 	/System/Library/Frameworks/LDAP.framework/Versions/A/LDAP
0x00007ff821b8f000 	/System/Library/PrivateFrameworks/TrustEvaluationAgent.framework/Versions/A/TrustEvaluationAgent
0x00007ff81b1db000 	/usr/lib/libsasl2.2.dylib
0x00007ff81ea37000 	/System/Library/PrivateFrameworks/CoreDaemon.framework/Versions/B/CoreDaemon
0x00007ff81ea32000 	/System/Library/PrivateFrameworks/AppleSRP.framework/Versions/A/AppleSRP


VM Arguments:
jvm_args: -Dfile.encoding=UTF-8 -Duser.country=US -Duser.language=en -Duser.variant 
java_command: edu.cornell.gdiac.physics.desktop.DesktopLauncher
java_class_path (initial): /Users/neelin2/coding/cs3152/Physics/desktop/build/classes/java/main:/Users/neelin2/coding/cs3152/Physics/desktop/build/resources/main:/Users/neelin2/coding/cs3152/Physics/dependencies/soundlib.jar:/Users/neelin2/.gradle/caches/modules-2/files-2.1/com.badlogicgames.gdx/gdx-backend-lwjgl3/1.11.0/58a96db4cd349be4292d547856aa1e1c5f065f4e/gdx-backend-lwjgl3-1.11.0.jar:/Users/neelin2/.gradle/caches/modules-2/files-2.1/com.badlogicgames.gdx/gdx-platform/1.11.0/697fb13eada6d3c6ca648c9788692b0159add126/gdx-platform-1.11.0-natives-desktop.jar:/Users/neelin2/.gradle/caches/modules-2/files-2.1/com.badlogicgames.gdx-controllers/gdx-controllers-desktop/2.2.1/cb3430c32468a090eca54d494d16bb3764ceff9b/gdx-controllers-desktop-2.2.1.jar:/Users/neelin2/.gradle/caches/modules-2/files-2.1/com.badlogicgames.gdx/gdx-freetype-platform/1.11.0/420e2c2c206843a0d51010be28a141a1eb946235/gdx-freetype-platform-1.11.0-natives-desktop.jar:/Users/neelin2/.gradle/caches/modules-2/files-2.1/com.badlogicgames.gdx/gdx-box2d-platform/1.11.0/62ff9baa1e57a11e0a4428a38c9660bf9f312fdc/gdx-box2d-platform-1.11.0-natives-desktop.jar:/Users/neelin2/.gradle/caches/modules-2/files-2.1/com.badlogicgames.gdx/gdx-lwjgl3-glfw-awt-macos/1.11.0/853f6c26c55b6a509c04b3c0378cdfbb37fbb269/gdx-lwjgl3-glfw-awt-macos-1.11.0.jar:/Users/neelin2/coding/cs3152/Physics/core/build/libs/core-1.0.jar:/Users/neelin2/.gradle/caches/modules-2/files-2.1/com.badlogicgames.gdx-controllers/gdx-controllers-core/2.2.1/8aca0dc002a8daf6a6d28f49c44e25189dd93fd7/gdx-controllers-core-2.2.1.jar:/Users/neelin2/.gradle/caches/modules-2/files-2.1/com.badlogicgames.gdx/gdx-freetype/1.11.0/a3634ad2e6c56d251268d6ab5c0f66eee2841f2c/gdx-freetype-1.11.0.jar:/Users/neelin2/.gradle/caches/modules-2/files-2.1/com.badlogicgames.gdx/gdx-box2d/1.11.0/ad4facee800dd945d6d6e93dea2936bc135b5f/gdx-box2d-1.11.0.jar:/Users/neelin2/.gradle/caches/modules-2/files-2.1/com.badlogicgames.gdx/gdx/1.11.0/ffe1206d1004cd9e40027e28964be0fea0399af7/gdx-
Launcher Type: SUN_STANDARD

[Global flags]
     intx CICompilerCount                          = 3                                         {product} {ergonomic}
     uint ConcGCThreads                            = 1                                         {product} {ergonomic}
     uint G1ConcRefinementThreads                  = 4                                         {product} {ergonomic}
   size_t G1HeapRegionSize                         = 1048576                                   {product} {ergonomic}
    uintx GCDrainStackTargetSize                   = 64                                        {product} {ergonomic}
   size_t InitialHeapSize                          = 134217728                                 {product} {ergonomic}
   size_t MarkStackSize                            = 4194304                                   {product} {ergonomic}
   size_t MaxHeapSize                              = 2147483648                                {product} {ergonomic}
   size_t MaxNewSize                               = 1287651328                                {product} {ergonomic}
   size_t MinHeapDeltaBytes                        = 1048576                                   {product} {ergonomic}
    uintx NonNMethodCodeHeapSize                   = 5830732                                {pd product} {ergonomic}
    uintx NonProfiledCodeHeapSize                  = 122913754                              {pd product} {ergonomic}
    uintx ProfiledCodeHeapSize                     = 122913754                              {pd product} {ergonomic}
    uintx ReservedCodeCacheSize                    = 251658240                              {pd product} {ergonomic}
     bool SegmentedCodeCache                       = true                                      {product} {ergonomic}
     bool UseCompressedClassPointers               = true                                 {lp64_product} {ergonomic}
     bool UseCompressedOops                        = true                                 {lp64_product} {ergonomic}
     bool UseG1GC                                  = true                                      {product} {ergonomic}

Logging:
Log output configuration:
 #0: stdout all=warning uptime,level,tags
 #1: stderr all=off uptime,level,tags

Environment Variables:
PATH=/Users/neelin2/.opam/cs3110-2022fa/bin:/Library/Frameworks/Python.framework/Versions/3.11/bin:/Library/Frameworks/Python.framework/Versions/3.10/bin:/usr/local/bin:/usr/bin:/bin:/usr/sbin:/sbin:/Library/Apple/usr/bin
SHELL=/bin/zsh
LC_CTYPE=en_US.UTF-8
TMPDIR=/var/folders/d8/ytkn1yr527j_46_g5hgwkt6c0000gn/T/

Signal Handlers:
SIGSEGV: [libjvm.dylib+0x7d3ace], sa_mask[0]=11111111011111110111111111111111, sa_flags=SA_ONSTACK|SA_RESTART|SA_SIGINFO
SIGBUS: [libjvm.dylib+0x7d3ace], sa_mask[0]=11111111011111110111111111111111, sa_flags=SA_RESTART|SA_SIGINFO
SIGFPE: [libjvm.dylib+0x7d3ace], sa_mask[0]=11111111011111110111111111111111, sa_flags=SA_RESTART|SA_SIGINFO
SIGPIPE: [libjvm.dylib+0x636ac4], sa_mask[0]=11111111011111110111111111111111, sa_flags=SA_RESTART|SA_SIGINFO
SIGXFSZ: [libjvm.dylib+0x636ac4], sa_mask[0]=11111111011111110111111111111111, sa_flags=SA_RESTART|SA_SIGINFO
SIGILL: [libjvm.dylib+0x7d3ace], sa_mask[0]=11111111011111110111111111111111, sa_flags=SA_RESTART|SA_SIGINFO
SIGUSR2: [libjvm.dylib+0x6370a2], sa_mask[0]=00100000000000000000000000000000, sa_flags=SA_RESTART|SA_SIGINFO
SIGHUP: [libjvm.dylib+0x635bd1], sa_mask[0]=11111111011111110111111111111111, sa_flags=SA_RESTART|SA_SIGINFO
SIGINT: [libjvm.dylib+0x635bd1], sa_mask[0]=11111111011111110111111111111111, sa_flags=SA_RESTART|SA_SIGINFO
SIGTERM: [libjvm.dylib+0x635bd1], sa_mask[0]=11111111011111110111111111111111, sa_flags=SA_RESTART|SA_SIGINFO
SIGQUIT: [libjvm.dylib+0x635bd1], sa_mask[0]=11111111011111110111111111111111, sa_flags=SA_RESTART|SA_SIGINFO


---------------  S Y S T E M  ---------------

OS:uname:Darwin 21.6.0 Darwin Kernel Version 21.6.0: Wed Aug 10 14:25:27 PDT 2022; root:xnu-8020.141.5~2/RELEASE_X86_64 x86_64
OS uptime: 3 days 2:50 hours
rlimit (soft/hard): STACK 8192k/65532k , CORE 0k/infinity , NPROC 1392/2088 , NOFILE 10240/infinity , AS infinity/infinity , CPU infinity/infinity , DATA infinity/infinity , FSIZE infinity/infinity , MEMLOCK infinity/infinity , RSS infinity/infinity
load average:5.63 6.68 7.53

CPU:total 4 (initial active 4) (2 cores per cpu, 2 threads per core) family 6 model 126 stepping 5 microcode 0xb2, cmov, cx8, fxsr, mmx, sse, sse2, sse3, ssse3, sse4.1, sse4.2, popcnt, avx, avx2, aes, clmul, erms, 3dnowpref, lzcnt, ht, tsc, tscinvbit, bmi1, bmi2, adx, sha, fma

Memory: 4k page, physical 8388608k(22872k free), swap 3145728k(1005056k free)

vm_info: OpenJDK 64-Bit Server VM (11.0.18+10-LTS) for bsd-amd64 JRE (11.0.18+10-LTS), built on Jan 11 2023 00:22:19 by "ec2user" with clang Apple LLVM 13.0.0 (clang-1300.0.29.30)

END.
